warning: virtual workspace defaulting to `resolver = "1"` despite one or more workspace members being on edition 2024 which implies `resolver = "3"`
note: to keep the current resolver, specify `workspace.resolver = "1"` in the workspace root's manifest
note: to use the edition 2024 resolver, specify `workspace.resolver = "3"` in the workspace root's manifest
note: for more details see https://doc.rust-lang.org/cargo/reference/resolver.html#resolver-versions
   0.234351700s  INFO prepare_target{force=false package_id=Xuee v0.1.0 (C:\Users\rno41\Downloads\XUE\ap) target="Xuee"}: cargo::core::compiler::fingerprint: fingerprint error for Xuee v0.1.0 (C:\Users\rno41\Downloads\XUE\ap)/Check { test: false }/TargetInner { name: "Xuee", doc: true, ..: with_path("C:\\Users\\rno41\\Downloads\\XUE\\ap\\src\\main.rs", Edition2021) }
   0.234409600s  INFO prepare_target{force=false package_id=Xuee v0.1.0 (C:\Users\rno41\Downloads\XUE\ap) target="Xuee"}: cargo::core::compiler::fingerprint:     err: failed to read `C:\Users\rno41\Downloads\XUE\target\debug\.fingerprint\Xuee-f2ae51ec0b691e66\bin-Xuee`

Caused by:
    The system cannot find the file specified. (os error 2)

Stack backtrace:
   0: git_midx_writer_dump
   1: git_midx_writer_dump
   2: git_midx_writer_dump
   3: git_midx_writer_dump
   4: git_filter_source_repo
   5: git_filter_source_repo
   6: git_filter_source_repo
   7: git_filter_source_repo
   8: git_filter_source_repo
   9: git_filter_source_repo
  10: git_filter_source_repo
  11: git_libgit2_prerelease
  12: <unknown>
  13: <unknown>
  14: <unknown>
  15: <unknown>
  16: git_midx_writer_dump
  17: git_filter_source_repo
  18: git_midx_writer_dump
  19: BaseThreadInitThunk
  20: RtlUserThreadStart
   0.243868400s  INFO prepare_target{force=false package_id=axum v0.7.9 target="axum"}: cargo::core::compiler::fingerprint: fingerprint error for axum v0.7.9/Check { test: false }/TargetInner { ..: lib_target("axum", ["lib"], "C:\\Users\\rno41\\.cargo\\registry\\src\\index.crates.io-1949cf8c6b5b557f\\axum-0.7.9\\src\\lib.rs", Edition2021) }
   0.243904400s  INFO prepare_target{force=false package_id=axum v0.7.9 target="axum"}: cargo::core::compiler::fingerprint:     err: failed to read `C:\Users\rno41\Downloads\XUE\target\debug\.fingerprint\axum-051fddbc165304c2\lib-axum`

Caused by:
    The system cannot find the file specified. (os error 2)

Stack backtrace:
   0: git_midx_writer_dump
   1: git_midx_writer_dump
   2: git_midx_writer_dump
   3: git_midx_writer_dump
   4: git_filter_source_repo
   5: git_filter_source_repo
   6: git_filter_source_repo
   7: git_filter_source_repo
   8: git_filter_source_repo
   9: git_filter_source_repo
  10: git_filter_source_repo
  11: git_filter_source_repo
  12: git_libgit2_prerelease
  13: <unknown>
  14: <unknown>
  15: <unknown>
  16: <unknown>
  17: git_midx_writer_dump
  18: git_filter_source_repo
  19: git_midx_writer_dump
  20: BaseThreadInitThunk
  21: RtlUserThreadStart
   0.246583600s  INFO prepare_target{force=false package_id=axum-core v0.4.5 target="axum_core"}: cargo::core::compiler::fingerprint: fingerprint error for axum-core v0.4.5/Check { test: false }/TargetInner { ..: lib_target("axum_core", ["lib"], "C:\\Users\\rno41\\.cargo\\registry\\src\\index.crates.io-1949cf8c6b5b557f\\axum-core-0.4.5\\src\\lib.rs", Edition2021) }
   0.246610600s  INFO prepare_target{force=false package_id=axum-core v0.4.5 target="axum_core"}: cargo::core::compiler::fingerprint:     err: failed to read `C:\Users\rno41\Downloads\XUE\target\debug\.fingerprint\axum-core-79795b20c6a6419e\lib-axum_core`

Caused by:
    The system cannot find the file specified. (os error 2)

Stack backtrace:
   0: git_midx_writer_dump
   1: git_midx_writer_dump
   2: git_midx_writer_dump
   3: git_midx_writer_dump
   4: git_filter_source_repo
   5: git_filter_source_repo
   6: git_filter_source_repo
   7: git_filter_source_repo
   8: git_filter_source_repo
   9: git_filter_source_repo
  10: git_filter_source_repo
  11: git_filter_source_repo
  12: git_filter_source_repo
  13: git_libgit2_prerelease
  14: <unknown>
  15: <unknown>
  16: <unknown>
  17: <unknown>
  18: git_midx_writer_dump
  19: git_filter_source_repo
  20: git_midx_writer_dump
  21: BaseThreadInitThunk
  22: RtlUserThreadStart
   0.247159000s  INFO prepare_target{force=false package_id=futures-util v0.3.31 target="futures_util"}: cargo::core::compiler::fingerprint: fingerprint error for futures-util v0.3.31/Check { test: false }/TargetInner { ..: lib_target("futures_util", ["lib"], "C:\\Users\\rno41\\.cargo\\registry\\src\\index.crates.io-1949cf8c6b5b557f\\futures-util-0.3.31\\src\\lib.rs", Edition2018) }
   0.247177500s  INFO prepare_target{force=false package_id=futures-util v0.3.31 target="futures_util"}: cargo::core::compiler::fingerprint:     err: failed to read `C:\Users\rno41\Downloads\XUE\target\debug\.fingerprint\futures-util-86210a87b139111a\lib-futures_util`

Caused by:
    The system cannot find the file specified. (os error 2)

Stack backtrace:
   0: git_midx_writer_dump
   1: git_midx_writer_dump
   2: git_midx_writer_dump
   3: git_midx_writer_dump
   4: git_filter_source_repo
   5: git_filter_source_repo
   6: git_filter_source_repo
   7: git_filter_source_repo
   8: git_filter_source_repo
   9: git_filter_source_repo
  10: git_filter_source_repo
  11: git_filter_source_repo
  12: git_filter_source_repo
  13: git_filter_source_repo
  14: git_libgit2_prerelease
  15: <unknown>
  16: <unknown>
  17: <unknown>
  18: <unknown>
  19: git_midx_writer_dump
  20: git_filter_source_repo
  21: git_midx_writer_dump
  22: BaseThreadInitThunk
  23: RtlUserThreadStart
   0.247722200s  INFO prepare_target{force=false package_id=futures-task v0.3.31 target="futures_task"}: cargo::core::compiler::fingerprint: fingerprint error for futures-task v0.3.31/Check { test: false }/TargetInner { ..: lib_target("futures_task", ["lib"], "C:\\Users\\rno41\\.cargo\\registry\\src\\index.crates.io-1949cf8c6b5b557f\\futures-task-0.3.31\\src\\lib.rs", Edition2018) }
   0.247746600s  INFO prepare_target{force=false package_id=futures-task v0.3.31 target="futures_task"}: cargo::core::compiler::fingerprint:     err: failed to read `C:\Users\rno41\Downloads\XUE\target\debug\.fingerprint\futures-task-1cc1f606de847b07\lib-futures_task`

Caused by:
    The system cannot find the file specified. (os error 2)

Stack backtrace:
   0: git_midx_writer_dump
   1: git_midx_writer_dump
   2: git_midx_writer_dump
   3: git_midx_writer_dump
   4: git_filter_source_repo
   5: git_filter_source_repo
   6: git_filter_source_repo
   7: git_filter_source_repo
   8: git_filter_source_repo
   9: git_filter_source_repo
  10: git_filter_source_repo
  11: git_filter_source_repo
  12: git_filter_source_repo
  13: git_filter_source_repo
  14: git_filter_source_repo
  15: git_libgit2_prerelease
  16: <unknown>
  17: <unknown>
  18: <unknown>
  19: <unknown>
  20: git_midx_writer_dump
  21: git_filter_source_repo
  22: git_midx_writer_dump
  23: BaseThreadInitThunk
  24: RtlUserThreadStart
   0.248335700s  INFO prepare_target{force=false package_id=slab v0.4.11 target="slab"}: cargo::core::compiler::fingerprint: fingerprint error for slab v0.4.11/Check { test: false }/TargetInner { ..: lib_target("slab", ["lib"], "C:\\Users\\rno41\\.cargo\\registry\\src\\index.crates.io-1949cf8c6b5b557f\\slab-0.4.11\\src\\lib.rs", Edition2018) }
   0.248356400s  INFO prepare_target{force=false package_id=slab v0.4.11 target="slab"}: cargo::core::compiler::fingerprint:     err: failed to read `C:\Users\rno41\Downloads\XUE\target\debug\.fingerprint\slab-0f9f7ff82454fdda\lib-slab`

Caused by:
    The system cannot find the file specified. (os error 2)

Stack backtrace:
   0: git_midx_writer_dump
   1: git_midx_writer_dump
   2: git_midx_writer_dump
   3: git_midx_writer_dump
   4: git_filter_source_repo
   5: git_filter_source_repo
   6: git_filter_source_repo
   7: git_filter_source_repo
   8: git_filter_source_repo
   9: git_filter_source_repo
  10: git_filter_source_repo
  11: git_filter_source_repo
  12: git_filter_source_repo
  13: git_filter_source_repo
  14: git_filter_source_repo
  15: git_libgit2_prerelease
  16: <unknown>
  17: <unknown>
  18: <unknown>
  19: <unknown>
  20: git_midx_writer_dump
  21: git_filter_source_repo
  22: git_midx_writer_dump
  23: BaseThreadInitThunk
  24: RtlUserThreadStart
   0.259945600s  INFO prepare_target{force=false package_id=tracing v0.1.44 target="tracing"}: cargo::core::compiler::fingerprint: fingerprint error for tracing v0.1.44/Check { test: false }/TargetInner { ..: lib_target("tracing", ["lib"], "C:\\Users\\rno41\\.cargo\\registry\\src\\index.crates.io-1949cf8c6b5b557f\\tracing-0.1.44\\src\\lib.rs", Edition2018) }
   0.259988100s  INFO prepare_target{force=false package_id=tracing v0.1.44 target="tracing"}: cargo::core::compiler::fingerprint:     err: failed to read `C:\Users\rno41\Downloads\XUE\target\debug\.fingerprint\tracing-b3e65ff7d8de6e9b\lib-tracing`

Caused by:
    The system cannot find the file specified. (os error 2)

Stack backtrace:
   0: git_midx_writer_dump
   1: git_midx_writer_dump
   2: git_midx_writer_dump
   3: git_midx_writer_dump
   4: git_filter_source_repo
   5: git_filter_source_repo
   6: git_filter_source_repo
   7: git_filter_source_repo
   8: git_filter_source_repo
   9: git_filter_source_repo
  10: git_filter_source_repo
  11: git_filter_source_repo
  12: git_filter_source_repo
  13: git_filter_source_repo
  14: git_libgit2_prerelease
  15: <unknown>
  16: <unknown>
  17: <unknown>
  18: <unknown>
  19: git_midx_writer_dump
  20: git_filter_source_repo
  21: git_midx_writer_dump
  22: BaseThreadInitThunk
  23: RtlUserThreadStart
   0.260770000s  INFO prepare_target{force=false package_id=log v0.4.29 target="log"}: cargo::core::compiler::fingerprint: fingerprint error for log v0.4.29/Check { test: false }/TargetInner { ..: lib_target("log", ["lib"], "C:\\Users\\rno41\\.cargo\\registry\\src\\index.crates.io-1949cf8c6b5b557f\\log-0.4.29\\src\\lib.rs", Edition2021) }
   0.260795000s  INFO prepare_target{force=false package_id=log v0.4.29 target="log"}: cargo::core::compiler::fingerprint:     err: failed to read `C:\Users\rno41\Downloads\XUE\target\debug\.fingerprint\log-5afbe6fb4dbaf223\lib-log`

Caused by:
    The system cannot find the file specified. (os error 2)

Stack backtrace:
   0: git_midx_writer_dump
   1: git_midx_writer_dump
   2: git_midx_writer_dump
   3: git_midx_writer_dump
   4: git_filter_source_repo
   5: git_filter_source_repo
   6: git_filter_source_repo
   7: git_filter_source_repo
   8: git_filter_source_repo
   9: git_filter_source_repo
  10: git_filter_source_repo
  11: git_filter_source_repo
  12: git_filter_source_repo
  13: git_filter_source_repo
  14: git_filter_source_repo
  15: git_libgit2_prerelease
  16: <unknown>
  17: <unknown>
  18: <unknown>
  19: <unknown>
  20: git_midx_writer_dump
  21: git_filter_source_repo
  22: git_midx_writer_dump
  23: BaseThreadInitThunk
  24: RtlUserThreadStart
   0.261623100s  INFO prepare_target{force=false package_id=tracing-core v0.1.36 target="tracing_core"}: cargo::core::compiler::fingerprint: fingerprint error for tracing-core v0.1.36/Check { test: false }/TargetInner { ..: lib_target("tracing_core", ["lib"], "C:\\Users\\rno41\\.cargo\\registry\\src\\index.crates.io-1949cf8c6b5b557f\\tracing-core-0.1.36\\src\\lib.rs", Edition2018) }
   0.261644400s  INFO prepare_target{force=false package_id=tracing-core v0.1.36 target="tracing_core"}: cargo::core::compiler::fingerprint:     err: failed to read `C:\Users\rno41\Downloads\XUE\target\debug\.fingerprint\tracing-core-36fa1e86a49d0201\lib-tracing_core`

Caused by:
    The system cannot find the file specified. (os error 2)

Stack backtrace:
   0: git_midx_writer_dump
   1: git_midx_writer_dump
   2: git_midx_writer_dump
   3: git_midx_writer_dump
   4: git_filter_source_repo
   5: git_filter_source_repo
   6: git_filter_source_repo
   7: git_filter_source_repo
   8: git_filter_source_repo
   9: git_filter_source_repo
  10: git_filter_source_repo
  11: git_filter_source_repo
  12: git_filter_source_repo
  13: git_filter_source_repo
  14: git_filter_source_repo
  15: git_libgit2_prerelease
  16: <unknown>
  17: <unknown>
  18: <unknown>
  19: <unknown>
  20: git_midx_writer_dump
  21: git_filter_source_repo
  22: git_midx_writer_dump
  23: BaseThreadInitThunk
  24: RtlUserThreadStart
   0.272145000s  INFO prepare_target{force=false package_id=hyper v1.8.1 target="hyper"}: cargo::core::compiler::fingerprint: fingerprint error for hyper v1.8.1/Check { test: false }/TargetInner { ..: lib_target("hyper", ["lib"], "C:\\Users\\rno41\\.cargo\\registry\\src\\index.crates.io-1949cf8c6b5b557f\\hyper-1.8.1\\src\\lib.rs", Edition2021) }
   0.272186400s  INFO prepare_target{force=false package_id=hyper v1.8.1 target="hyper"}: cargo::core::compiler::fingerprint:     err: failed to read `C:\Users\rno41\Downloads\XUE\target\debug\.fingerprint\hyper-b53452d65807fb4e\lib-hyper`

Caused by:
    The system cannot find the file specified. (os error 2)

Stack backtrace:
   0: git_midx_writer_dump
   1: git_midx_writer_dump
   2: git_midx_writer_dump
   3: git_midx_writer_dump
   4: git_filter_source_repo
   5: git_filter_source_repo
   6: git_filter_source_repo
   7: git_filter_source_repo
   8: git_filter_source_repo
   9: git_filter_source_repo
  10: git_filter_source_repo
  11: git_filter_source_repo
  12: git_filter_source_repo
  13: git_libgit2_prerelease
  14: <unknown>
  15: <unknown>
  16: <unknown>
  17: <unknown>
  18: git_midx_writer_dump
  19: git_filter_source_repo
  20: git_midx_writer_dump
  21: BaseThreadInitThunk
  22: RtlUserThreadStart
   0.324693500s  INFO prepare_target{force=false package_id=tokio v1.49.0 target="tokio"}: cargo::core::compiler::fingerprint: fingerprint error for tokio v1.49.0/Check { test: false }/TargetInner { ..: lib_target("tokio", ["lib"], "C:\\Users\\rno41\\.cargo\\registry\\src\\index.crates.io-1949cf8c6b5b557f\\tokio-1.49.0\\src\\lib.rs", Edition2021) }
   0.324730900s  INFO prepare_target{force=false package_id=tokio v1.49.0 target="tokio"}: cargo::core::compiler::fingerprint:     err: failed to read `C:\Users\rno41\Downloads\XUE\target\debug\.fingerprint\tokio-e4c4de328ba6eb37\lib-tokio`

Caused by:
    The system cannot find the file specified. (os error 2)

Stack backtrace:
   0: git_midx_writer_dump
   1: git_midx_writer_dump
   2: git_midx_writer_dump
   3: git_midx_writer_dump
   4: git_filter_source_repo
   5: git_filter_source_repo
   6: git_filter_source_repo
   7: git_filter_source_repo
   8: git_filter_source_repo
   9: git_filter_source_repo
  10: git_filter_source_repo
  11: git_filter_source_repo
  12: git_filter_source_repo
  13: git_filter_source_repo
  14: git_libgit2_prerelease
  15: <unknown>
  16: <unknown>
  17: <unknown>
  18: <unknown>
  19: git_midx_writer_dump
  20: git_filter_source_repo
  21: git_midx_writer_dump
  22: BaseThreadInitThunk
  23: RtlUserThreadStart
   0.458532800s  INFO prepare_target{force=false package_id=hyper-util v0.1.19 target="hyper_util"}: cargo::core::compiler::fingerprint: fingerprint error for hyper-util v0.1.19/Check { test: false }/TargetInner { ..: lib_target("hyper_util", ["lib"], "C:\\Users\\rno41\\.cargo\\registry\\src\\index.crates.io-1949cf8c6b5b557f\\hyper-util-0.1.19\\src\\lib.rs", Edition2021) }
   0.458585000s  INFO prepare_target{force=false package_id=hyper-util v0.1.19 target="hyper_util"}: cargo::core::compiler::fingerprint:     err: failed to read `C:\Users\rno41\Downloads\XUE\target\debug\.fingerprint\hyper-util-7f3e67ce0f99388e\lib-hyper_util`

Caused by:
    The system cannot find the file specified. (os error 2)

Stack backtrace:
   0: git_midx_writer_dump
   1: git_midx_writer_dump
   2: git_midx_writer_dump
   3: git_midx_writer_dump
   4: git_filter_source_repo
   5: git_filter_source_repo
   6: git_filter_source_repo
   7: git_filter_source_repo
   8: git_filter_source_repo
   9: git_filter_source_repo
  10: git_filter_source_repo
  11: git_filter_source_repo
  12: git_filter_source_repo
  13: git_libgit2_prerelease
  14: <unknown>
  15: <unknown>
  16: <unknown>
  17: <unknown>
  18: git_midx_writer_dump
  19: git_filter_source_repo
  20: git_midx_writer_dump
  21: BaseThreadInitThunk
  22: RtlUserThreadStart
   0.492787300s  INFO prepare_target{force=false package_id=serde v1.0.228 target="serde"}: cargo::core::compiler::fingerprint: fingerprint error for serde v1.0.228/Check { test: false }/TargetInner { ..: lib_target("serde", ["lib"], "C:\\Users\\rno41\\.cargo\\registry\\src\\index.crates.io-1949cf8c6b5b557f\\serde-1.0.228\\src\\lib.rs", Edition2021) }
   0.492831200s  INFO prepare_target{force=false package_id=serde v1.0.228 target="serde"}: cargo::core::compiler::fingerprint:     err: failed to read `C:\Users\rno41\Downloads\XUE\target\debug\.fingerprint\serde-3330498a96aa5809\lib-serde`

Caused by:
    The system cannot find the file specified. (os error 2)

Stack backtrace:
   0: git_midx_writer_dump
   1: git_midx_writer_dump
   2: git_midx_writer_dump
   3: git_midx_writer_dump
   4: git_filter_source_repo
   5: git_filter_source_repo
   6: git_filter_source_repo
   7: git_filter_source_repo
   8: git_filter_source_repo
   9: git_filter_source_repo
  10: git_filter_source_repo
  11: git_filter_source_repo
  12: git_filter_source_repo
  13: git_libgit2_prerelease
  14: <unknown>
  15: <unknown>
  16: <unknown>
  17: <unknown>
  18: git_midx_writer_dump
  19: git_filter_source_repo
  20: git_midx_writer_dump
  21: BaseThreadInitThunk
  22: RtlUserThreadStart
   0.495068200s  INFO prepare_target{force=false package_id=serde_core v1.0.228 target="serde_core"}: cargo::core::compiler::fingerprint: fingerprint error for serde_core v1.0.228/Check { test: false }/TargetInner { ..: lib_target("serde_core", ["lib"], "C:\\Users\\rno41\\.cargo\\registry\\src\\index.crates.io-1949cf8c6b5b557f\\serde_core-1.0.228\\src\\lib.rs", Edition2021) }
   0.495096100s  INFO prepare_target{force=false package_id=serde_core v1.0.228 target="serde_core"}: cargo::core::compiler::fingerprint:     err: failed to read `C:\Users\rno41\Downloads\XUE\target\debug\.fingerprint\serde_core-8284438f024563df\lib-serde_core`

Caused by:
    The system cannot find the file specified. (os error 2)

Stack backtrace:
   0: git_midx_writer_dump
   1: git_midx_writer_dump
   2: git_midx_writer_dump
   3: git_midx_writer_dump
   4: git_filter_source_repo
   5: git_filter_source_repo
   6: git_filter_source_repo
   7: git_filter_source_repo
   8: git_filter_source_repo
   9: git_filter_source_repo
  10: git_filter_source_repo
  11: git_filter_source_repo
  12: git_filter_source_repo
  13: git_filter_source_repo
  14: git_libgit2_prerelease
  15: <unknown>
  16: <unknown>
  17: <unknown>
  18: <unknown>
  19: git_midx_writer_dump
  20: git_filter_source_repo
  21: git_midx_writer_dump
  22: BaseThreadInitThunk
  23: RtlUserThreadStart
   0.497412200s  INFO prepare_target{force=false package_id=serde_json v1.0.149 target="serde_json"}: cargo::core::compiler::fingerprint: fingerprint error for serde_json v1.0.149/Check { test: false }/TargetInner { ..: lib_target("serde_json", ["lib"], "C:\\Users\\rno41\\.cargo\\registry\\src\\index.crates.io-1949cf8c6b5b557f\\serde_json-1.0.149\\src\\lib.rs", Edition2021) }
   0.497444100s  INFO prepare_target{force=false package_id=serde_json v1.0.149 target="serde_json"}: cargo::core::compiler::fingerprint:     err: failed to read `C:\Users\rno41\Downloads\XUE\target\debug\.fingerprint\serde_json-5aa4503dd523fdc0\lib-serde_json`

Caused by:
    The system cannot find the file specified. (os error 2)

Stack backtrace:
   0: git_midx_writer_dump
   1: git_midx_writer_dump
   2: git_midx_writer_dump
   3: git_midx_writer_dump
   4: git_filter_source_repo
   5: git_filter_source_repo
   6: git_filter_source_repo
   7: git_filter_source_repo
   8: git_filter_source_repo
   9: git_filter_source_repo
  10: git_filter_source_repo
  11: git_filter_source_repo
  12: git_filter_source_repo
  13: git_libgit2_prerelease
  14: <unknown>
  15: <unknown>
  16: <unknown>
  17: <unknown>
  18: git_midx_writer_dump
  19: git_filter_source_repo
  20: git_midx_writer_dump
  21: BaseThreadInitThunk
  22: RtlUserThreadStart
   0.511245600s  INFO prepare_target{force=false package_id=serde_path_to_error v0.1.20 target="serde_path_to_error"}: cargo::core::compiler::fingerprint: fingerprint error for serde_path_to_error v0.1.20/Check { test: false }/TargetInner { ..: lib_target("serde_path_to_error", ["lib"], "C:\\Users\\rno41\\.cargo\\registry\\src\\index.crates.io-1949cf8c6b5b557f\\serde_path_to_error-0.1.20\\src\\lib.rs", Edition2021) }
   0.511289400s  INFO prepare_target{force=false package_id=serde_path_to_error v0.1.20 target="serde_path_to_error"}: cargo::core::compiler::fingerprint:     err: failed to read `C:\Users\rno41\Downloads\XUE\target\debug\.fingerprint\serde_path_to_error-15aeaca064b0a1d1\lib-serde_path_to_error`

Caused by:
    The system cannot find the file specified. (os error 2)

Stack backtrace:
   0: git_midx_writer_dump
   1: git_midx_writer_dump
   2: git_midx_writer_dump
   3: git_midx_writer_dump
   4: git_filter_source_repo
   5: git_filter_source_repo
   6: git_filter_source_repo
   7: git_filter_source_repo
   8: git_filter_source_repo
   9: git_filter_source_repo
  10: git_filter_source_repo
  11: git_filter_source_repo
  12: git_filter_source_repo
  13: git_libgit2_prerelease
  14: <unknown>
  15: <unknown>
  16: <unknown>
  17: <unknown>
  18: git_midx_writer_dump
  19: git_filter_source_repo
  20: git_midx_writer_dump
  21: BaseThreadInitThunk
  22: RtlUserThreadStart
   0.512203700s  INFO prepare_target{force=false package_id=serde_urlencoded v0.7.1 target="serde_urlencoded"}: cargo::core::compiler::fingerprint: fingerprint error for serde_urlencoded v0.7.1/Check { test: false }/TargetInner { name_inferred: true, tested: false, ..: lib_target("serde_urlencoded", ["lib"], "C:\\Users\\rno41\\.cargo\\registry\\src\\index.crates.io-1949cf8c6b5b557f\\serde_urlencoded-0.7.1\\src\\lib.rs", Edition2018) }
   0.512242100s  INFO prepare_target{force=false package_id=serde_urlencoded v0.7.1 target="serde_urlencoded"}: cargo::core::compiler::fingerprint:     err: failed to read `C:\Users\rno41\Downloads\XUE\target\debug\.fingerprint\serde_urlencoded-ae375f21925396be\lib-serde_urlencoded`

Caused by:
    The system cannot find the file specified. (os error 2)

Stack backtrace:
   0: git_midx_writer_dump
   1: git_midx_writer_dump
   2: git_midx_writer_dump
   3: git_midx_writer_dump
   4: git_filter_source_repo
   5: git_filter_source_repo
   6: git_filter_source_repo
   7: git_filter_source_repo
   8: git_filter_source_repo
   9: git_filter_source_repo
  10: git_filter_source_repo
  11: git_filter_source_repo
  12: git_filter_source_repo
  13: git_libgit2_prerelease
  14: <unknown>
  15: <unknown>
  16: <unknown>
  17: <unknown>
  18: git_midx_writer_dump
  19: git_filter_source_repo
  20: git_midx_writer_dump
  21: BaseThreadInitThunk
  22: RtlUserThreadStart
   0.539141100s  INFO prepare_target{force=false package_id=tower v0.5.3 target="tower"}: cargo::core::compiler::fingerprint: fingerprint error for tower v0.5.3/Check { test: false }/TargetInner { ..: lib_target("tower", ["lib"], "C:\\Users\\rno41\\.cargo\\registry\\src\\index.crates.io-1949cf8c6b5b557f\\tower-0.5.3\\src\\lib.rs", Edition2018) }
   0.539181000s  INFO prepare_target{force=false package_id=tower v0.5.3 target="tower"}: cargo::core::compiler::fingerprint:     err: failed to read `C:\Users\rno41\Downloads\XUE\target\debug\.fingerprint\tower-8de41ccb4c1a0b28\lib-tower`

Caused by:
    The system cannot find the file specified. (os error 2)

Stack backtrace:
   0: git_midx_writer_dump
   1: git_midx_writer_dump
   2: git_midx_writer_dump
   3: git_midx_writer_dump
   4: git_filter_source_repo
   5: git_filter_source_repo
   6: git_filter_source_repo
   7: git_filter_source_repo
   8: git_filter_source_repo
   9: git_filter_source_repo
  10: git_filter_source_repo
  11: git_filter_source_repo
  12: git_filter_source_repo
  13: git_libgit2_prerelease
  14: <unknown>
  15: <unknown>
  16: <unknown>
  17: <unknown>
  18: git_midx_writer_dump
  19: git_filter_source_repo
  20: git_midx_writer_dump
  21: BaseThreadInitThunk
  22: RtlUserThreadStart
   0.540284600s  INFO prepare_target{force=false package_id=Xuee v0.1.0 (C:\Users\rno41\Downloads\XUE\ap) target="Xuee"}: cargo::core::compiler::fingerprint: fingerprint error for Xuee v0.1.0 (C:\Users\rno41\Downloads\XUE\ap)/Check { test: true }/TargetInner { name: "Xuee", doc: true, ..: with_path("C:\\Users\\rno41\\Downloads\\XUE\\ap\\src\\main.rs", Edition2021) }
   0.540311000s  INFO prepare_target{force=false package_id=Xuee v0.1.0 (C:\Users\rno41\Downloads\XUE\ap) target="Xuee"}: cargo::core::compiler::fingerprint:     err: failed to read `C:\Users\rno41\Downloads\XUE\target\debug\.fingerprint\Xuee-fea5a077818f8b30\test-bin-Xuee`

Caused by:
    The system cannot find the file specified. (os error 2)

Stack backtrace:
   0: git_midx_writer_dump
   1: git_midx_writer_dump
   2: git_midx_writer_dump
   3: git_midx_writer_dump
   4: git_filter_source_repo
   5: git_filter_source_repo
   6: git_filter_source_repo
   7: git_filter_source_repo
   8: git_filter_source_repo
   9: git_filter_source_repo
  10: git_filter_source_repo
  11: git_libgit2_prerelease
  12: <unknown>
  13: <unknown>
  14: <unknown>
  15: <unknown>
  16: git_midx_writer_dump
  17: git_filter_source_repo
  18: git_midx_writer_dump
  19: BaseThreadInitThunk
  20: RtlUserThreadStart
   0.596240600s  INFO prepare_target{force=false package_id=server v0.1.0 (C:\Users\rno41\Downloads\XUE\ap\server) target="server"}: cargo::core::compiler::fingerprint: fingerprint error for server v0.1.0 (C:\Users\rno41\Downloads\XUE\ap\server)/Check { test: false }/TargetInner { name_inferred: true, ..: lib_target("server", ["lib"], "C:\\Users\\rno41\\Downloads\\XUE\\ap\\server\\src\\lib.rs", Edition2024) }
   0.596285600s  INFO prepare_target{force=false package_id=server v0.1.0 (C:\Users\rno41\Downloads\XUE\ap\server) target="server"}: cargo::core::compiler::fingerprint:     err: failed to read `C:\Users\rno41\Downloads\XUE\target\debug\.fingerprint\server-e5a45457c51f2091\lib-server`

Caused by:
    The system cannot find the file specified. (os error 2)

Stack backtrace:
   0: git_midx_writer_dump
   1: git_midx_writer_dump
   2: git_midx_writer_dump
   3: git_midx_writer_dump
   4: git_filter_source_repo
   5: git_filter_source_repo
   6: git_filter_source_repo
   7: git_filter_source_repo
   8: git_filter_source_repo
   9: git_filter_source_repo
  10: git_filter_source_repo
  11: git_libgit2_prerelease
  12: <unknown>
  13: <unknown>
  14: <unknown>
  15: <unknown>
  16: git_midx_writer_dump
  17: git_filter_source_repo
  18: git_midx_writer_dump
  19: BaseThreadInitThunk
  20: RtlUserThreadStart
   0.597891400s  INFO prepare_target{force=false package_id=anyhow v1.0.100 target="anyhow"}: cargo::core::compiler::fingerprint: fingerprint error for anyhow v1.0.100/Check { test: false }/TargetInner { ..: lib_target("anyhow", ["lib"], "C:\\Users\\rno41\\.cargo\\registry\\src\\index.crates.io-1949cf8c6b5b557f\\anyhow-1.0.100\\src\\lib.rs", Edition2018) }
   0.597921800s  INFO prepare_target{force=false package_id=anyhow v1.0.100 target="anyhow"}: cargo::core::compiler::fingerprint:     err: failed to read `C:\Users\rno41\Downloads\XUE\target\debug\.fingerprint\anyhow-a5c5d23410902bd9\lib-anyhow`

Caused by:
    The system cannot find the file specified. (os error 2)

Stack backtrace:
   0: git_midx_writer_dump
   1: git_midx_writer_dump
   2: git_midx_writer_dump
   3: git_midx_writer_dump
   4: git_filter_source_repo
   5: git_filter_source_repo
   6: git_filter_source_repo
   7: git_filter_source_repo
   8: git_filter_source_repo
   9: git_filter_source_repo
  10: git_filter_source_repo
  11: git_filter_source_repo
  12: git_libgit2_prerelease
  13: <unknown>
  14: <unknown>
  15: <unknown>
  16: <unknown>
  17: git_midx_writer_dump
  18: git_filter_source_repo
  19: git_midx_writer_dump
  20: BaseThreadInitThunk
  21: RtlUserThreadStart
   0.599565500s  INFO prepare_target{force=false package_id=argon2 v0.5.3 target="argon2"}: cargo::core::compiler::fingerprint: fingerprint error for argon2 v0.5.3/Check { test: false }/TargetInner { name_inferred: true, ..: lib_target("argon2", ["lib"], "C:\\Users\\rno41\\.cargo\\registry\\src\\index.crates.io-1949cf8c6b5b557f\\argon2-0.5.3\\src\\lib.rs", Edition2021) }
   0.599591300s  INFO prepare_target{force=false package_id=argon2 v0.5.3 target="argon2"}: cargo::core::compiler::fingerprint:     err: failed to read `C:\Users\rno41\Downloads\XUE\target\debug\.fingerprint\argon2-a9e8a6934a7a7af6\lib-argon2`

Caused by:
    The system cannot find the file specified. (os error 2)

Stack backtrace:
   0: git_midx_writer_dump
   1: git_midx_writer_dump
   2: git_midx_writer_dump
   3: git_midx_writer_dump
   4: git_filter_source_repo
   5: git_filter_source_repo
   6: git_filter_source_repo
   7: git_filter_source_repo
   8: git_filter_source_repo
   9: git_filter_source_repo
  10: git_filter_source_repo
  11: git_filter_source_repo
  12: git_libgit2_prerelease
  13: <unknown>
  14: <unknown>
  15: <unknown>
  16: <unknown>
  17: git_midx_writer_dump
  18: git_filter_source_repo
  19: git_midx_writer_dump
  20: BaseThreadInitThunk
  21: RtlUserThreadStart
   0.600232900s  INFO prepare_target{force=false package_id=base64ct v1.8.3 target="base64ct"}: cargo::core::compiler::fingerprint: fingerprint error for base64ct v1.8.3/Check { test: false }/TargetInner { ..: lib_target("base64ct", ["lib"], "C:\\Users\\rno41\\.cargo\\registry\\src\\index.crates.io-1949cf8c6b5b557f\\base64ct-1.8.3\\src\\lib.rs", Edition2024) }
   0.600254700s  INFO prepare_target{force=false package_id=base64ct v1.8.3 target="base64ct"}: cargo::core::compiler::fingerprint:     err: failed to read `C:\Users\rno41\Downloads\XUE\target\debug\.fingerprint\base64ct-e646e02431100f14\lib-base64ct`

Caused by:
    The system cannot find the file specified. (os error 2)

Stack backtrace:
   0: git_midx_writer_dump
   1: git_midx_writer_dump
   2: git_midx_writer_dump
   3: git_midx_writer_dump
   4: git_filter_source_repo
   5: git_filter_source_repo
   6: git_filter_source_repo
   7: git_filter_source_repo
   8: git_filter_source_repo
   9: git_filter_source_repo
  10: git_filter_source_repo
  11: git_filter_source_repo
  12: git_filter_source_repo
  13: git_libgit2_prerelease
  14: <unknown>
  15: <unknown>
  16: <unknown>
  17: <unknown>
  18: git_midx_writer_dump
  19: git_filter_source_repo
  20: git_midx_writer_dump
  21: BaseThreadInitThunk
  22: RtlUserThreadStart
   0.600707500s  INFO prepare_target{force=false package_id=blake2 v0.10.6 target="blake2"}: cargo::core::compiler::fingerprint: fingerprint error for blake2 v0.10.6/Check { test: false }/TargetInner { name_inferred: true, ..: lib_target("blake2", ["lib"], "C:\\Users\\rno41\\.cargo\\registry\\src\\index.crates.io-1949cf8c6b5b557f\\blake2-0.10.6\\src\\lib.rs", Edition2018) }
   0.600727700s  INFO prepare_target{force=false package_id=blake2 v0.10.6 target="blake2"}: cargo::core::compiler::fingerprint:     err: failed to read `C:\Users\rno41\Downloads\XUE\target\debug\.fingerprint\blake2-3152e7cd6982c274\lib-blake2`

Caused by:
    The system cannot find the file specified. (os error 2)

Stack backtrace:
   0: git_midx_writer_dump
   1: git_midx_writer_dump
   2: git_midx_writer_dump
   3: git_midx_writer_dump
   4: git_filter_source_repo
   5: git_filter_source_repo
   6: git_filter_source_repo
   7: git_filter_source_repo
   8: git_filter_source_repo
   9: git_filter_source_repo
  10: git_filter_source_repo
  11: git_filter_source_repo
  12: git_filter_source_repo
  13: git_libgit2_prerelease
  14: <unknown>
  15: <unknown>
  16: <unknown>
  17: <unknown>
  18: git_midx_writer_dump
  19: git_filter_source_repo
  20: git_midx_writer_dump
  21: BaseThreadInitThunk
  22: RtlUserThreadStart
   0.601391400s  INFO prepare_target{force=false package_id=digest v0.10.7 target="digest"}: cargo::core::compiler::fingerprint: fingerprint error for digest v0.10.7/Check { test: false }/TargetInner { name_inferred: true, ..: lib_target("digest", ["lib"], "C:\\Users\\rno41\\.cargo\\registry\\src\\index.crates.io-1949cf8c6b5b557f\\digest-0.10.7\\src\\lib.rs", Edition2018) }
   0.601420700s  INFO prepare_target{force=false package_id=digest v0.10.7 target="digest"}: cargo::core::compiler::fingerprint:     err: failed to read `C:\Users\rno41\Downloads\XUE\target\debug\.fingerprint\digest-ab746968d83026fb\lib-digest`

Caused by:
    The system cannot find the file specified. (os error 2)

Stack backtrace:
   0: git_midx_writer_dump
   1: git_midx_writer_dump
   2: git_midx_writer_dump
   3: git_midx_writer_dump
   4: git_filter_source_repo
   5: git_filter_source_repo
   6: git_filter_source_repo
   7: git_filter_source_repo
   8: git_filter_source_repo
   9: git_filter_source_repo
  10: git_filter_source_repo
  11: git_filter_source_repo
  12: git_filter_source_repo
  13: git_filter_source_repo
  14: git_libgit2_prerelease
  15: <unknown>
  16: <unknown>
  17: <unknown>
  18: <unknown>
  19: git_midx_writer_dump
  20: git_filter_source_repo
  21: git_midx_writer_dump
  22: BaseThreadInitThunk
  23: RtlUserThreadStart
   0.602041200s  INFO prepare_target{force=false package_id=block-buffer v0.10.4 target="block_buffer"}: cargo::core::compiler::fingerprint: fingerprint error for block-buffer v0.10.4/Check { test: false }/TargetInner { name_inferred: true, ..: lib_target("block_buffer", ["lib"], "C:\\Users\\rno41\\.cargo\\registry\\src\\index.crates.io-1949cf8c6b5b557f\\block-buffer-0.10.4\\src\\lib.rs", Edition2018) }
   0.602068800s  INFO prepare_target{force=false package_id=block-buffer v0.10.4 target="block_buffer"}: cargo::core::compiler::fingerprint:     err: failed to read `C:\Users\rno41\Downloads\XUE\target\debug\.fingerprint\block-buffer-91e18eb0fc3fcf9f\lib-block_buffer`

Caused by:
    The system cannot find the file specified. (os error 2)

Stack backtrace:
   0: git_midx_writer_dump
   1: git_midx_writer_dump
   2: git_midx_writer_dump
   3: git_midx_writer_dump
   4: git_filter_source_repo
   5: git_filter_source_repo
   6: git_filter_source_repo
   7: git_filter_source_repo
   8: git_filter_source_repo
   9: git_filter_source_repo
  10: git_filter_source_repo
  11: git_filter_source_repo
  12: git_filter_source_repo
  13: git_filter_source_repo
  14: git_filter_source_repo
  15: git_libgit2_prerelease
  16: <unknown>
  17: <unknown>
  18: <unknown>
  19: <unknown>
  20: git_midx_writer_dump
  21: git_filter_source_repo
  22: git_midx_writer_dump
  23: BaseThreadInitThunk
  24: RtlUserThreadStart
   0.602787900s  INFO prepare_target{force=false package_id=generic-array v0.14.7 target="generic_array"}: cargo::core::compiler::fingerprint: fingerprint error for generic-array v0.14.7/Check { test: false }/TargetInner { ..: lib_target("generic_array", ["lib"], "C:\\Users\\rno41\\.cargo\\registry\\src\\index.crates.io-1949cf8c6b5b557f\\generic-array-0.14.7\\src\\lib.rs", Edition2015) }
   0.602814200s  INFO prepare_target{force=false package_id=generic-array v0.14.7 target="generic_array"}: cargo::core::compiler::fingerprint:     err: failed to read `C:\Users\rno41\Downloads\XUE\target\debug\.fingerprint\generic-array-5a59744292a8b15a\lib-generic_array`

Caused by:
    The system cannot find the file specified. (os error 2)

Stack backtrace:
   0: git_midx_writer_dump
   1: git_midx_writer_dump
   2: git_midx_writer_dump
   3: git_midx_writer_dump
   4: git_filter_source_repo
   5: git_filter_source_repo
   6: git_filter_source_repo
   7: git_filter_source_repo
   8: git_filter_source_repo
   9: git_filter_source_repo
  10: git_filter_source_repo
  11: git_filter_source_repo
  12: git_filter_source_repo
  13: git_filter_source_repo
  14: git_filter_source_repo
  15: git_filter_source_repo
  16: git_libgit2_prerelease
  17: <unknown>
  18: <unknown>
  19: <unknown>
  20: <unknown>
  21: git_midx_writer_dump
  22: git_filter_source_repo
  23: git_midx_writer_dump
  24: BaseThreadInitThunk
  25: RtlUserThreadStart
   0.604999700s  INFO prepare_target{force=false package_id=typenum v1.19.0 target="typenum"}: cargo::core::compiler::fingerprint: fingerprint error for typenum v1.19.0/Check { test: false }/TargetInner { ..: lib_target("typenum", ["lib"], "C:\\Users\\rno41\\.cargo\\registry\\src\\index.crates.io-1949cf8c6b5b557f\\typenum-1.19.0\\src\\lib.rs", Edition2018) }
   0.605027400s  INFO prepare_target{force=false package_id=typenum v1.19.0 target="typenum"}: cargo::core::compiler::fingerprint:     err: failed to read `C:\Users\rno41\Downloads\XUE\target\debug\.fingerprint\typenum-a29e1c3bbbd97c79\lib-typenum`

Caused by:
    The system cannot find the file specified. (os error 2)

Stack backtrace:
   0: git_midx_writer_dump
   1: git_midx_writer_dump
   2: git_midx_writer_dump
   3: git_midx_writer_dump
   4: git_filter_source_repo
   5: git_filter_source_repo
   6: git_filter_source_repo
   7: git_filter_source_repo
   8: git_filter_source_repo
   9: git_filter_source_repo
  10: git_filter_source_repo
  11: git_filter_source_repo
  12: git_filter_source_repo
  13: git_filter_source_repo
  14: git_filter_source_repo
  15: git_filter_source_repo
  16: git_filter_source_repo
  17: git_libgit2_prerelease
  18: <unknown>
  19: <unknown>
  20: <unknown>
  21: <unknown>
  22: git_midx_writer_dump
  23: git_filter_source_repo
  24: git_midx_writer_dump
  25: BaseThreadInitThunk
  26: RtlUserThreadStart
   0.607184500s  INFO prepare_target{force=false package_id=crypto-common v0.1.7 target="crypto_common"}: cargo::core::compiler::fingerprint: fingerprint error for crypto-common v0.1.7/Check { test: false }/TargetInner { ..: lib_target("crypto_common", ["lib"], "C:\\Users\\rno41\\.cargo\\registry\\src\\index.crates.io-1949cf8c6b5b557f\\crypto-common-0.1.7\\src\\lib.rs", Edition2018) }
   0.607218800s  INFO prepare_target{force=false package_id=crypto-common v0.1.7 target="crypto_common"}: cargo::core::compiler::fingerprint:     err: failed to read `C:\Users\rno41\Downloads\XUE\target\debug\.fingerprint\crypto-common-07f8d85b7bdd6b25\lib-crypto_common`

Caused by:
    The system cannot find the file specified. (os error 2)

Stack backtrace:
   0: git_midx_writer_dump
   1: git_midx_writer_dump
   2: git_midx_writer_dump
   3: git_midx_writer_dump
   4: git_filter_source_repo
   5: git_filter_source_repo
   6: git_filter_source_repo
   7: git_filter_source_repo
   8: git_filter_source_repo
   9: git_filter_source_repo
  10: git_filter_source_repo
  11: git_filter_source_repo
  12: git_filter_source_repo
  13: git_filter_source_repo
  14: git_filter_source_repo
  15: git_libgit2_prerelease
  16: <unknown>
  17: <unknown>
  18: <unknown>
  19: <unknown>
  20: git_midx_writer_dump
  21: git_filter_source_repo
  22: git_midx_writer_dump
  23: BaseThreadInitThunk
  24: RtlUserThreadStart
   0.607809500s  INFO prepare_target{force=false package_id=subtle v2.6.1 target="subtle"}: cargo::core::compiler::fingerprint: fingerprint error for subtle v2.6.1/Check { test: false }/TargetInner { ..: lib_target("subtle", ["lib"], "C:\\Users\\rno41\\.cargo\\registry\\src\\index.crates.io-1949cf8c6b5b557f\\subtle-2.6.1\\src\\lib.rs", Edition2018) }
   0.607832100s  INFO prepare_target{force=false package_id=subtle v2.6.1 target="subtle"}: cargo::core::compiler::fingerprint:     err: failed to read `C:\Users\rno41\Downloads\XUE\target\debug\.fingerprint\subtle-927515f1fbc2d050\lib-subtle`

Caused by:
    The system cannot find the file specified. (os error 2)

Stack backtrace:
   0: git_midx_writer_dump
   1: git_midx_writer_dump
   2: git_midx_writer_dump
   3: git_midx_writer_dump
   4: git_filter_source_repo
   5: git_filter_source_repo
   6: git_filter_source_repo
   7: git_filter_source_repo
   8: git_filter_source_repo
   9: git_filter_source_repo
  10: git_filter_source_repo
  11: git_filter_source_repo
  12: git_filter_source_repo
  13: git_filter_source_repo
  14: git_filter_source_repo
  15: git_libgit2_prerelease
  16: <unknown>
  17: <unknown>
  18: <unknown>
  19: <unknown>
  20: git_midx_writer_dump
  21: git_filter_source_repo
  22: git_midx_writer_dump
  23: BaseThreadInitThunk
  24: RtlUserThreadStart
   0.609024500s  INFO prepare_target{force=false package_id=cpufeatures v0.2.17 target="cpufeatures"}: cargo::core::compiler::fingerprint: fingerprint error for cpufeatures v0.2.17/Check { test: false }/TargetInner { ..: lib_target("cpufeatures", ["lib"], "C:\\Users\\rno41\\.cargo\\registry\\src\\index.crates.io-1949cf8c6b5b557f\\cpufeatures-0.2.17\\src\\lib.rs", Edition2018) }
   0.609059600s  INFO prepare_target{force=false package_id=cpufeatures v0.2.17 target="cpufeatures"}: cargo::core::compiler::fingerprint:     err: failed to read `C:\Users\rno41\Downloads\XUE\target\debug\.fingerprint\cpufeatures-2d06f808ab84972d\lib-cpufeatures`

Caused by:
    The system cannot find the file specified. (os error 2)

Stack backtrace:
   0: git_midx_writer_dump
   1: git_midx_writer_dump
   2: git_midx_writer_dump
   3: git_midx_writer_dump
   4: git_filter_source_repo
   5: git_filter_source_repo
   6: git_filter_source_repo
   7: git_filter_source_repo
   8: git_filter_source_repo
   9: git_filter_source_repo
  10: git_filter_source_repo
  11: git_filter_source_repo
  12: git_filter_source_repo
  13: git_libgit2_prerelease
  14: <unknown>
  15: <unknown>
  16: <unknown>
  17: <unknown>
  18: git_midx_writer_dump
  19: git_filter_source_repo
  20: git_midx_writer_dump
  21: BaseThreadInitThunk
  22: RtlUserThreadStart
   0.610014000s  INFO prepare_target{force=false package_id=password-hash v0.5.0 target="password_hash"}: cargo::core::compiler::fingerprint: fingerprint error for password-hash v0.5.0/Check { test: false }/TargetInner { name_inferred: true, ..: lib_target("password_hash", ["lib"], "C:\\Users\\rno41\\.cargo\\registry\\src\\index.crates.io-1949cf8c6b5b557f\\password-hash-0.5.0\\src\\lib.rs", Edition2021) }
   0.610045900s  INFO prepare_target{force=false package_id=password-hash v0.5.0 target="password_hash"}: cargo::core::compiler::fingerprint:     err: failed to read `C:\Users\rno41\Downloads\XUE\target\debug\.fingerprint\password-hash-4c135e0cf4c80202\lib-password_hash`

Caused by:
    The system cannot find the file specified. (os error 2)

Stack backtrace:
   0: git_midx_writer_dump
   1: git_midx_writer_dump
   2: git_midx_writer_dump
   3: git_midx_writer_dump
   4: git_filter_source_repo
   5: git_filter_source_repo
   6: git_filter_source_repo
   7: git_filter_source_repo
   8: git_filter_source_repo
   9: git_filter_source_repo
  10: git_filter_source_repo
  11: git_filter_source_repo
  12: git_filter_source_repo
  13: git_libgit2_prerelease
  14: <unknown>
  15: <unknown>
  16: <unknown>
  17: <unknown>
  18: git_midx_writer_dump
  19: git_filter_source_repo
  20: git_midx_writer_dump
  21: BaseThreadInitThunk
  22: RtlUserThreadStart
   0.610823100s  INFO prepare_target{force=false package_id=rand_core v0.6.4 target="rand_core"}: cargo::core::compiler::fingerprint: fingerprint error for rand_core v0.6.4/Check { test: false }/TargetInner { name_inferred: true, ..: lib_target("rand_core", ["lib"], "C:\\Users\\rno41\\.cargo\\registry\\src\\index.crates.io-1949cf8c6b5b557f\\rand_core-0.6.4\\src\\lib.rs", Edition2018) }
   0.610865800s  INFO prepare_target{force=false package_id=rand_core v0.6.4 target="rand_core"}: cargo::core::compiler::fingerprint:     err: failed to read `C:\Users\rno41\Downloads\XUE\target\debug\.fingerprint\rand_core-c1db85c9e159a2f7\lib-rand_core`

Caused by:
    The system cannot find the file specified. (os error 2)

Stack backtrace:
   0: git_midx_writer_dump
   1: git_midx_writer_dump
   2: git_midx_writer_dump
   3: git_midx_writer_dump
   4: git_filter_source_repo
   5: git_filter_source_repo
   6: git_filter_source_repo
   7: git_filter_source_repo
   8: git_filter_source_repo
   9: git_filter_source_repo
  10: git_filter_source_repo
  11: git_filter_source_repo
  12: git_filter_source_repo
  13: git_filter_source_repo
  14: git_libgit2_prerelease
  15: <unknown>
  16: <unknown>
  17: <unknown>
  18: <unknown>
  19: git_midx_writer_dump
  20: git_filter_source_repo
  21: git_midx_writer_dump
  22: BaseThreadInitThunk
  23: RtlUserThreadStart
   0.611748400s  INFO prepare_target{force=false package_id=getrandom v0.2.17 target="getrandom"}: cargo::core::compiler::fingerprint: fingerprint error for getrandom v0.2.17/Check { test: false }/TargetInner { ..: lib_target("getrandom", ["lib"], "C:\\Users\\rno41\\.cargo\\registry\\src\\index.crates.io-1949cf8c6b5b557f\\getrandom-0.2.17\\src\\lib.rs", Edition2018) }
   0.611784600s  INFO prepare_target{force=false package_id=getrandom v0.2.17 target="getrandom"}: cargo::core::compiler::fingerprint:     err: failed to read `C:\Users\rno41\Downloads\XUE\target\debug\.fingerprint\getrandom-9b2ee37f64a2115e\lib-getrandom`

Caused by:
    The system cannot find the file specified. (os error 2)

Stack backtrace:
   0: git_midx_writer_dump
   1: git_midx_writer_dump
   2: git_midx_writer_dump
   3: git_midx_writer_dump
   4: git_filter_source_repo
   5: git_filter_source_repo
   6: git_filter_source_repo
   7: git_filter_source_repo
   8: git_filter_source_repo
   9: git_filter_source_repo
  10: git_filter_source_repo
  11: git_filter_source_repo
  12: git_filter_source_repo
  13: git_filter_source_repo
  14: git_filter_source_repo
  15: git_libgit2_prerelease
  16: <unknown>
  17: <unknown>
  18: <unknown>
  19: <unknown>
  20: git_midx_writer_dump
  21: git_filter_source_repo
  22: git_midx_writer_dump
  23: BaseThreadInitThunk
  24: RtlUserThreadStart
   0.612574800s  INFO prepare_target{force=false package_id=axum v0.8.8 target="axum"}: cargo::core::compiler::fingerprint: fingerprint error for axum v0.8.8/Check { test: false }/TargetInner { ..: lib_target("axum", ["lib"], "C:\\Users\\rno41\\.cargo\\registry\\src\\index.crates.io-1949cf8c6b5b557f\\axum-0.8.8\\src\\lib.rs", Edition2021) }
   0.612603600s  INFO prepare_target{force=false package_id=axum v0.8.8 target="axum"}: cargo::core::compiler::fingerprint:     err: failed to read `C:\Users\rno41\Downloads\XUE\target\debug\.fingerprint\axum-d26cbd7a0ecfabb9\lib-axum`

Caused by:
    The system cannot find the file specified. (os error 2)

Stack backtrace:
   0: git_midx_writer_dump
   1: git_midx_writer_dump
   2: git_midx_writer_dump
   3: git_midx_writer_dump
   4: git_filter_source_repo
   5: git_filter_source_repo
   6: git_filter_source_repo
   7: git_filter_source_repo
   8: git_filter_source_repo
   9: git_filter_source_repo
  10: git_filter_source_repo
  11: git_filter_source_repo
  12: git_libgit2_prerelease
  13: <unknown>
  14: <unknown>
  15: <unknown>
  16: <unknown>
  17: git_midx_writer_dump
  18: git_filter_source_repo
  19: git_midx_writer_dump
  20: BaseThreadInitThunk
  21: RtlUserThreadStart
   0.614056700s  INFO prepare_target{force=false package_id=axum-core v0.5.6 target="axum_core"}: cargo::core::compiler::fingerprint: fingerprint error for axum-core v0.5.6/Check { test: false }/TargetInner { ..: lib_target("axum_core", ["lib"], "C:\\Users\\rno41\\.cargo\\registry\\src\\index.crates.io-1949cf8c6b5b557f\\axum-core-0.5.6\\src\\lib.rs", Edition2021) }
   0.614093000s  INFO prepare_target{force=false package_id=axum-core v0.5.6 target="axum_core"}: cargo::core::compiler::fingerprint:     err: failed to read `C:\Users\rno41\Downloads\XUE\target\debug\.fingerprint\axum-core-ff9b04a64dfefe8a\lib-axum_core`

Caused by:
    The system cannot find the file specified. (os error 2)

Stack backtrace:
   0: git_midx_writer_dump
   1: git_midx_writer_dump
   2: git_midx_writer_dump
   3: git_midx_writer_dump
   4: git_filter_source_repo
   5: git_filter_source_repo
   6: git_filter_source_repo
   7: git_filter_source_repo
   8: git_filter_source_repo
   9: git_filter_source_repo
  10: git_filter_source_repo
  11: git_filter_source_repo
  12: git_filter_source_repo
  13: git_libgit2_prerelease
  14: <unknown>
  15: <unknown>
  16: <unknown>
  17: <unknown>
  18: git_midx_writer_dump
  19: git_filter_source_repo
  20: git_midx_writer_dump
  21: BaseThreadInitThunk
  22: RtlUserThreadStart
   0.615056200s  INFO prepare_target{force=false package_id=matchit v0.8.4 target="matchit"}: cargo::core::compiler::fingerprint: fingerprint error for matchit v0.8.4/Check { test: false }/TargetInner { name_inferred: true, ..: lib_target("matchit", ["lib"], "C:\\Users\\rno41\\.cargo\\registry\\src\\index.crates.io-1949cf8c6b5b557f\\matchit-0.8.4\\src\\lib.rs", Edition2021) }
   0.615108100s  INFO prepare_target{force=false package_id=matchit v0.8.4 target="matchit"}: cargo::core::compiler::fingerprint:     err: failed to read `C:\Users\rno41\Downloads\XUE\target\debug\.fingerprint\matchit-18b1aeba97a9e867\lib-matchit`

Caused by:
    The system cannot find the file specified. (os error 2)

Stack backtrace:
   0: git_midx_writer_dump
   1: git_midx_writer_dump
   2: git_midx_writer_dump
   3: git_midx_writer_dump
   4: git_filter_source_repo
   5: git_filter_source_repo
   6: git_filter_source_repo
   7: git_filter_source_repo
   8: git_filter_source_repo
   9: git_filter_source_repo
  10: git_filter_source_repo
  11: git_filter_source_repo
  12: git_filter_source_repo
  13: git_libgit2_prerelease
  14: <unknown>
  15: <unknown>
  16: <unknown>
  17: <unknown>
  18: git_midx_writer_dump
  19: git_filter_source_repo
  20: git_midx_writer_dump
  21: BaseThreadInitThunk
  22: RtlUserThreadStart
   0.616010300s  INFO prepare_target{force=false package_id=axum-extra v0.12.5 target="axum_extra"}: cargo::core::compiler::fingerprint: fingerprint error for axum-extra v0.12.5/Check { test: false }/TargetInner { ..: lib_target("axum_extra", ["lib"], "C:\\Users\\rno41\\.cargo\\registry\\src\\index.crates.io-1949cf8c6b5b557f\\axum-extra-0.12.5\\src\\lib.rs", Edition2021) }
   0.616047000s  INFO prepare_target{force=false package_id=axum-extra v0.12.5 target="axum_extra"}: cargo::core::compiler::fingerprint:     err: failed to read `C:\Users\rno41\Downloads\XUE\target\debug\.fingerprint\axum-extra-8fc0f3702a076d0a\lib-axum_extra`

Caused by:
    The system cannot find the file specified. (os error 2)

Stack backtrace:
   0: git_midx_writer_dump
   1: git_midx_writer_dump
   2: git_midx_writer_dump
   3: git_midx_writer_dump
   4: git_filter_source_repo
   5: git_filter_source_repo
   6: git_filter_source_repo
   7: git_filter_source_repo
   8: git_filter_source_repo
   9: git_filter_source_repo
  10: git_filter_source_repo
  11: git_filter_source_repo
  12: git_libgit2_prerelease
  13: <unknown>
  14: <unknown>
  15: <unknown>
  16: <unknown>
  17: git_midx_writer_dump
  18: git_filter_source_repo
  19: git_midx_writer_dump
  20: BaseThreadInitThunk
  21: RtlUserThreadStart
   0.617302000s  INFO prepare_target{force=false package_id=cookie v0.18.1 target="cookie"}: cargo::core::compiler::fingerprint: fingerprint error for cookie v0.18.1/Check { test: false }/TargetInner { name_inferred: true, ..: lib_target("cookie", ["lib"], "C:\\Users\\rno41\\.cargo\\registry\\src\\index.crates.io-1949cf8c6b5b557f\\cookie-0.18.1\\src\\lib.rs", Edition2018) }
   0.617341600s  INFO prepare_target{force=false package_id=cookie v0.18.1 target="cookie"}: cargo::core::compiler::fingerprint:     err: failed to read `C:\Users\rno41\Downloads\XUE\target\debug\.fingerprint\cookie-27480959617aa533\lib-cookie`

Caused by:
    The system cannot find the file specified. (os error 2)

Stack backtrace:
   0: git_midx_writer_dump
   1: git_midx_writer_dump
   2: git_midx_writer_dump
   3: git_midx_writer_dump
   4: git_filter_source_repo
   5: git_filter_source_repo
   6: git_filter_source_repo
   7: git_filter_source_repo
   8: git_filter_source_repo
   9: git_filter_source_repo
  10: git_filter_source_repo
  11: git_filter_source_repo
  12: git_filter_source_repo
  13: git_libgit2_prerelease
  14: <unknown>
  15: <unknown>
  16: <unknown>
  17: <unknown>
  18: git_midx_writer_dump
  19: git_filter_source_repo
  20: git_midx_writer_dump
  21: BaseThreadInitThunk
  22: RtlUserThreadStart
   0.620230200s  INFO prepare_target{force=false package_id=time v0.3.45 target="time"}: cargo::core::compiler::fingerprint: fingerprint error for time v0.3.45/Check { test: false }/TargetInner { benched: false, ..: lib_target("time", ["lib"], "C:\\Users\\rno41\\.cargo\\registry\\src\\index.crates.io-1949cf8c6b5b557f\\time-0.3.45\\src\\lib.rs", Edition2021) }
   0.620283100s  INFO prepare_target{force=false package_id=time v0.3.45 target="time"}: cargo::core::compiler::fingerprint:     err: failed to read `C:\Users\rno41\Downloads\XUE\target\debug\.fingerprint\time-d57b8209eed54ddf\lib-time`

Caused by:
    The system cannot find the file specified. (os error 2)

Stack backtrace:
   0: git_midx_writer_dump
   1: git_midx_writer_dump
   2: git_midx_writer_dump
   3: git_midx_writer_dump
   4: git_filter_source_repo
   5: git_filter_source_repo
   6: git_filter_source_repo
   7: git_filter_source_repo
   8: git_filter_source_repo
   9: git_filter_source_repo
  10: git_filter_source_repo
  11: git_filter_source_repo
  12: git_filter_source_repo
  13: git_filter_source_repo
  14: git_libgit2_prerelease
  15: <unknown>
  16: <unknown>
  17: <unknown>
  18: <unknown>
  19: git_midx_writer_dump
  20: git_filter_source_repo
  21: git_midx_writer_dump
  22: BaseThreadInitThunk
  23: RtlUserThreadStart
   0.621238400s  INFO prepare_target{force=false package_id=deranged v0.5.5 target="deranged"}: cargo::core::compiler::fingerprint: fingerprint error for deranged v0.5.5/Check { test: false }/TargetInner { ..: lib_target("deranged", ["lib"], "C:\\Users\\rno41\\.cargo\\registry\\src\\index.crates.io-1949cf8c6b5b557f\\deranged-0.5.5\\src\\lib.rs", Edition2021) }
   0.621271200s  INFO prepare_target{force=false package_id=deranged v0.5.5 target="deranged"}: cargo::core::compiler::fingerprint:     err: failed to read `C:\Users\rno41\Downloads\XUE\target\debug\.fingerprint\deranged-45ae5ec7f60b6f8c\lib-deranged`

Caused by:
    The system cannot find the file specified. (os error 2)

Stack backtrace:
   0: git_midx_writer_dump
   1: git_midx_writer_dump
   2: git_midx_writer_dump
   3: git_midx_writer_dump
   4: git_filter_source_repo
   5: git_filter_source_repo
   6: git_filter_source_repo
   7: git_filter_source_repo
   8: git_filter_source_repo
   9: git_filter_source_repo
  10: git_filter_source_repo
  11: git_filter_source_repo
  12: git_filter_source_repo
  13: git_filter_source_repo
  14: git_filter_source_repo
  15: git_libgit2_prerelease
  16: <unknown>
  17: <unknown>
  18: <unknown>
  19: <unknown>
  20: git_midx_writer_dump
  21: git_filter_source_repo
  22: git_midx_writer_dump
  23: BaseThreadInitThunk
  24: RtlUserThreadStart
   0.622097200s  INFO prepare_target{force=false package_id=powerfmt v0.2.0 target="powerfmt"}: cargo::core::compiler::fingerprint: fingerprint error for powerfmt v0.2.0/Check { test: false }/TargetInner { name_inferred: true, ..: lib_target("powerfmt", ["lib"], "C:\\Users\\rno41\\.cargo\\registry\\src\\index.crates.io-1949cf8c6b5b557f\\powerfmt-0.2.0\\src\\lib.rs", Edition2021) }
   0.622122000s  INFO prepare_target{force=false package_id=powerfmt v0.2.0 target="powerfmt"}: cargo::core::compiler::fingerprint:     err: failed to read `C:\Users\rno41\Downloads\XUE\target\debug\.fingerprint\powerfmt-d58519c2b9e4ee44\lib-powerfmt`

Caused by:
    The system cannot find the file specified. (os error 2)

Stack backtrace:
   0: git_midx_writer_dump
   1: git_midx_writer_dump
   2: git_midx_writer_dump
   3: git_midx_writer_dump
   4: git_filter_source_repo
   5: git_filter_source_repo
   6: git_filter_source_repo
   7: git_filter_source_repo
   8: git_filter_source_repo
   9: git_filter_source_repo
  10: git_filter_source_repo
  11: git_filter_source_repo
  12: git_filter_source_repo
  13: git_filter_source_repo
  14: git_filter_source_repo
  15: git_filter_source_repo
  16: git_libgit2_prerelease
  17: <unknown>
  18: <unknown>
  19: <unknown>
  20: <unknown>
  21: git_midx_writer_dump
  22: git_filter_source_repo
  23: git_midx_writer_dump
  24: BaseThreadInitThunk
  25: RtlUserThreadStart
   0.622801100s  INFO prepare_target{force=false package_id=num-conv v0.1.0 target="num_conv"}: cargo::core::compiler::fingerprint: fingerprint error for num-conv v0.1.0/Check { test: false }/TargetInner { name_inferred: true, ..: lib_target("num_conv", ["lib"], "C:\\Users\\rno41\\.cargo\\registry\\src\\index.crates.io-1949cf8c6b5b557f\\num-conv-0.1.0\\src\\lib.rs", Edition2021) }
   0.622824000s  INFO prepare_target{force=false package_id=num-conv v0.1.0 target="num_conv"}: cargo::core::compiler::fingerprint:     err: failed to read `C:\Users\rno41\Downloads\XUE\target\debug\.fingerprint\num-conv-98039d24e65a83a2\lib-num_conv`

Caused by:
    The system cannot find the file specified. (os error 2)

Stack backtrace:
   0: git_midx_writer_dump
   1: git_midx_writer_dump
   2: git_midx_writer_dump
   3: git_midx_writer_dump
   4: git_filter_source_repo
   5: git_filter_source_repo
   6: git_filter_source_repo
   7: git_filter_source_repo
   8: git_filter_source_repo
   9: git_filter_source_repo
  10: git_filter_source_repo
  11: git_filter_source_repo
  12: git_filter_source_repo
  13: git_filter_source_repo
  14: git_filter_source_repo
  15: git_libgit2_prerelease
  16: <unknown>
  17: <unknown>
  18: <unknown>
  19: <unknown>
  20: git_midx_writer_dump
  21: git_filter_source_repo
  22: git_midx_writer_dump
  23: BaseThreadInitThunk
  24: RtlUserThreadStart
   0.623420100s  INFO prepare_target{force=false package_id=time-core v0.1.7 target="time_core"}: cargo::core::compiler::fingerprint: fingerprint error for time-core v0.1.7/Check { test: false }/TargetInner { ..: lib_target("time_core", ["lib"], "C:\\Users\\rno41\\.cargo\\registry\\src\\index.crates.io-1949cf8c6b5b557f\\time-core-0.1.7\\src\\lib.rs", Edition2021) }
   0.623442700s  INFO prepare_target{force=false package_id=time-core v0.1.7 target="time_core"}: cargo::core::compiler::fingerprint:     err: failed to read `C:\Users\rno41\Downloads\XUE\target\debug\.fingerprint\time-core-60ee3b11325e1014\lib-time_core`

Caused by:
    The system cannot find the file specified. (os error 2)

Stack backtrace:
   0: git_midx_writer_dump
   1: git_midx_writer_dump
   2: git_midx_writer_dump
   3: git_midx_writer_dump
   4: git_filter_source_repo
   5: git_filter_source_repo
   6: git_filter_source_repo
   7: git_filter_source_repo
   8: git_filter_source_repo
   9: git_filter_source_repo
  10: git_filter_source_repo
  11: git_filter_source_repo
  12: git_filter_source_repo
  13: git_filter_source_repo
  14: git_filter_source_repo
  15: git_libgit2_prerelease
  16: <unknown>
  17: <unknown>
  18: <unknown>
  19: <unknown>
  20: git_midx_writer_dump
  21: git_filter_source_repo
  22: git_midx_writer_dump
  23: BaseThreadInitThunk
  24: RtlUserThreadStart
   0.624719700s  INFO prepare_target{force=false package_id=headers v0.4.1 target="headers"}: cargo::core::compiler::fingerprint: fingerprint error for headers v0.4.1/Check { test: false }/TargetInner { ..: lib_target("headers", ["lib"], "C:\\Users\\rno41\\.cargo\\registry\\src\\index.crates.io-1949cf8c6b5b557f\\headers-0.4.1\\src\\lib.rs", Edition2018) }
   0.624744800s  INFO prepare_target{force=false package_id=headers v0.4.1 target="headers"}: cargo::core::compiler::fingerprint:     err: failed to read `C:\Users\rno41\Downloads\XUE\target\debug\.fingerprint\headers-5a6580f5305b9e55\lib-headers`

Caused by:
    The system cannot find the file specified. (os error 2)

Stack backtrace:
   0: git_midx_writer_dump
   1: git_midx_writer_dump
   2: git_midx_writer_dump
   3: git_midx_writer_dump
   4: git_filter_source_repo
   5: git_filter_source_repo
   6: git_filter_source_repo
   7: git_filter_source_repo
   8: git_filter_source_repo
   9: git_filter_source_repo
  10: git_filter_source_repo
  11: git_filter_source_repo
  12: git_filter_source_repo
  13: git_libgit2_prerelease
  14: <unknown>
  15: <unknown>
  16: <unknown>
  17: <unknown>
  18: git_midx_writer_dump
  19: git_filter_source_repo
  20: git_midx_writer_dump
  21: BaseThreadInitThunk
  22: RtlUserThreadStart
   0.625522000s  INFO prepare_target{force=false package_id=base64 v0.22.1 target="base64"}: cargo::core::compiler::fingerprint: fingerprint error for base64 v0.22.1/Check { test: false }/TargetInner { name_inferred: true, ..: lib_target("base64", ["lib"], "C:\\Users\\rno41\\.cargo\\registry\\src\\index.crates.io-1949cf8c6b5b557f\\base64-0.22.1\\src\\lib.rs", Edition2018) }
   0.625550700s  INFO prepare_target{force=false package_id=base64 v0.22.1 target="base64"}: cargo::core::compiler::fingerprint:     err: failed to read `C:\Users\rno41\Downloads\XUE\target\debug\.fingerprint\base64-2a49eadd94f400f7\lib-base64`

Caused by:
    The system cannot find the file specified. (os error 2)

Stack backtrace:
   0: git_midx_writer_dump
   1: git_midx_writer_dump
   2: git_midx_writer_dump
   3: git_midx_writer_dump
   4: git_filter_source_repo
   5: git_filter_source_repo
   6: git_filter_source_repo
   7: git_filter_source_repo
   8: git_filter_source_repo
   9: git_filter_source_repo
  10: git_filter_source_repo
  11: git_filter_source_repo
  12: git_filter_source_repo
  13: git_filter_source_repo
  14: git_libgit2_prerelease
  15: <unknown>
  16: <unknown>
  17: <unknown>
  18: <unknown>
  19: git_midx_writer_dump
  20: git_filter_source_repo
  21: git_midx_writer_dump
  22: BaseThreadInitThunk
  23: RtlUserThreadStart
   0.626317400s  INFO prepare_target{force=false package_id=headers-core v0.3.0 target="headers_core"}: cargo::core::compiler::fingerprint: fingerprint error for headers-core v0.3.0/Check { test: false }/TargetInner { name_inferred: true, ..: lib_target("headers_core", ["lib"], "C:\\Users\\rno41\\.cargo\\registry\\src\\index.crates.io-1949cf8c6b5b557f\\headers-core-0.3.0\\src\\lib.rs", Edition2015) }
   0.626345800s  INFO prepare_target{force=false package_id=headers-core v0.3.0 target="headers_core"}: cargo::core::compiler::fingerprint:     err: failed to read `C:\Users\rno41\Downloads\XUE\target\debug\.fingerprint\headers-core-c68a43645b9d7869\lib-headers_core`

Caused by:
    The system cannot find the file specified. (os error 2)

Stack backtrace:
   0: git_midx_writer_dump
   1: git_midx_writer_dump
   2: git_midx_writer_dump
   3: git_midx_writer_dump
   4: git_filter_source_repo
   5: git_filter_source_repo
   6: git_filter_source_repo
   7: git_filter_source_repo
   8: git_filter_source_repo
   9: git_filter_source_repo
  10: git_filter_source_repo
  11: git_filter_source_repo
  12: git_filter_source_repo
  13: git_filter_source_repo
  14: git_libgit2_prerelease
  15: <unknown>
  16: <unknown>
  17: <unknown>
  18: <unknown>
  19: git_midx_writer_dump
  20: git_filter_source_repo
  21: git_midx_writer_dump
  22: BaseThreadInitThunk
  23: RtlUserThreadStart
   0.627128900s  INFO prepare_target{force=false package_id=sha1 v0.10.6 target="sha1"}: cargo::core::compiler::fingerprint: fingerprint error for sha1 v0.10.6/Check { test: false }/TargetInner { name_inferred: true, ..: lib_target("sha1", ["lib"], "C:\\Users\\rno41\\.cargo\\registry\\src\\index.crates.io-1949cf8c6b5b557f\\sha1-0.10.6\\src\\lib.rs", Edition2018) }
   0.627151300s  INFO prepare_target{force=false package_id=sha1 v0.10.6 target="sha1"}: cargo::core::compiler::fingerprint:     err: failed to read `C:\Users\rno41\Downloads\XUE\target\debug\.fingerprint\sha1-1bccab5d0f47dde3\lib-sha1`

Caused by:
    The system cannot find the file specified. (os error 2)

Stack backtrace:
   0: git_midx_writer_dump
   1: git_midx_writer_dump
   2: git_midx_writer_dump
   3: git_midx_writer_dump
   4: git_filter_source_repo
   5: git_filter_source_repo
   6: git_filter_source_repo
   7: git_filter_source_repo
   8: git_filter_source_repo
   9: git_filter_source_repo
  10: git_filter_source_repo
  11: git_filter_source_repo
  12: git_filter_source_repo
  13: git_filter_source_repo
  14: git_libgit2_prerelease
  15: <unknown>
  16: <unknown>
  17: <unknown>
  18: <unknown>
  19: git_midx_writer_dump
  20: git_filter_source_repo
  21: git_midx_writer_dump
  22: BaseThreadInitThunk
  23: RtlUserThreadStart
   0.627893100s  INFO prepare_target{force=false package_id=chrono v0.4.43 target="chrono"}: cargo::core::compiler::fingerprint: fingerprint error for chrono v0.4.43/Check { test: false }/TargetInner { ..: lib_target("chrono", ["lib"], "C:\\Users\\rno41\\.cargo\\registry\\src\\index.crates.io-1949cf8c6b5b557f\\chrono-0.4.43\\src\\lib.rs", Edition2021) }
   0.627924300s  INFO prepare_target{force=false package_id=chrono v0.4.43 target="chrono"}: cargo::core::compiler::fingerprint:     err: failed to read `C:\Users\rno41\Downloads\XUE\target\debug\.fingerprint\chrono-26ca060b21eee6d3\lib-chrono`

Caused by:
    The system cannot find the file specified. (os error 2)

Stack backtrace:
   0: git_midx_writer_dump
   1: git_midx_writer_dump
   2: git_midx_writer_dump
   3: git_midx_writer_dump
   4: git_filter_source_repo
   5: git_filter_source_repo
   6: git_filter_source_repo
   7: git_filter_source_repo
   8: git_filter_source_repo
   9: git_filter_source_repo
  10: git_filter_source_repo
  11: git_filter_source_repo
  12: git_libgit2_prerelease
  13: <unknown>
  14: <unknown>
  15: <unknown>
  16: <unknown>
  17: git_midx_writer_dump
  18: git_filter_source_repo
  19: git_midx_writer_dump
  20: BaseThreadInitThunk
  21: RtlUserThreadStart
   0.628594800s  INFO prepare_target{force=false package_id=num-traits v0.2.19 target="num_traits"}: cargo::core::compiler::fingerprint: fingerprint error for num-traits v0.2.19/Check { test: false }/TargetInner { name_inferred: true, ..: lib_target("num_traits", ["lib"], "C:\\Users\\rno41\\.cargo\\registry\\src\\index.crates.io-1949cf8c6b5b557f\\num-traits-0.2.19\\src\\lib.rs", Edition2021) }
   0.628620500s  INFO prepare_target{force=false package_id=num-traits v0.2.19 target="num_traits"}: cargo::core::compiler::fingerprint:     err: failed to read `C:\Users\rno41\Downloads\XUE\target\debug\.fingerprint\num-traits-84a9c0374b7a0f37\lib-num_traits`

Caused by:
    The system cannot find the file specified. (os error 2)

Stack backtrace:
   0: git_midx_writer_dump
   1: git_midx_writer_dump
   2: git_midx_writer_dump
   3: git_midx_writer_dump
   4: git_filter_source_repo
   5: git_filter_source_repo
   6: git_filter_source_repo
   7: git_filter_source_repo
   8: git_filter_source_repo
   9: git_filter_source_repo
  10: git_filter_source_repo
  11: git_filter_source_repo
  12: git_filter_source_repo
  13: git_libgit2_prerelease
  14: <unknown>
  15: <unknown>
  16: <unknown>
  17: <unknown>
  18: git_midx_writer_dump
  19: git_filter_source_repo
  20: git_midx_writer_dump
  21: BaseThreadInitThunk
  22: RtlUserThreadStart
   0.631113800s  INFO prepare_target{force=false package_id=diesel v2.3.5 target="diesel"}: cargo::core::compiler::fingerprint: fingerprint error for diesel v2.3.5/Check { test: false }/TargetInner { ..: lib_target("diesel", ["lib"], "C:\\Users\\rno41\\.cargo\\registry\\src\\index.crates.io-1949cf8c6b5b557f\\diesel-2.3.5\\src\\lib.rs", Edition2021) }
   0.631143200s  INFO prepare_target{force=false package_id=diesel v2.3.5 target="diesel"}: cargo::core::compiler::fingerprint:     err: failed to read `C:\Users\rno41\Downloads\XUE\target\debug\.fingerprint\diesel-0a4298689394ecba\lib-diesel`

Caused by:
    The system cannot find the file specified. (os error 2)

Stack backtrace:
   0: git_midx_writer_dump
   1: git_midx_writer_dump
   2: git_midx_writer_dump
   3: git_midx_writer_dump
   4: git_filter_source_repo
   5: git_filter_source_repo
   6: git_filter_source_repo
   7: git_filter_source_repo
   8: git_filter_source_repo
   9: git_filter_source_repo
  10: git_filter_source_repo
  11: git_filter_source_repo
  12: git_libgit2_prerelease
  13: <unknown>
  14: <unknown>
  15: <unknown>
  16: <unknown>
  17: git_midx_writer_dump
  18: git_filter_source_repo
  19: git_midx_writer_dump
  20: BaseThreadInitThunk
  21: RtlUserThreadStart
   0.632046500s  INFO prepare_target{force=false package_id=bitflags v2.10.0 target="bitflags"}: cargo::core::compiler::fingerprint: fingerprint error for bitflags v2.10.0/Check { test: false }/TargetInner { ..: lib_target("bitflags", ["lib"], "C:\\Users\\rno41\\.cargo\\registry\\src\\index.crates.io-1949cf8c6b5b557f\\bitflags-2.10.0\\src\\lib.rs", Edition2021) }
   0.632072400s  INFO prepare_target{force=false package_id=bitflags v2.10.0 target="bitflags"}: cargo::core::compiler::fingerprint:     err: failed to read `C:\Users\rno41\Downloads\XUE\target\debug\.fingerprint\bitflags-9a7e15f272572db4\lib-bitflags`

Caused by:
    The system cannot find the file specified. (os error 2)

Stack backtrace:
   0: git_midx_writer_dump
   1: git_midx_writer_dump
   2: git_midx_writer_dump
   3: git_midx_writer_dump
   4: git_filter_source_repo
   5: git_filter_source_repo
   6: git_filter_source_repo
   7: git_filter_source_repo
   8: git_filter_source_repo
   9: git_filter_source_repo
  10: git_filter_source_repo
  11: git_filter_source_repo
  12: git_filter_source_repo
  13: git_libgit2_prerelease
  14: <unknown>
  15: <unknown>
  16: <unknown>
  17: <unknown>
  18: git_midx_writer_dump
  19: git_filter_source_repo
  20: git_midx_writer_dump
  21: BaseThreadInitThunk
  22: RtlUserThreadStart
   0.632683200s  INFO prepare_target{force=false package_id=byteorder v1.5.0 target="byteorder"}: cargo::core::compiler::fingerprint: fingerprint error for byteorder v1.5.0/Check { test: false }/TargetInner { benched: false, ..: lib_target("byteorder", ["lib"], "C:\\Users\\rno41\\.cargo\\registry\\src\\index.crates.io-1949cf8c6b5b557f\\byteorder-1.5.0\\src\\lib.rs", Edition2021) }
   0.632705200s  INFO prepare_target{force=false package_id=byteorder v1.5.0 target="byteorder"}: cargo::core::compiler::fingerprint:     err: failed to read `C:\Users\rno41\Downloads\XUE\target\debug\.fingerprint\byteorder-bbd197122986813f\lib-byteorder`

Caused by:
    The system cannot find the file specified. (os error 2)

Stack backtrace:
   0: git_midx_writer_dump
   1: git_midx_writer_dump
   2: git_midx_writer_dump
   3: git_midx_writer_dump
   4: git_filter_source_repo
   5: git_filter_source_repo
   6: git_filter_source_repo
   7: git_filter_source_repo
   8: git_filter_source_repo
   9: git_filter_source_repo
  10: git_filter_source_repo
  11: git_filter_source_repo
  12: git_filter_source_repo
  13: git_libgit2_prerelease
  14: <unknown>
  15: <unknown>
  16: <unknown>
  17: <unknown>
  18: git_midx_writer_dump
  19: git_filter_source_repo
  20: git_midx_writer_dump
  21: BaseThreadInitThunk
  22: RtlUserThreadStart
   0.637547400s  INFO prepare_target{force=false package_id=downcast-rs v2.0.2 target="downcast_rs"}: cargo::core::compiler::fingerprint: fingerprint error for downcast-rs v2.0.2/Check { test: false }/TargetInner { ..: lib_target("downcast_rs", ["lib"], "C:\\Users\\rno41\\.cargo\\registry\\src\\index.crates.io-1949cf8c6b5b557f\\downcast-rs-2.0.2\\src\\lib.rs", Edition2021) }
   0.637586700s  INFO prepare_target{force=false package_id=downcast-rs v2.0.2 target="downcast_rs"}: cargo::core::compiler::fingerprint:     err: failed to read `C:\Users\rno41\Downloads\XUE\target\debug\.fingerprint\downcast-rs-21c5cef09f146dc9\lib-downcast_rs`

Caused by:
    The system cannot find the file specified. (os error 2)

Stack backtrace:
   0: git_midx_writer_dump
   1: git_midx_writer_dump
   2: git_midx_writer_dump
   3: git_midx_writer_dump
   4: git_filter_source_repo
   5: git_filter_source_repo
   6: git_filter_source_repo
   7: git_filter_source_repo
   8: git_filter_source_repo
   9: git_filter_source_repo
  10: git_filter_source_repo
  11: git_filter_source_repo
  12: git_filter_source_repo
  13: git_libgit2_prerelease
  14: <unknown>
  15: <unknown>
  16: <unknown>
  17: <unknown>
  18: git_midx_writer_dump
  19: git_filter_source_repo
  20: git_midx_writer_dump
  21: BaseThreadInitThunk
  22: RtlUserThreadStart
   0.638576000s  INFO prepare_target{force=false package_id=pq-sys v0.7.5 target="pq_sys"}: cargo::core::compiler::fingerprint: fingerprint error for pq-sys v0.7.5/Check { test: false }/TargetInner { ..: lib_target("pq_sys", ["lib"], "C:\\Users\\rno41\\.cargo\\registry\\src\\index.crates.io-1949cf8c6b5b557f\\pq-sys-0.7.5\\src\\lib.rs", Edition2021) }
   0.638613600s  INFO prepare_target{force=false package_id=pq-sys v0.7.5 target="pq_sys"}: cargo::core::compiler::fingerprint:     err: failed to read `C:\Users\rno41\Downloads\XUE\target\debug\.fingerprint\pq-sys-4c06ed18bf746738\lib-pq_sys`

Caused by:
    The system cannot find the file specified. (os error 2)

Stack backtrace:
   0: git_midx_writer_dump
   1: git_midx_writer_dump
   2: git_midx_writer_dump
   3: git_midx_writer_dump
   4: git_filter_source_repo
   5: git_filter_source_repo
   6: git_filter_source_repo
   7: git_filter_source_repo
   8: git_filter_source_repo
   9: git_filter_source_repo
  10: git_filter_source_repo
  11: git_filter_source_repo
  12: git_filter_source_repo
  13: git_libgit2_prerelease
  14: <unknown>
  15: <unknown>
  16: <unknown>
  17: <unknown>
  18: git_midx_writer_dump
  19: git_filter_source_repo
  20: git_midx_writer_dump
  21: BaseThreadInitThunk
  22: RtlUserThreadStart
   0.639368100s  INFO prepare_target{force=false package_id=libc v0.2.180 target="libc"}: cargo::core::compiler::fingerprint: fingerprint error for libc v0.2.180/Check { test: false }/TargetInner { ..: lib_target("libc", ["lib"], "C:\\Users\\rno41\\.cargo\\registry\\src\\index.crates.io-1949cf8c6b5b557f\\libc-0.2.180\\src\\lib.rs", Edition2021) }
   0.639395900s  INFO prepare_target{force=false package_id=libc v0.2.180 target="libc"}: cargo::core::compiler::fingerprint:     err: failed to read `C:\Users\rno41\Downloads\XUE\target\debug\.fingerprint\libc-e8ba9de671d34cd3\lib-libc`

Caused by:
    The system cannot find the file specified. (os error 2)

Stack backtrace:
   0: git_midx_writer_dump
   1: git_midx_writer_dump
   2: git_midx_writer_dump
   3: git_midx_writer_dump
   4: git_filter_source_repo
   5: git_filter_source_repo
   6: git_filter_source_repo
   7: git_filter_source_repo
   8: git_filter_source_repo
   9: git_filter_source_repo
  10: git_filter_source_repo
  11: git_filter_source_repo
  12: git_filter_source_repo
  13: git_filter_source_repo
  14: git_libgit2_prerelease
  15: <unknown>
  16: <unknown>
  17: <unknown>
  18: <unknown>
  19: git_midx_writer_dump
  20: git_filter_source_repo
  21: git_midx_writer_dump
  22: BaseThreadInitThunk
  23: RtlUserThreadStart
   0.643238000s  INFO prepare_target{force=false package_id=r2d2 v0.8.10 target="r2d2"}: cargo::core::compiler::fingerprint: fingerprint error for r2d2 v0.8.10/Check { test: false }/TargetInner { name_inferred: true, ..: lib_target("r2d2", ["lib"], "C:\\Users\\rno41\\.cargo\\registry\\src\\index.crates.io-1949cf8c6b5b557f\\r2d2-0.8.10\\src\\lib.rs", Edition2018) }
   0.643276100s  INFO prepare_target{force=false package_id=r2d2 v0.8.10 target="r2d2"}: cargo::core::compiler::fingerprint:     err: failed to read `C:\Users\rno41\Downloads\XUE\target\debug\.fingerprint\r2d2-4f6f979ecf7a269a\lib-r2d2`

Caused by:
    The system cannot find the file specified. (os error 2)

Stack backtrace:
   0: git_midx_writer_dump
   1: git_midx_writer_dump
   2: git_midx_writer_dump
   3: git_midx_writer_dump
   4: git_filter_source_repo
   5: git_filter_source_repo
   6: git_filter_source_repo
   7: git_filter_source_repo
   8: git_filter_source_repo
   9: git_filter_source_repo
  10: git_filter_source_repo
  11: git_filter_source_repo
  12: git_filter_source_repo
  13: git_libgit2_prerelease
  14: <unknown>
  15: <unknown>
  16: <unknown>
  17: <unknown>
  18: git_midx_writer_dump
  19: git_filter_source_repo
  20: git_midx_writer_dump
  21: BaseThreadInitThunk
  22: RtlUserThreadStart
   0.644258900s  INFO prepare_target{force=false package_id=scheduled-thread-pool v0.2.7 target="scheduled_thread_pool"}: cargo::core::compiler::fingerprint: fingerprint error for scheduled-thread-pool v0.2.7/Check { test: false }/TargetInner { name_inferred: true, ..: lib_target("scheduled_thread_pool", ["lib"], "C:\\Users\\rno41\\.cargo\\registry\\src\\index.crates.io-1949cf8c6b5b557f\\scheduled-thread-pool-0.2.7\\src\\lib.rs", Edition2018) }
   0.644288100s  INFO prepare_target{force=false package_id=scheduled-thread-pool v0.2.7 target="scheduled_thread_pool"}: cargo::core::compiler::fingerprint:     err: failed to read `C:\Users\rno41\Downloads\XUE\target\debug\.fingerprint\scheduled-thread-pool-b39cccde44c63a04\lib-scheduled_thread_pool`

Caused by:
    The system cannot find the file specified. (os error 2)

Stack backtrace:
   0: git_midx_writer_dump
   1: git_midx_writer_dump
   2: git_midx_writer_dump
   3: git_midx_writer_dump
   4: git_filter_source_repo
   5: git_filter_source_repo
   6: git_filter_source_repo
   7: git_filter_source_repo
   8: git_filter_source_repo
   9: git_filter_source_repo
  10: git_filter_source_repo
  11: git_filter_source_repo
  12: git_filter_source_repo
  13: git_filter_source_repo
  14: git_libgit2_prerelease
  15: <unknown>
  16: <unknown>
  17: <unknown>
  18: <unknown>
  19: git_midx_writer_dump
  20: git_filter_source_repo
  21: git_midx_writer_dump
  22: BaseThreadInitThunk
  23: RtlUserThreadStart
   0.644975400s  INFO prepare_target{force=false package_id=dotenvy v0.15.7 target="dotenvy"}: cargo::core::compiler::fingerprint: fingerprint error for dotenvy v0.15.7/Check { test: false }/TargetInner { name_inferred: true, ..: lib_target("dotenvy", ["lib"], "C:\\Users\\rno41\\.cargo\\registry\\src\\index.crates.io-1949cf8c6b5b557f\\dotenvy-0.15.7\\src\\lib.rs", Edition2018) }
   0.645002500s  INFO prepare_target{force=false package_id=dotenvy v0.15.7 target="dotenvy"}: cargo::core::compiler::fingerprint:     err: failed to read `C:\Users\rno41\Downloads\XUE\target\debug\.fingerprint\dotenvy-ad84053577836160\lib-dotenvy`

Caused by:
    The system cannot find the file specified. (os error 2)

Stack backtrace:
   0: git_midx_writer_dump
   1: git_midx_writer_dump
   2: git_midx_writer_dump
   3: git_midx_writer_dump
   4: git_filter_source_repo
   5: git_filter_source_repo
   6: git_filter_source_repo
   7: git_filter_source_repo
   8: git_filter_source_repo
   9: git_filter_source_repo
  10: git_filter_source_repo
  11: git_filter_source_repo
  12: git_libgit2_prerelease
  13: <unknown>
  14: <unknown>
  15: <unknown>
  16: <unknown>
  17: git_midx_writer_dump
  18: git_filter_source_repo
  19: git_midx_writer_dump
  20: BaseThreadInitThunk
  21: RtlUserThreadStart
   0.645763300s  INFO prepare_target{force=false package_id=jsonwebtoken v10.2.0 target="jsonwebtoken"}: cargo::core::compiler::fingerprint: fingerprint error for jsonwebtoken v10.2.0/Check { test: false }/TargetInner { ..: lib_target("jsonwebtoken", ["lib"], "C:\\Users\\rno41\\.cargo\\registry\\src\\index.crates.io-1949cf8c6b5b557f\\jsonwebtoken-10.2.0\\src\\lib.rs", Edition2024) }
   0.645790100s  INFO prepare_target{force=false package_id=jsonwebtoken v10.2.0 target="jsonwebtoken"}: cargo::core::compiler::fingerprint:     err: failed to read `C:\Users\rno41\Downloads\XUE\target\debug\.fingerprint\jsonwebtoken-61e078d71e2ef76f\lib-jsonwebtoken`

Caused by:
    The system cannot find the file specified. (os error 2)

Stack backtrace:
   0: git_midx_writer_dump
   1: git_midx_writer_dump
   2: git_midx_writer_dump
   3: git_midx_writer_dump
   4: git_filter_source_repo
   5: git_filter_source_repo
   6: git_filter_source_repo
   7: git_filter_source_repo
   8: git_filter_source_repo
   9: git_filter_source_repo
  10: git_filter_source_repo
  11: git_filter_source_repo
  12: git_libgit2_prerelease
  13: <unknown>
  14: <unknown>
  15: <unknown>
  16: <unknown>
  17: git_midx_writer_dump
  18: git_filter_source_repo
  19: git_midx_writer_dump
  20: BaseThreadInitThunk
  21: RtlUserThreadStart
   0.646766200s  INFO prepare_target{force=false package_id=aws-lc-rs v1.15.3 target="aws_lc_rs"}: cargo::core::compiler::fingerprint: fingerprint error for aws-lc-rs v1.15.3/Check { test: false }/TargetInner { ..: lib_target("aws_lc_rs", ["lib"], "C:\\Users\\rno41\\.cargo\\registry\\src\\index.crates.io-1949cf8c6b5b557f\\aws-lc-rs-1.15.3\\src\\lib.rs", Edition2021) }
   0.646793900s  INFO prepare_target{force=false package_id=aws-lc-rs v1.15.3 target="aws_lc_rs"}: cargo::core::compiler::fingerprint:     err: failed to read `C:\Users\rno41\Downloads\XUE\target\debug\.fingerprint\aws-lc-rs-ba0c393220b053a3\lib-aws_lc_rs`

Caused by:
    The system cannot find the file specified. (os error 2)

Stack backtrace:
   0: git_midx_writer_dump
   1: git_midx_writer_dump
   2: git_midx_writer_dump
   3: git_midx_writer_dump
   4: git_filter_source_repo
   5: git_filter_source_repo
   6: git_filter_source_repo
   7: git_filter_source_repo
   8: git_filter_source_repo
   9: git_filter_source_repo
  10: git_filter_source_repo
  11: git_filter_source_repo
  12: git_filter_source_repo
  13: git_libgit2_prerelease
  14: <unknown>
  15: <unknown>
  16: <unknown>
  17: <unknown>
  18: git_midx_writer_dump
  19: git_filter_source_repo
  20: git_midx_writer_dump
  21: BaseThreadInitThunk
  22: RtlUserThreadStart
   0.648148900s  INFO prepare_target{force=false package_id=aws-lc-rs v1.15.3 target="build-script-build"}: cargo::core::compiler::fingerprint: fingerprint error for aws-lc-rs v1.15.3/RunCustomBuild/TargetInner { ..: custom_build_target("build-script-build", "C:\\Users\\rno41\\.cargo\\registry\\src\\index.crates.io-1949cf8c6b5b557f\\aws-lc-rs-1.15.3\\build.rs", Edition2021) }
   0.648176000s  INFO prepare_target{force=false package_id=aws-lc-rs v1.15.3 target="build-script-build"}: cargo::core::compiler::fingerprint:     err: failed to read `C:\Users\rno41\Downloads\XUE\target\debug\.fingerprint\aws-lc-rs-6b201e63e03a750f\run-build-script-build-script-build`

Caused by:
    The system cannot find the file specified. (os error 2)

Stack backtrace:
   0: git_midx_writer_dump
   1: git_midx_writer_dump
   2: git_midx_writer_dump
   3: git_midx_writer_dump
   4: git_filter_source_repo
   5: git_filter_source_repo
   6: git_filter_source_repo
   7: git_filter_source_repo
   8: git_filter_source_repo
   9: git_filter_source_repo
  10: git_filter_source_repo
  11: git_filter_source_repo
  12: git_filter_source_repo
  13: git_filter_source_repo
  14: git_filter_source_repo
  15: git_libgit2_prerelease
  16: <unknown>
  17: <unknown>
  18: <unknown>
  19: <unknown>
  20: git_midx_writer_dump
  21: git_filter_source_repo
  22: git_midx_writer_dump
  23: BaseThreadInitThunk
  24: RtlUserThreadStart
   0.649678600s  INFO prepare_target{force=false package_id=aws-lc-sys v0.36.0 target="build-script-main"}: cargo::core::compiler::fingerprint: fingerprint error for aws-lc-sys v0.36.0/RunCustomBuild/TargetInner { ..: custom_build_target("build-script-main", "C:\\Users\\rno41\\.cargo\\registry\\src\\index.crates.io-1949cf8c6b5b557f\\aws-lc-sys-0.36.0\\builder\\main.rs", Edition2021) }
   0.649706200s  INFO prepare_target{force=false package_id=aws-lc-sys v0.36.0 target="build-script-main"}: cargo::core::compiler::fingerprint:     err: failed to read `C:\Users\rno41\Downloads\XUE\target\debug\.fingerprint\aws-lc-sys-5aba3d23aaf06c46\run-build-script-build-script-main`

Caused by:
    The system cannot find the file specified. (os error 2)

Stack backtrace:
   0: git_midx_writer_dump
   1: git_midx_writer_dump
   2: git_midx_writer_dump
   3: git_midx_writer_dump
   4: git_filter_source_repo
   5: git_filter_source_repo
   6: git_filter_source_repo
   7: git_filter_source_repo
   8: git_filter_source_repo
   9: git_filter_source_repo
  10: git_filter_source_repo
  11: git_filter_source_repo
  12: git_filter_source_repo
  13: git_filter_source_repo
  14: git_filter_source_repo
  15: git_filter_source_repo
  16: git_libgit2_prerelease
  17: <unknown>
  18: <unknown>
  19: <unknown>
  20: <unknown>
  21: git_midx_writer_dump
  22: git_filter_source_repo
  23: git_midx_writer_dump
  24: BaseThreadInitThunk
  25: RtlUserThreadStart
   0.655435600s  INFO prepare_target{force=false package_id=aws-lc-sys v0.36.0 target="aws_lc_sys"}: cargo::core::compiler::fingerprint: fingerprint error for aws-lc-sys v0.36.0/Check { test: false }/TargetInner { ..: lib_target("aws_lc_sys", ["lib"], "C:\\Users\\rno41\\.cargo\\registry\\src\\index.crates.io-1949cf8c6b5b557f\\aws-lc-sys-0.36.0\\src\\lib.rs", Edition2021) }
   0.655481400s  INFO prepare_target{force=false package_id=aws-lc-sys v0.36.0 target="aws_lc_sys"}: cargo::core::compiler::fingerprint:     err: failed to read `C:\Users\rno41\Downloads\XUE\target\debug\.fingerprint\aws-lc-sys-4e41c194655cd855\lib-aws_lc_sys`

Caused by:
    The system cannot find the file specified. (os error 2)

Stack backtrace:
   0: git_midx_writer_dump
   1: git_midx_writer_dump
   2: git_midx_writer_dump
   3: git_midx_writer_dump
   4: git_filter_source_repo
   5: git_filter_source_repo
   6: git_filter_source_repo
   7: git_filter_source_repo
   8: git_filter_source_repo
   9: git_filter_source_repo
  10: git_filter_source_repo
  11: git_filter_source_repo
  12: git_filter_source_repo
  13: git_filter_source_repo
  14: git_libgit2_prerelease
  15: <unknown>
  16: <unknown>
  17: <unknown>
  18: <unknown>
  19: git_midx_writer_dump
  20: git_filter_source_repo
  21: git_midx_writer_dump
  22: BaseThreadInitThunk
  23: RtlUserThreadStart
   0.656389600s  INFO prepare_target{force=false package_id=untrusted v0.7.1 target="untrusted"}: cargo::core::compiler::fingerprint: fingerprint error for untrusted v0.7.1/Check { test: false }/TargetInner { ..: lib_target("untrusted", ["lib"], "C:\\Users\\rno41\\.cargo\\registry\\src\\index.crates.io-1949cf8c6b5b557f\\untrusted-0.7.1\\src\\untrusted.rs", Edition2018) }
   0.656423700s  INFO prepare_target{force=false package_id=untrusted v0.7.1 target="untrusted"}: cargo::core::compiler::fingerprint:     err: failed to read `C:\Users\rno41\Downloads\XUE\target\debug\.fingerprint\untrusted-76a46223942b307d\lib-untrusted`

Caused by:
    The system cannot find the file specified. (os error 2)

Stack backtrace:
   0: git_midx_writer_dump
   1: git_midx_writer_dump
   2: git_midx_writer_dump
   3: git_midx_writer_dump
   4: git_filter_source_repo
   5: git_filter_source_repo
   6: git_filter_source_repo
   7: git_filter_source_repo
   8: git_filter_source_repo
   9: git_filter_source_repo
  10: git_filter_source_repo
  11: git_filter_source_repo
  12: git_filter_source_repo
  13: git_filter_source_repo
  14: git_libgit2_prerelease
  15: <unknown>
  16: <unknown>
  17: <unknown>
  18: <unknown>
  19: git_midx_writer_dump
  20: git_filter_source_repo
  21: git_midx_writer_dump
  22: BaseThreadInitThunk
  23: RtlUserThreadStart
   0.657070900s  INFO prepare_target{force=false package_id=zeroize v1.8.2 target="zeroize"}: cargo::core::compiler::fingerprint: fingerprint error for zeroize v1.8.2/Check { test: false }/TargetInner { ..: lib_target("zeroize", ["lib"], "C:\\Users\\rno41\\.cargo\\registry\\src\\index.crates.io-1949cf8c6b5b557f\\zeroize-1.8.2\\src\\lib.rs", Edition2021) }
   0.657104200s  INFO prepare_target{force=false package_id=zeroize v1.8.2 target="zeroize"}: cargo::core::compiler::fingerprint:     err: failed to read `C:\Users\rno41\Downloads\XUE\target\debug\.fingerprint\zeroize-65847e25e483f90c\lib-zeroize`

Caused by:
    The system cannot find the file specified. (os error 2)

Stack backtrace:
   0: git_midx_writer_dump
   1: git_midx_writer_dump
   2: git_midx_writer_dump
   3: git_midx_writer_dump
   4: git_filter_source_repo
   5: git_filter_source_repo
   6: git_filter_source_repo
   7: git_filter_source_repo
   8: git_filter_source_repo
   9: git_filter_source_repo
  10: git_filter_source_repo
  11: git_filter_source_repo
  12: git_filter_source_repo
  13: git_filter_source_repo
  14: git_libgit2_prerelease
  15: <unknown>
  16: <unknown>
  17: <unknown>
  18: <unknown>
  19: git_midx_writer_dump
  20: git_filter_source_repo
  21: git_midx_writer_dump
  22: BaseThreadInitThunk
  23: RtlUserThreadStart
   0.657904800s  INFO prepare_target{force=false package_id=pem v3.0.6 target="pem"}: cargo::core::compiler::fingerprint: fingerprint error for pem v3.0.6/Check { test: false }/TargetInner { ..: lib_target("pem", ["lib"], "C:\\Users\\rno41\\.cargo\\registry\\src\\index.crates.io-1949cf8c6b5b557f\\pem-3.0.6\\src\\lib.rs", Edition2021) }
   0.657939300s  INFO prepare_target{force=false package_id=pem v3.0.6 target="pem"}: cargo::core::compiler::fingerprint:     err: failed to read `C:\Users\rno41\Downloads\XUE\target\debug\.fingerprint\pem-8bcd6b1e3073a0e0\lib-pem`

Caused by:
    The system cannot find the file specified. (os error 2)

Stack backtrace:
   0: git_midx_writer_dump
   1: git_midx_writer_dump
   2: git_midx_writer_dump
   3: git_midx_writer_dump
   4: git_filter_source_repo
   5: git_filter_source_repo
   6: git_filter_source_repo
   7: git_filter_source_repo
   8: git_filter_source_repo
   9: git_filter_source_repo
  10: git_filter_source_repo
  11: git_filter_source_repo
  12: git_filter_source_repo
  13: git_libgit2_prerelease
  14: <unknown>
  15: <unknown>
  16: <unknown>
  17: <unknown>
  18: git_midx_writer_dump
  19: git_filter_source_repo
  20: git_midx_writer_dump
  21: BaseThreadInitThunk
  22: RtlUserThreadStart
   0.658833800s  INFO prepare_target{force=false package_id=signature v2.2.0 target="signature"}: cargo::core::compiler::fingerprint: fingerprint error for signature v2.2.0/Check { test: false }/TargetInner { name_inferred: true, ..: lib_target("signature", ["lib"], "C:\\Users\\rno41\\.cargo\\registry\\src\\index.crates.io-1949cf8c6b5b557f\\signature-2.2.0\\src\\lib.rs", Edition2021) }
   0.658862500s  INFO prepare_target{force=false package_id=signature v2.2.0 target="signature"}: cargo::core::compiler::fingerprint:     err: failed to read `C:\Users\rno41\Downloads\XUE\target\debug\.fingerprint\signature-1a65a68205a94c80\lib-signature`

Caused by:
    The system cannot find the file specified. (os error 2)

Stack backtrace:
   0: git_midx_writer_dump
   1: git_midx_writer_dump
   2: git_midx_writer_dump
   3: git_midx_writer_dump
   4: git_filter_source_repo
   5: git_filter_source_repo
   6: git_filter_source_repo
   7: git_filter_source_repo
   8: git_filter_source_repo
   9: git_filter_source_repo
  10: git_filter_source_repo
  11: git_filter_source_repo
  12: git_filter_source_repo
  13: git_libgit2_prerelease
  14: <unknown>
  15: <unknown>
  16: <unknown>
  17: <unknown>
  18: git_midx_writer_dump
  19: git_filter_source_repo
  20: git_midx_writer_dump
  21: BaseThreadInitThunk
  22: RtlUserThreadStart
   0.659550800s  INFO prepare_target{force=false package_id=simple_asn1 v0.6.3 target="simple_asn1"}: cargo::core::compiler::fingerprint: fingerprint error for simple_asn1 v0.6.3/Check { test: false }/TargetInner { ..: lib_target("simple_asn1", ["lib"], "C:\\Users\\rno41\\.cargo\\registry\\src\\index.crates.io-1949cf8c6b5b557f\\simple_asn1-0.6.3\\src\\lib.rs", Edition2018) }
   0.659575100s  INFO prepare_target{force=false package_id=simple_asn1 v0.6.3 target="simple_asn1"}: cargo::core::compiler::fingerprint:     err: failed to read `C:\Users\rno41\Downloads\XUE\target\debug\.fingerprint\simple_asn1-e41c2029669d7995\lib-simple_asn1`

Caused by:
    The system cannot find the file specified. (os error 2)

Stack backtrace:
   0: git_midx_writer_dump
   1: git_midx_writer_dump
   2: git_midx_writer_dump
   3: git_midx_writer_dump
   4: git_filter_source_repo
   5: git_filter_source_repo
   6: git_filter_source_repo
   7: git_filter_source_repo
   8: git_filter_source_repo
   9: git_filter_source_repo
  10: git_filter_source_repo
  11: git_filter_source_repo
  12: git_filter_source_repo
  13: git_libgit2_prerelease
  14: <unknown>
  15: <unknown>
  16: <unknown>
  17: <unknown>
  18: git_midx_writer_dump
  19: git_filter_source_repo
  20: git_midx_writer_dump
  21: BaseThreadInitThunk
  22: RtlUserThreadStart
   0.660482800s  INFO prepare_target{force=false package_id=num-bigint v0.4.6 target="num_bigint"}: cargo::core::compiler::fingerprint: fingerprint error for num-bigint v0.4.6/Check { test: false }/TargetInner { name_inferred: true, ..: lib_target("num_bigint", ["lib"], "C:\\Users\\rno41\\.cargo\\registry\\src\\index.crates.io-1949cf8c6b5b557f\\num-bigint-0.4.6\\src\\lib.rs", Edition2021) }
   0.660513400s  INFO prepare_target{force=false package_id=num-bigint v0.4.6 target="num_bigint"}: cargo::core::compiler::fingerprint:     err: failed to read `C:\Users\rno41\Downloads\XUE\target\debug\.fingerprint\num-bigint-23b5a2cfa0a9a5a1\lib-num_bigint`

Caused by:
    The system cannot find the file specified. (os error 2)

Stack backtrace:
   0: git_midx_writer_dump
   1: git_midx_writer_dump
   2: git_midx_writer_dump
   3: git_midx_writer_dump
   4: git_filter_source_repo
   5: git_filter_source_repo
   6: git_filter_source_repo
   7: git_filter_source_repo
   8: git_filter_source_repo
   9: git_filter_source_repo
  10: git_filter_source_repo
  11: git_filter_source_repo
  12: git_filter_source_repo
  13: git_filter_source_repo
  14: git_libgit2_prerelease
  15: <unknown>
  16: <unknown>
  17: <unknown>
  18: <unknown>
  19: git_midx_writer_dump
  20: git_filter_source_repo
  21: git_midx_writer_dump
  22: BaseThreadInitThunk
  23: RtlUserThreadStart
   0.661221200s  INFO prepare_target{force=false package_id=num-integer v0.1.46 target="num_integer"}: cargo::core::compiler::fingerprint: fingerprint error for num-integer v0.1.46/Check { test: false }/TargetInner { name_inferred: true, ..: lib_target("num_integer", ["lib"], "C:\\Users\\rno41\\.cargo\\registry\\src\\index.crates.io-1949cf8c6b5b557f\\num-integer-0.1.46\\src\\lib.rs", Edition2018) }
   0.661246600s  INFO prepare_target{force=false package_id=num-integer v0.1.46 target="num_integer"}: cargo::core::compiler::fingerprint:     err: failed to read `C:\Users\rno41\Downloads\XUE\target\debug\.fingerprint\num-integer-036969a9032cde21\lib-num_integer`

Caused by:
    The system cannot find the file specified. (os error 2)

Stack backtrace:
   0: git_midx_writer_dump
   1: git_midx_writer_dump
   2: git_midx_writer_dump
   3: git_midx_writer_dump
   4: git_filter_source_repo
   5: git_filter_source_repo
   6: git_filter_source_repo
   7: git_filter_source_repo
   8: git_filter_source_repo
   9: git_filter_source_repo
  10: git_filter_source_repo
  11: git_filter_source_repo
  12: git_filter_source_repo
  13: git_filter_source_repo
  14: git_filter_source_repo
  15: git_libgit2_prerelease
  16: <unknown>
  17: <unknown>
  18: <unknown>
  19: <unknown>
  20: git_midx_writer_dump
  21: git_filter_source_repo
  22: git_midx_writer_dump
  23: BaseThreadInitThunk
  24: RtlUserThreadStart
   0.661778900s  INFO prepare_target{force=false package_id=thiserror v2.0.18 target="thiserror"}: cargo::core::compiler::fingerprint: fingerprint error for thiserror v2.0.18/Check { test: false }/TargetInner { ..: lib_target("thiserror", ["lib"], "C:\\Users\\rno41\\.cargo\\registry\\src\\index.crates.io-1949cf8c6b5b557f\\thiserror-2.0.18\\src\\lib.rs", Edition2021) }
   0.661803700s  INFO prepare_target{force=false package_id=thiserror v2.0.18 target="thiserror"}: cargo::core::compiler::fingerprint:     err: failed to read `C:\Users\rno41\Downloads\XUE\target\debug\.fingerprint\thiserror-c67436a6dd565440\lib-thiserror`

Caused by:
    The system cannot find the file specified. (os error 2)

Stack backtrace:
   0: git_midx_writer_dump
   1: git_midx_writer_dump
   2: git_midx_writer_dump
   3: git_midx_writer_dump
   4: git_filter_source_repo
   5: git_filter_source_repo
   6: git_filter_source_repo
   7: git_filter_source_repo
   8: git_filter_source_repo
   9: git_filter_source_repo
  10: git_filter_source_repo
  11: git_filter_source_repo
  12: git_filter_source_repo
  13: git_filter_source_repo
  14: git_libgit2_prerelease
  15: <unknown>
  16: <unknown>
  17: <unknown>
  18: <unknown>
  19: git_midx_writer_dump
  20: git_filter_source_repo
  21: git_midx_writer_dump
  22: BaseThreadInitThunk
  23: RtlUserThreadStart
   0.664214500s  INFO prepare_target{force=false package_id=mockall v0.14.0 target="mockall"}: cargo::core::compiler::fingerprint: fingerprint error for mockall v0.14.0/Check { test: false }/TargetInner { ..: lib_target("mockall", ["lib"], "C:\\Users\\rno41\\.cargo\\registry\\src\\index.crates.io-1949cf8c6b5b557f\\mockall-0.14.0\\src\\lib.rs", Edition2021) }
   0.664248200s  INFO prepare_target{force=false package_id=mockall v0.14.0 target="mockall"}: cargo::core::compiler::fingerprint:     err: failed to read `C:\Users\rno41\Downloads\XUE\target\debug\.fingerprint\mockall-d461a9cdc4074767\lib-mockall`

Caused by:
    The system cannot find the file specified. (os error 2)

Stack backtrace:
   0: git_midx_writer_dump
   1: git_midx_writer_dump
   2: git_midx_writer_dump
   3: git_midx_writer_dump
   4: git_filter_source_repo
   5: git_filter_source_repo
   6: git_filter_source_repo
   7: git_filter_source_repo
   8: git_filter_source_repo
   9: git_filter_source_repo
  10: git_filter_source_repo
  11: git_filter_source_repo
  12: git_libgit2_prerelease
  13: <unknown>
  14: <unknown>
  15: <unknown>
  16: <unknown>
  17: git_midx_writer_dump
  18: git_filter_source_repo
  19: git_midx_writer_dump
  20: BaseThreadInitThunk
  21: RtlUserThreadStart
   0.665080900s  INFO prepare_target{force=false package_id=downcast v0.11.0 target="downcast"}: cargo::core::compiler::fingerprint: fingerprint error for downcast v0.11.0/Check { test: false }/TargetInner { name_inferred: true, ..: lib_target("downcast", ["lib"], "C:\\Users\\rno41\\.cargo\\registry\\src\\index.crates.io-1949cf8c6b5b557f\\downcast-0.11.0\\src\\lib.rs", Edition2018) }
   0.665106500s  INFO prepare_target{force=false package_id=downcast v0.11.0 target="downcast"}: cargo::core::compiler::fingerprint:     err: failed to read `C:\Users\rno41\Downloads\XUE\target\debug\.fingerprint\downcast-163380afa5d46d94\lib-downcast`

Caused by:
    The system cannot find the file specified. (os error 2)

Stack backtrace:
   0: git_midx_writer_dump
   1: git_midx_writer_dump
   2: git_midx_writer_dump
   3: git_midx_writer_dump
   4: git_filter_source_repo
   5: git_filter_source_repo
   6: git_filter_source_repo
   7: git_filter_source_repo
   8: git_filter_source_repo
   9: git_filter_source_repo
  10: git_filter_source_repo
  11: git_filter_source_repo
  12: git_filter_source_repo
  13: git_libgit2_prerelease
  14: <unknown>
  15: <unknown>
  16: <unknown>
  17: <unknown>
  18: git_midx_writer_dump
  19: git_filter_source_repo
  20: git_midx_writer_dump
  21: BaseThreadInitThunk
  22: RtlUserThreadStart
   0.665708400s  INFO prepare_target{force=false package_id=fragile v2.0.1 target="fragile"}: cargo::core::compiler::fingerprint: fingerprint error for fragile v2.0.1/Check { test: false }/TargetInner { ..: lib_target("fragile", ["lib"], "C:\\Users\\rno41\\.cargo\\registry\\src\\index.crates.io-1949cf8c6b5b557f\\fragile-2.0.1\\src\\lib.rs", Edition2018) }
   0.665734100s  INFO prepare_target{force=false package_id=fragile v2.0.1 target="fragile"}: cargo::core::compiler::fingerprint:     err: failed to read `C:\Users\rno41\Downloads\XUE\target\debug\.fingerprint\fragile-1237f3e9724c2d52\lib-fragile`

Caused by:
    The system cannot find the file specified. (os error 2)

Stack backtrace:
   0: git_midx_writer_dump
   1: git_midx_writer_dump
   2: git_midx_writer_dump
   3: git_midx_writer_dump
   4: git_filter_source_repo
   5: git_filter_source_repo
   6: git_filter_source_repo
   7: git_filter_source_repo
   8: git_filter_source_repo
   9: git_filter_source_repo
  10: git_filter_source_repo
  11: git_filter_source_repo
  12: git_filter_source_repo
  13: git_libgit2_prerelease
  14: <unknown>
  15: <unknown>
  16: <unknown>
  17: <unknown>
  18: git_midx_writer_dump
  19: git_filter_source_repo
  20: git_midx_writer_dump
  21: BaseThreadInitThunk
  22: RtlUserThreadStart
   0.670355500s  INFO prepare_target{force=false package_id=predicates v3.1.3 target="predicates"}: cargo::core::compiler::fingerprint: fingerprint error for predicates v3.1.3/Check { test: false }/TargetInner { ..: lib_target("predicates", ["lib"], "C:\\Users\\rno41\\.cargo\\registry\\src\\index.crates.io-1949cf8c6b5b557f\\predicates-3.1.3\\src\\lib.rs", Edition2021) }
   0.670391900s  INFO prepare_target{force=false package_id=predicates v3.1.3 target="predicates"}: cargo::core::compiler::fingerprint:     err: failed to read `C:\Users\rno41\Downloads\XUE\target\debug\.fingerprint\predicates-e798744238373db5\lib-predicates`

Caused by:
    The system cannot find the file specified. (os error 2)

Stack backtrace:
   0: git_midx_writer_dump
   1: git_midx_writer_dump
   2: git_midx_writer_dump
   3: git_midx_writer_dump
   4: git_filter_source_repo
   5: git_filter_source_repo
   6: git_filter_source_repo
   7: git_filter_source_repo
   8: git_filter_source_repo
   9: git_filter_source_repo
  10: git_filter_source_repo
  11: git_filter_source_repo
  12: git_filter_source_repo
  13: git_libgit2_prerelease
  14: <unknown>
  15: <unknown>
  16: <unknown>
  17: <unknown>
  18: git_midx_writer_dump
  19: git_filter_source_repo
  20: git_midx_writer_dump
  21: BaseThreadInitThunk
  22: RtlUserThreadStart
   0.671343200s  INFO prepare_target{force=false package_id=anstyle v1.0.13 target="anstyle"}: cargo::core::compiler::fingerprint: fingerprint error for anstyle v1.0.13/Check { test: false }/TargetInner { ..: lib_target("anstyle", ["lib"], "C:\\Users\\rno41\\.cargo\\registry\\src\\index.crates.io-1949cf8c6b5b557f\\anstyle-1.0.13\\src\\lib.rs", Edition2021) }
   0.671376300s  INFO prepare_target{force=false package_id=anstyle v1.0.13 target="anstyle"}: cargo::core::compiler::fingerprint:     err: failed to read `C:\Users\rno41\Downloads\XUE\target\debug\.fingerprint\anstyle-5606d0909cfb4d07\lib-anstyle`

Caused by:
    The system cannot find the file specified. (os error 2)

Stack backtrace:
   0: git_midx_writer_dump
   1: git_midx_writer_dump
   2: git_midx_writer_dump
   3: git_midx_writer_dump
   4: git_filter_source_repo
   5: git_filter_source_repo
   6: git_filter_source_repo
   7: git_filter_source_repo
   8: git_filter_source_repo
   9: git_filter_source_repo
  10: git_filter_source_repo
  11: git_filter_source_repo
  12: git_filter_source_repo
  13: git_filter_source_repo
  14: git_libgit2_prerelease
  15: <unknown>
  16: <unknown>
  17: <unknown>
  18: <unknown>
  19: git_midx_writer_dump
  20: git_filter_source_repo
  21: git_midx_writer_dump
  22: BaseThreadInitThunk
  23: RtlUserThreadStart
   0.672200100s  INFO prepare_target{force=false package_id=predicates-core v1.0.9 target="predicates_core"}: cargo::core::compiler::fingerprint: fingerprint error for predicates-core v1.0.9/Check { test: false }/TargetInner { ..: lib_target("predicates_core", ["lib"], "C:\\Users\\rno41\\.cargo\\registry\\src\\index.crates.io-1949cf8c6b5b557f\\predicates-core-1.0.9\\src\\lib.rs", Edition2021) }
   0.672228000s  INFO prepare_target{force=false package_id=predicates-core v1.0.9 target="predicates_core"}: cargo::core::compiler::fingerprint:     err: failed to read `C:\Users\rno41\Downloads\XUE\target\debug\.fingerprint\predicates-core-0b31d49eeaa784cf\lib-predicates_core`

Caused by:
    The system cannot find the file specified. (os error 2)

Stack backtrace:
   0: git_midx_writer_dump
   1: git_midx_writer_dump
   2: git_midx_writer_dump
   3: git_midx_writer_dump
   4: git_filter_source_repo
   5: git_filter_source_repo
   6: git_filter_source_repo
   7: git_filter_source_repo
   8: git_filter_source_repo
   9: git_filter_source_repo
  10: git_filter_source_repo
  11: git_filter_source_repo
  12: git_filter_source_repo
  13: git_filter_source_repo
  14: git_libgit2_prerelease
  15: <unknown>
  16: <unknown>
  17: <unknown>
  18: <unknown>
  19: git_midx_writer_dump
  20: git_filter_source_repo
  21: git_midx_writer_dump
  22: BaseThreadInitThunk
  23: RtlUserThreadStart
   0.672957700s  INFO prepare_target{force=false package_id=predicates-tree v1.0.12 target="predicates_tree"}: cargo::core::compiler::fingerprint: fingerprint error for predicates-tree v1.0.12/Check { test: false }/TargetInner { ..: lib_target("predicates_tree", ["lib"], "C:\\Users\\rno41\\.cargo\\registry\\src\\index.crates.io-1949cf8c6b5b557f\\predicates-tree-1.0.12\\src\\lib.rs", Edition2021) }
   0.672983500s  INFO prepare_target{force=false package_id=predicates-tree v1.0.12 target="predicates_tree"}: cargo::core::compiler::fingerprint:     err: failed to read `C:\Users\rno41\Downloads\XUE\target\debug\.fingerprint\predicates-tree-aff194134ff29a73\lib-predicates_tree`

Caused by:
    The system cannot find the file specified. (os error 2)

Stack backtrace:
   0: git_midx_writer_dump
   1: git_midx_writer_dump
   2: git_midx_writer_dump
   3: git_midx_writer_dump
   4: git_filter_source_repo
   5: git_filter_source_repo
   6: git_filter_source_repo
   7: git_filter_source_repo
   8: git_filter_source_repo
   9: git_filter_source_repo
  10: git_filter_source_repo
  11: git_filter_source_repo
  12: git_filter_source_repo
  13: git_libgit2_prerelease
  14: <unknown>
  15: <unknown>
  16: <unknown>
  17: <unknown>
  18: git_midx_writer_dump
  19: git_filter_source_repo
  20: git_midx_writer_dump
  21: BaseThreadInitThunk
  22: RtlUserThreadStart
   0.673759100s  INFO prepare_target{force=false package_id=termtree v0.5.1 target="termtree"}: cargo::core::compiler::fingerprint: fingerprint error for termtree v0.5.1/Check { test: false }/TargetInner { ..: lib_target("termtree", ["lib"], "C:\\Users\\rno41\\.cargo\\registry\\src\\index.crates.io-1949cf8c6b5b557f\\termtree-0.5.1\\src\\lib.rs", Edition2021) }
   0.673783600s  INFO prepare_target{force=false package_id=termtree v0.5.1 target="termtree"}: cargo::core::compiler::fingerprint:     err: failed to read `C:\Users\rno41\Downloads\XUE\target\debug\.fingerprint\termtree-3d5a4bc70f162674\lib-termtree`

Caused by:
    The system cannot find the file specified. (os error 2)

Stack backtrace:
   0: git_midx_writer_dump
   1: git_midx_writer_dump
   2: git_midx_writer_dump
   3: git_midx_writer_dump
   4: git_filter_source_repo
   5: git_filter_source_repo
   6: git_filter_source_repo
   7: git_filter_source_repo
   8: git_filter_source_repo
   9: git_filter_source_repo
  10: git_filter_source_repo
  11: git_filter_source_repo
  12: git_filter_source_repo
  13: git_filter_source_repo
  14: git_libgit2_prerelease
  15: <unknown>
  16: <unknown>
  17: <unknown>
  18: <unknown>
  19: git_midx_writer_dump
  20: git_filter_source_repo
  21: git_midx_writer_dump
  22: BaseThreadInitThunk
  23: RtlUserThreadStart
   0.674438200s  INFO prepare_target{force=false package_id=tower-http v0.6.8 target="tower_http"}: cargo::core::compiler::fingerprint: fingerprint error for tower-http v0.6.8/Check { test: false }/TargetInner { ..: lib_target("tower_http", ["lib"], "C:\\Users\\rno41\\.cargo\\registry\\src\\index.crates.io-1949cf8c6b5b557f\\tower-http-0.6.8\\src\\lib.rs", Edition2018) }
   0.674465000s  INFO prepare_target{force=false package_id=tower-http v0.6.8 target="tower_http"}: cargo::core::compiler::fingerprint:     err: failed to read `C:\Users\rno41\Downloads\XUE\target\debug\.fingerprint\tower-http-acb50a267866a6d0\lib-tower_http`

Caused by:
    The system cannot find the file specified. (os error 2)

Stack backtrace:
   0: git_midx_writer_dump
   1: git_midx_writer_dump
   2: git_midx_writer_dump
   3: git_midx_writer_dump
   4: git_filter_source_repo
   5: git_filter_source_repo
   6: git_filter_source_repo
   7: git_filter_source_repo
   8: git_filter_source_repo
   9: git_filter_source_repo
  10: git_filter_source_repo
  11: git_filter_source_repo
  12: git_libgit2_prerelease
  13: <unknown>
  14: <unknown>
  15: <unknown>
  16: <unknown>
  17: git_midx_writer_dump
  18: git_filter_source_repo
  19: git_midx_writer_dump
  20: BaseThreadInitThunk
  21: RtlUserThreadStart
   0.675685700s  INFO prepare_target{force=false package_id=async-compression v0.4.37 target="async_compression"}: cargo::core::compiler::fingerprint: fingerprint error for async-compression v0.4.37/Check { test: false }/TargetInner { ..: lib_target("async_compression", ["lib"], "C:\\Users\\rno41\\.cargo\\registry\\src\\index.crates.io-1949cf8c6b5b557f\\async-compression-0.4.37\\src\\lib.rs", Edition2018) }
   0.675711400s  INFO prepare_target{force=false package_id=async-compression v0.4.37 target="async_compression"}: cargo::core::compiler::fingerprint:     err: failed to read `C:\Users\rno41\Downloads\XUE\target\debug\.fingerprint\async-compression-f89d138c399fe13d\lib-async_compression`

Caused by:
    The system cannot find the file specified. (os error 2)

Stack backtrace:
   0: git_midx_writer_dump
   1: git_midx_writer_dump
   2: git_midx_writer_dump
   3: git_midx_writer_dump
   4: git_filter_source_repo
   5: git_filter_source_repo
   6: git_filter_source_repo
   7: git_filter_source_repo
   8: git_filter_source_repo
   9: git_filter_source_repo
  10: git_filter_source_repo
  11: git_filter_source_repo
  12: git_filter_source_repo
  13: git_libgit2_prerelease
  14: <unknown>
  15: <unknown>
  16: <unknown>
  17: <unknown>
  18: git_midx_writer_dump
  19: git_filter_source_repo
  20: git_midx_writer_dump
  21: BaseThreadInitThunk
  22: RtlUserThreadStart
   0.676465400s  INFO prepare_target{force=false package_id=compression-codecs v0.4.36 target="compression_codecs"}: cargo::core::compiler::fingerprint: fingerprint error for compression-codecs v0.4.36/Check { test: false }/TargetInner { ..: lib_target("compression_codecs", ["lib"], "C:\\Users\\rno41\\.cargo\\registry\\src\\index.crates.io-1949cf8c6b5b557f\\compression-codecs-0.4.36\\src\\lib.rs", Edition2018) }
   0.676490100s  INFO prepare_target{force=false package_id=compression-codecs v0.4.36 target="compression_codecs"}: cargo::core::compiler::fingerprint:     err: failed to read `C:\Users\rno41\Downloads\XUE\target\debug\.fingerprint\compression-codecs-370bbbf0837c5ce5\lib-compression_codecs`

Caused by:
    The system cannot find the file specified. (os error 2)

Stack backtrace:
   0: git_midx_writer_dump
   1: git_midx_writer_dump
   2: git_midx_writer_dump
   3: git_midx_writer_dump
   4: git_filter_source_repo
   5: git_filter_source_repo
   6: git_filter_source_repo
   7: git_filter_source_repo
   8: git_filter_source_repo
   9: git_filter_source_repo
  10: git_filter_source_repo
  11: git_filter_source_repo
  12: git_filter_source_repo
  13: git_filter_source_repo
  14: git_libgit2_prerelease
  15: <unknown>
  16: <unknown>
  17: <unknown>
  18: <unknown>
  19: git_midx_writer_dump
  20: git_filter_source_repo
  21: git_midx_writer_dump
  22: BaseThreadInitThunk
  23: RtlUserThreadStart
   0.677120200s  INFO prepare_target{force=false package_id=brotli v8.0.2 target="brotli"}: cargo::core::compiler::fingerprint: fingerprint error for brotli v8.0.2/Check { test: false }/TargetInner { ..: lib_target("brotli", ["lib"], "C:\\Users\\rno41\\.cargo\\registry\\src\\index.crates.io-1949cf8c6b5b557f\\brotli-8.0.2\\src\\lib.rs", Edition2015) }
   0.677147800s  INFO prepare_target{force=false package_id=brotli v8.0.2 target="brotli"}: cargo::core::compiler::fingerprint:     err: failed to read `C:\Users\rno41\Downloads\XUE\target\debug\.fingerprint\brotli-9431066c24685187\lib-brotli`

Caused by:
    The system cannot find the file specified. (os error 2)

Stack backtrace:
   0: git_midx_writer_dump
   1: git_midx_writer_dump
   2: git_midx_writer_dump
   3: git_midx_writer_dump
   4: git_filter_source_repo
   5: git_filter_source_repo
   6: git_filter_source_repo
   7: git_filter_source_repo
   8: git_filter_source_repo
   9: git_filter_source_repo
  10: git_filter_source_repo
  11: git_filter_source_repo
  12: git_filter_source_repo
  13: git_filter_source_repo
  14: git_filter_source_repo
  15: git_libgit2_prerelease
  16: <unknown>
  17: <unknown>
  18: <unknown>
  19: <unknown>
  20: git_midx_writer_dump
  21: git_filter_source_repo
  22: git_midx_writer_dump
  23: BaseThreadInitThunk
  24: RtlUserThreadStart
   0.677845100s  INFO prepare_target{force=false package_id=alloc-no-stdlib v2.0.4 target="alloc_no_stdlib"}: cargo::core::compiler::fingerprint: fingerprint error for alloc-no-stdlib v2.0.4/Check { test: false }/TargetInner { name_inferred: true, ..: lib_target("alloc_no_stdlib", ["lib"], "C:\\Users\\rno41\\.cargo\\registry\\src\\index.crates.io-1949cf8c6b5b557f\\alloc-no-stdlib-2.0.4\\src\\lib.rs", Edition2015) }
   0.677869700s  INFO prepare_target{force=false package_id=alloc-no-stdlib v2.0.4 target="alloc_no_stdlib"}: cargo::core::compiler::fingerprint:     err: failed to read `C:\Users\rno41\Downloads\XUE\target\debug\.fingerprint\alloc-no-stdlib-f2a3a2d7d07c4661\lib-alloc_no_stdlib`

Caused by:
    The system cannot find the file specified. (os error 2)

Stack backtrace:
   0: git_midx_writer_dump
   1: git_midx_writer_dump
   2: git_midx_writer_dump
   3: git_midx_writer_dump
   4: git_filter_source_repo
   5: git_filter_source_repo
   6: git_filter_source_repo
   7: git_filter_source_repo
   8: git_filter_source_repo
   9: git_filter_source_repo
  10: git_filter_source_repo
  11: git_filter_source_repo
  12: git_filter_source_repo
  13: git_filter_source_repo
  14: git_filter_source_repo
  15: git_filter_source_repo
  16: git_libgit2_prerelease
  17: <unknown>
  18: <unknown>
  19: <unknown>
  20: <unknown>
  21: git_midx_writer_dump
  22: git_filter_source_repo
  23: git_midx_writer_dump
  24: BaseThreadInitThunk
  25: RtlUserThreadStart
   0.678547500s  INFO prepare_target{force=false package_id=alloc-stdlib v0.2.2 target="alloc_stdlib"}: cargo::core::compiler::fingerprint: fingerprint error for alloc-stdlib v0.2.2/Check { test: false }/TargetInner { name_inferred: true, ..: lib_target("alloc_stdlib", ["lib"], "C:\\Users\\rno41\\.cargo\\registry\\src\\index.crates.io-1949cf8c6b5b557f\\alloc-stdlib-0.2.2\\src\\lib.rs", Edition2015) }
   0.678575900s  INFO prepare_target{force=false package_id=alloc-stdlib v0.2.2 target="alloc_stdlib"}: cargo::core::compiler::fingerprint:     err: failed to read `C:\Users\rno41\Downloads\XUE\target\debug\.fingerprint\alloc-stdlib-827750724d7a018d\lib-alloc_stdlib`

Caused by:
    The system cannot find the file specified. (os error 2)

Stack backtrace:
   0: git_midx_writer_dump
   1: git_midx_writer_dump
   2: git_midx_writer_dump
   3: git_midx_writer_dump
   4: git_filter_source_repo
   5: git_filter_source_repo
   6: git_filter_source_repo
   7: git_filter_source_repo
   8: git_filter_source_repo
   9: git_filter_source_repo
  10: git_filter_source_repo
  11: git_filter_source_repo
  12: git_filter_source_repo
  13: git_filter_source_repo
  14: git_filter_source_repo
  15: git_filter_source_repo
  16: git_libgit2_prerelease
  17: <unknown>
  18: <unknown>
  19: <unknown>
  20: <unknown>
  21: git_midx_writer_dump
  22: git_filter_source_repo
  23: git_midx_writer_dump
  24: BaseThreadInitThunk
  25: RtlUserThreadStart
   0.679274800s  INFO prepare_target{force=false package_id=brotli-decompressor v5.0.0 target="brotli_decompressor"}: cargo::core::compiler::fingerprint: fingerprint error for brotli-decompressor v5.0.0/Check { test: false }/TargetInner { name_inferred: true, ..: lib_target("brotli_decompressor", ["lib"], "C:\\Users\\rno41\\.cargo\\registry\\src\\index.crates.io-1949cf8c6b5b557f\\brotli-decompressor-5.0.0\\src\\lib.rs", Edition2015) }
   0.679307900s  INFO prepare_target{force=false package_id=brotli-decompressor v5.0.0 target="brotli_decompressor"}: cargo::core::compiler::fingerprint:     err: failed to read `C:\Users\rno41\Downloads\XUE\target\debug\.fingerprint\brotli-decompressor-34b5a3782f78f1a1\lib-brotli_decompressor`

Caused by:
    The system cannot find the file specified. (os error 2)

Stack backtrace:
   0: git_midx_writer_dump
   1: git_midx_writer_dump
   2: git_midx_writer_dump
   3: git_midx_writer_dump
   4: git_filter_source_repo
   5: git_filter_source_repo
   6: git_filter_source_repo
   7: git_filter_source_repo
   8: git_filter_source_repo
   9: git_filter_source_repo
  10: git_filter_source_repo
  11: git_filter_source_repo
  12: git_filter_source_repo
  13: git_filter_source_repo
  14: git_filter_source_repo
  15: git_filter_source_repo
  16: git_libgit2_prerelease
  17: <unknown>
  18: <unknown>
  19: <unknown>
  20: <unknown>
  21: git_midx_writer_dump
  22: git_filter_source_repo
  23: git_midx_writer_dump
  24: BaseThreadInitThunk
  25: RtlUserThreadStart
   0.680208200s  INFO prepare_target{force=false package_id=compression-core v0.4.31 target="compression_core"}: cargo::core::compiler::fingerprint: fingerprint error for compression-core v0.4.31/Check { test: false }/TargetInner { ..: lib_target("compression_core", ["lib"], "C:\\Users\\rno41\\.cargo\\registry\\src\\index.crates.io-1949cf8c6b5b557f\\compression-core-0.4.31\\src\\lib.rs", Edition2018) }
   0.680242900s  INFO prepare_target{force=false package_id=compression-core v0.4.31 target="compression_core"}: cargo::core::compiler::fingerprint:     err: failed to read `C:\Users\rno41\Downloads\XUE\target\debug\.fingerprint\compression-core-877ae47aeecf033e\lib-compression_core`

Caused by:
    The system cannot find the file specified. (os error 2)

Stack backtrace:
   0: git_midx_writer_dump
   1: git_midx_writer_dump
   2: git_midx_writer_dump
   3: git_midx_writer_dump
   4: git_filter_source_repo
   5: git_filter_source_repo
   6: git_filter_source_repo
   7: git_filter_source_repo
   8: git_filter_source_repo
   9: git_filter_source_repo
  10: git_filter_source_repo
  11: git_filter_source_repo
  12: git_filter_source_repo
  13: git_filter_source_repo
  14: git_filter_source_repo
  15: git_libgit2_prerelease
  16: <unknown>
  17: <unknown>
  18: <unknown>
  19: <unknown>
  20: git_midx_writer_dump
  21: git_filter_source_repo
  22: git_midx_writer_dump
  23: BaseThreadInitThunk
  24: RtlUserThreadStart
   0.680961400s  INFO prepare_target{force=false package_id=flate2 v1.1.8 target="flate2"}: cargo::core::compiler::fingerprint: fingerprint error for flate2 v1.1.8/Check { test: false }/TargetInner { ..: lib_target("flate2", ["lib"], "C:\\Users\\rno41\\.cargo\\registry\\src\\index.crates.io-1949cf8c6b5b557f\\flate2-1.1.8\\src\\lib.rs", Edition2018) }
   0.680985900s  INFO prepare_target{force=false package_id=flate2 v1.1.8 target="flate2"}: cargo::core::compiler::fingerprint:     err: failed to read `C:\Users\rno41\Downloads\XUE\target\debug\.fingerprint\flate2-bfe6d75866cef394\lib-flate2`

Caused by:
    The system cannot find the file specified. (os error 2)

Stack backtrace:
   0: git_midx_writer_dump
   1: git_midx_writer_dump
   2: git_midx_writer_dump
   3: git_midx_writer_dump
   4: git_filter_source_repo
   5: git_filter_source_repo
   6: git_filter_source_repo
   7: git_filter_source_repo
   8: git_filter_source_repo
   9: git_filter_source_repo
  10: git_filter_source_repo
  11: git_filter_source_repo
  12: git_filter_source_repo
  13: git_filter_source_repo
  14: git_filter_source_repo
  15: git_libgit2_prerelease
  16: <unknown>
  17: <unknown>
  18: <unknown>
  19: <unknown>
  20: git_midx_writer_dump
  21: git_filter_source_repo
  22: git_midx_writer_dump
  23: BaseThreadInitThunk
  24: RtlUserThreadStart
   0.681669400s  INFO prepare_target{force=false package_id=crc32fast v1.5.0 target="crc32fast"}: cargo::core::compiler::fingerprint: fingerprint error for crc32fast v1.5.0/Check { test: false }/TargetInner { ..: lib_target("crc32fast", ["lib"], "C:\\Users\\rno41\\.cargo\\registry\\src\\index.crates.io-1949cf8c6b5b557f\\crc32fast-1.5.0\\src\\lib.rs", Edition2021) }
   0.681699100s  INFO prepare_target{force=false package_id=crc32fast v1.5.0 target="crc32fast"}: cargo::core::compiler::fingerprint:     err: failed to read `C:\Users\rno41\Downloads\XUE\target\debug\.fingerprint\crc32fast-801ee37188b40b71\lib-crc32fast`

Caused by:
    The system cannot find the file specified. (os error 2)

Stack backtrace:
   0: git_midx_writer_dump
   1: git_midx_writer_dump
   2: git_midx_writer_dump
   3: git_midx_writer_dump
   4: git_filter_source_repo
   5: git_filter_source_repo
   6: git_filter_source_repo
   7: git_filter_source_repo
   8: git_filter_source_repo
   9: git_filter_source_repo
  10: git_filter_source_repo
  11: git_filter_source_repo
  12: git_filter_source_repo
  13: git_filter_source_repo
  14: git_filter_source_repo
  15: git_filter_source_repo
  16: git_libgit2_prerelease
  17: <unknown>
  18: <unknown>
  19: <unknown>
  20: <unknown>
  21: git_midx_writer_dump
  22: git_filter_source_repo
  23: git_midx_writer_dump
  24: BaseThreadInitThunk
  25: RtlUserThreadStart
   0.683777700s  INFO prepare_target{force=false package_id=miniz_oxide v0.8.9 target="miniz_oxide"}: cargo::core::compiler::fingerprint: fingerprint error for miniz_oxide v0.8.9/Check { test: false }/TargetInner { ..: lib_target("miniz_oxide", ["lib"], "C:\\Users\\rno41\\.cargo\\registry\\src\\index.crates.io-1949cf8c6b5b557f\\miniz_oxide-0.8.9\\src\\lib.rs", Edition2021) }
   0.683821700s  INFO prepare_target{force=false package_id=miniz_oxide v0.8.9 target="miniz_oxide"}: cargo::core::compiler::fingerprint:     err: failed to read `C:\Users\rno41\Downloads\XUE\target\debug\.fingerprint\miniz_oxide-2e9e81a94c2ceba6\lib-miniz_oxide`

Caused by:
    The system cannot find the file specified. (os error 2)

Stack backtrace:
   0: git_midx_writer_dump
   1: git_midx_writer_dump
   2: git_midx_writer_dump
   3: git_midx_writer_dump
   4: git_filter_source_repo
   5: git_filter_source_repo
   6: git_filter_source_repo
   7: git_filter_source_repo
   8: git_filter_source_repo
   9: git_filter_source_repo
  10: git_filter_source_repo
  11: git_filter_source_repo
  12: git_filter_source_repo
  13: git_filter_source_repo
  14: git_filter_source_repo
  15: git_filter_source_repo
  16: git_libgit2_prerelease
  17: <unknown>
  18: <unknown>
  19: <unknown>
  20: <unknown>
  21: git_midx_writer_dump
  22: git_filter_source_repo
  23: git_midx_writer_dump
  24: BaseThreadInitThunk
  25: RtlUserThreadStart
   0.684607600s  INFO prepare_target{force=false package_id=adler2 v2.0.1 target="adler2"}: cargo::core::compiler::fingerprint: fingerprint error for adler2 v2.0.1/Check { test: false }/TargetInner { ..: lib_target("adler2", ["lib"], "C:\\Users\\rno41\\.cargo\\registry\\src\\index.crates.io-1949cf8c6b5b557f\\adler2-2.0.1\\src\\lib.rs", Edition2021) }
   0.684632800s  INFO prepare_target{force=false package_id=adler2 v2.0.1 target="adler2"}: cargo::core::compiler::fingerprint:     err: failed to read `C:\Users\rno41\Downloads\XUE\target\debug\.fingerprint\adler2-499939a9193e00cb\lib-adler2`

Caused by:
    The system cannot find the file specified. (os error 2)

Stack backtrace:
   0: git_midx_writer_dump
   1: git_midx_writer_dump
   2: git_midx_writer_dump
   3: git_midx_writer_dump
   4: git_filter_source_repo
   5: git_filter_source_repo
   6: git_filter_source_repo
   7: git_filter_source_repo
   8: git_filter_source_repo
   9: git_filter_source_repo
  10: git_filter_source_repo
  11: git_filter_source_repo
  12: git_filter_source_repo
  13: git_filter_source_repo
  14: git_filter_source_repo
  15: git_filter_source_repo
  16: git_filter_source_repo
  17: git_libgit2_prerelease
  18: <unknown>
  19: <unknown>
  20: <unknown>
  21: <unknown>
  22: git_midx_writer_dump
  23: git_filter_source_repo
  24: git_midx_writer_dump
  25: BaseThreadInitThunk
  26: RtlUserThreadStart
   0.685414600s  INFO prepare_target{force=false package_id=simd-adler32 v0.3.8 target="simd_adler32"}: cargo::core::compiler::fingerprint: fingerprint error for simd-adler32 v0.3.8/Check { test: false }/TargetInner { ..: lib_target("simd_adler32", ["lib"], "C:\\Users\\rno41\\.cargo\\registry\\src\\index.crates.io-1949cf8c6b5b557f\\simd-adler32-0.3.8\\src\\lib.rs", Edition2018) }
   0.685444600s  INFO prepare_target{force=false package_id=simd-adler32 v0.3.8 target="simd_adler32"}: cargo::core::compiler::fingerprint:     err: failed to read `C:\Users\rno41\Downloads\XUE\target\debug\.fingerprint\simd-adler32-939b6a498253beb4\lib-simd_adler32`

Caused by:
    The system cannot find the file specified. (os error 2)

Stack backtrace:
   0: git_midx_writer_dump
   1: git_midx_writer_dump
   2: git_midx_writer_dump
   3: git_midx_writer_dump
   4: git_filter_source_repo
   5: git_filter_source_repo
   6: git_filter_source_repo
   7: git_filter_source_repo
   8: git_filter_source_repo
   9: git_filter_source_repo
  10: git_filter_source_repo
  11: git_filter_source_repo
  12: git_filter_source_repo
  13: git_filter_source_repo
  14: git_filter_source_repo
  15: git_filter_source_repo
  16: git_filter_source_repo
  17: git_libgit2_prerelease
  18: <unknown>
  19: <unknown>
  20: <unknown>
  21: <unknown>
  22: git_midx_writer_dump
  23: git_filter_source_repo
  24: git_midx_writer_dump
  25: BaseThreadInitThunk
  26: RtlUserThreadStart
   0.686326800s  INFO prepare_target{force=false package_id=zstd v0.13.3 target="zstd"}: cargo::core::compiler::fingerprint: fingerprint error for zstd v0.13.3/Check { test: false }/TargetInner { ..: lib_target("zstd", ["lib"], "C:\\Users\\rno41\\.cargo\\registry\\src\\index.crates.io-1949cf8c6b5b557f\\zstd-0.13.3\\src\\lib.rs", Edition2018) }
   0.686362700s  INFO prepare_target{force=false package_id=zstd v0.13.3 target="zstd"}: cargo::core::compiler::fingerprint:     err: failed to read `C:\Users\rno41\Downloads\XUE\target\debug\.fingerprint\zstd-836f65b095552681\lib-zstd`

Caused by:
    The system cannot find the file specified. (os error 2)

Stack backtrace:
   0: git_midx_writer_dump
   1: git_midx_writer_dump
   2: git_midx_writer_dump
   3: git_midx_writer_dump
   4: git_filter_source_repo
   5: git_filter_source_repo
   6: git_filter_source_repo
   7: git_filter_source_repo
   8: git_filter_source_repo
   9: git_filter_source_repo
  10: git_filter_source_repo
  11: git_filter_source_repo
  12: git_filter_source_repo
  13: git_filter_source_repo
  14: git_filter_source_repo
  15: git_libgit2_prerelease
  16: <unknown>
  17: <unknown>
  18: <unknown>
  19: <unknown>
  20: git_midx_writer_dump
  21: git_filter_source_repo
  22: git_midx_writer_dump
  23: BaseThreadInitThunk
  24: RtlUserThreadStart
   0.687266100s  INFO prepare_target{force=false package_id=zstd-safe v7.2.4 target="zstd_safe"}: cargo::core::compiler::fingerprint: fingerprint error for zstd-safe v7.2.4/Check { test: false }/TargetInner { ..: lib_target("zstd_safe", ["lib"], "C:\\Users\\rno41\\.cargo\\registry\\src\\index.crates.io-1949cf8c6b5b557f\\zstd-safe-7.2.4\\src\\lib.rs", Edition2018) }
   0.687300100s  INFO prepare_target{force=false package_id=zstd-safe v7.2.4 target="zstd_safe"}: cargo::core::compiler::fingerprint:     err: failed to read `C:\Users\rno41\Downloads\XUE\target\debug\.fingerprint\zstd-safe-30227ad83d840add\lib-zstd_safe`

Caused by:
    The system cannot find the file specified. (os error 2)

Stack backtrace:
   0: git_midx_writer_dump
   1: git_midx_writer_dump
   2: git_midx_writer_dump
   3: git_midx_writer_dump
   4: git_filter_source_repo
   5: git_filter_source_repo
   6: git_filter_source_repo
   7: git_filter_source_repo
   8: git_filter_source_repo
   9: git_filter_source_repo
  10: git_filter_source_repo
  11: git_filter_source_repo
  12: git_filter_source_repo
  13: git_filter_source_repo
  14: git_filter_source_repo
  15: git_filter_source_repo
  16: git_libgit2_prerelease
  17: <unknown>
  18: <unknown>
  19: <unknown>
  20: <unknown>
  21: git_midx_writer_dump
  22: git_filter_source_repo
  23: git_midx_writer_dump
  24: BaseThreadInitThunk
  25: RtlUserThreadStart
   0.691729300s  INFO prepare_target{force=false package_id=zstd-sys v2.0.16+zstd.1.5.7 target="zstd_sys"}: cargo::core::compiler::fingerprint: fingerprint error for zstd-sys v2.0.16+zstd.1.5.7/Check { test: false }/TargetInner { doctest: false, ..: lib_target("zstd_sys", ["lib"], "C:\\Users\\rno41\\.cargo\\registry\\src\\index.crates.io-1949cf8c6b5b557f\\zstd-sys-2.0.16+zstd.1.5.7\\src\\lib.rs", Edition2018) }
   0.691782500s  INFO prepare_target{force=false package_id=zstd-sys v2.0.16+zstd.1.5.7 target="zstd_sys"}: cargo::core::compiler::fingerprint:     err: failed to read `C:\Users\rno41\Downloads\XUE\target\debug\.fingerprint\zstd-sys-f9b2588d057f87c6\lib-zstd_sys`

Caused by:
    The system cannot find the file specified. (os error 2)

Stack backtrace:
   0: git_midx_writer_dump
   1: git_midx_writer_dump
   2: git_midx_writer_dump
   3: git_midx_writer_dump
   4: git_filter_source_repo
   5: git_filter_source_repo
   6: git_filter_source_repo
   7: git_filter_source_repo
   8: git_filter_source_repo
   9: git_filter_source_repo
  10: git_filter_source_repo
  11: git_filter_source_repo
  12: git_filter_source_repo
  13: git_filter_source_repo
  14: git_filter_source_repo
  15: git_filter_source_repo
  16: git_filter_source_repo
  17: git_libgit2_prerelease
  18: <unknown>
  19: <unknown>
  20: <unknown>
  21: <unknown>
  22: git_midx_writer_dump
  23: git_filter_source_repo
  24: git_midx_writer_dump
  25: BaseThreadInitThunk
  26: RtlUserThreadStart
   0.692885900s  INFO prepare_target{force=false package_id=http-range-header v0.4.2 target="http_range_header"}: cargo::core::compiler::fingerprint: fingerprint error for http-range-header v0.4.2/Check { test: false }/TargetInner { ..: lib_target("http_range_header", ["lib"], "C:\\Users\\rno41\\.cargo\\registry\\src\\index.crates.io-1949cf8c6b5b557f\\http-range-header-0.4.2\\src\\lib.rs", Edition2018) }
   0.692923700s  INFO prepare_target{force=false package_id=http-range-header v0.4.2 target="http_range_header"}: cargo::core::compiler::fingerprint:     err: failed to read `C:\Users\rno41\Downloads\XUE\target\debug\.fingerprint\http-range-header-f92b9ffa94b69e51\lib-http_range_header`

Caused by:
    The system cannot find the file specified. (os error 2)

Stack backtrace:
   0: git_midx_writer_dump
   1: git_midx_writer_dump
   2: git_midx_writer_dump
   3: git_midx_writer_dump
   4: git_filter_source_repo
   5: git_filter_source_repo
   6: git_filter_source_repo
   7: git_filter_source_repo
   8: git_filter_source_repo
   9: git_filter_source_repo
  10: git_filter_source_repo
  11: git_filter_source_repo
  12: git_filter_source_repo
  13: git_libgit2_prerelease
  14: <unknown>
  15: <unknown>
  16: <unknown>
  17: <unknown>
  18: git_midx_writer_dump
  19: git_filter_source_repo
  20: git_midx_writer_dump
  21: BaseThreadInitThunk
  22: RtlUserThreadStart
   0.693819900s  INFO prepare_target{force=false package_id=iri-string v0.7.10 target="iri_string"}: cargo::core::compiler::fingerprint: fingerprint error for iri-string v0.7.10/Check { test: false }/TargetInner { benched: false, ..: lib_target("iri_string", ["lib"], "C:\\Users\\rno41\\.cargo\\registry\\src\\index.crates.io-1949cf8c6b5b557f\\iri-string-0.7.10\\src\\lib.rs", Edition2021) }
   0.693866400s  INFO prepare_target{force=false package_id=iri-string v0.7.10 target="iri_string"}: cargo::core::compiler::fingerprint:     err: failed to read `C:\Users\rno41\Downloads\XUE\target\debug\.fingerprint\iri-string-dd68f744cab77087\lib-iri_string`

Caused by:
    The system cannot find the file specified. (os error 2)

Stack backtrace:
   0: git_midx_writer_dump
   1: git_midx_writer_dump
   2: git_midx_writer_dump
   3: git_midx_writer_dump
   4: git_filter_source_repo
   5: git_filter_source_repo
   6: git_filter_source_repo
   7: git_filter_source_repo
   8: git_filter_source_repo
   9: git_filter_source_repo
  10: git_filter_source_repo
  11: git_filter_source_repo
  12: git_filter_source_repo
  13: git_libgit2_prerelease
  14: <unknown>
  15: <unknown>
  16: <unknown>
  17: <unknown>
  18: git_midx_writer_dump
  19: git_filter_source_repo
  20: git_midx_writer_dump
  21: BaseThreadInitThunk
  22: RtlUserThreadStart
   0.694899600s  INFO prepare_target{force=false package_id=mime_guess v2.0.5 target="mime_guess"}: cargo::core::compiler::fingerprint: fingerprint error for mime_guess v2.0.5/Check { test: false }/TargetInner { name_inferred: true, ..: lib_target("mime_guess", ["lib"], "C:\\Users\\rno41\\.cargo\\registry\\src\\index.crates.io-1949cf8c6b5b557f\\mime_guess-2.0.5\\src\\lib.rs", Edition2015) }
   0.694936000s  INFO prepare_target{force=false package_id=mime_guess v2.0.5 target="mime_guess"}: cargo::core::compiler::fingerprint:     err: failed to read `C:\Users\rno41\Downloads\XUE\target\debug\.fingerprint\mime_guess-2abe368ba6e59836\lib-mime_guess`

Caused by:
    The system cannot find the file specified. (os error 2)

Stack backtrace:
   0: git_midx_writer_dump
   1: git_midx_writer_dump
   2: git_midx_writer_dump
   3: git_midx_writer_dump
   4: git_filter_source_repo
   5: git_filter_source_repo
   6: git_filter_source_repo
   7: git_filter_source_repo
   8: git_filter_source_repo
   9: git_filter_source_repo
  10: git_filter_source_repo
  11: git_filter_source_repo
  12: git_filter_source_repo
  13: git_libgit2_prerelease
  14: <unknown>
  15: <unknown>
  16: <unknown>
  17: <unknown>
  18: git_midx_writer_dump
  19: git_filter_source_repo
  20: git_midx_writer_dump
  21: BaseThreadInitThunk
  22: RtlUserThreadStart
   0.698063600s  INFO prepare_target{force=false package_id=unicase v2.9.0 target="unicase"}: cargo::core::compiler::fingerprint: fingerprint error for unicase v2.9.0/Check { test: false }/TargetInner { ..: lib_target("unicase", ["lib"], "C:\\Users\\rno41\\.cargo\\registry\\src\\index.crates.io-1949cf8c6b5b557f\\unicase-2.9.0\\src\\lib.rs", Edition2018) }
   0.698102000s  INFO prepare_target{force=false package_id=unicase v2.9.0 target="unicase"}: cargo::core::compiler::fingerprint:     err: failed to read `C:\Users\rno41\Downloads\XUE\target\debug\.fingerprint\unicase-efefc5f33e1d97d9\lib-unicase`

Caused by:
    The system cannot find the file specified. (os error 2)

Stack backtrace:
   0: git_midx_writer_dump
   1: git_midx_writer_dump
   2: git_midx_writer_dump
   3: git_midx_writer_dump
   4: git_filter_source_repo
   5: git_filter_source_repo
   6: git_filter_source_repo
   7: git_filter_source_repo
   8: git_filter_source_repo
   9: git_filter_source_repo
  10: git_filter_source_repo
  11: git_filter_source_repo
  12: git_filter_source_repo
  13: git_filter_source_repo
  14: git_libgit2_prerelease
  15: <unknown>
  16: <unknown>
  17: <unknown>
  18: <unknown>
  19: git_midx_writer_dump
  20: git_filter_source_repo
  21: git_midx_writer_dump
  22: BaseThreadInitThunk
  23: RtlUserThreadStart
   0.698814200s  INFO prepare_target{force=false package_id=tokio-util v0.7.18 target="tokio_util"}: cargo::core::compiler::fingerprint: fingerprint error for tokio-util v0.7.18/Check { test: false }/TargetInner { ..: lib_target("tokio_util", ["lib"], "C:\\Users\\rno41\\.cargo\\registry\\src\\index.crates.io-1949cf8c6b5b557f\\tokio-util-0.7.18\\src\\lib.rs", Edition2021) }
   0.698841000s  INFO prepare_target{force=false package_id=tokio-util v0.7.18 target="tokio_util"}: cargo::core::compiler::fingerprint:     err: failed to read `C:\Users\rno41\Downloads\XUE\target\debug\.fingerprint\tokio-util-ea9df4a6a461e422\lib-tokio_util`

Caused by:
    The system cannot find the file specified. (os error 2)

Stack backtrace:
   0: git_midx_writer_dump
   1: git_midx_writer_dump
   2: git_midx_writer_dump
   3: git_midx_writer_dump
   4: git_filter_source_repo
   5: git_filter_source_repo
   6: git_filter_source_repo
   7: git_filter_source_repo
   8: git_filter_source_repo
   9: git_filter_source_repo
  10: git_filter_source_repo
  11: git_filter_source_repo
  12: git_filter_source_repo
  13: git_libgit2_prerelease
  14: <unknown>
  15: <unknown>
  16: <unknown>
  17: <unknown>
  18: git_midx_writer_dump
  19: git_filter_source_repo
  20: git_midx_writer_dump
  21: BaseThreadInitThunk
  22: RtlUserThreadStart
   0.699825100s  INFO prepare_target{force=false package_id=futures-sink v0.3.31 target="futures_sink"}: cargo::core::compiler::fingerprint: fingerprint error for futures-sink v0.3.31/Check { test: false }/TargetInner { ..: lib_target("futures_sink", ["lib"], "C:\\Users\\rno41\\.cargo\\registry\\src\\index.crates.io-1949cf8c6b5b557f\\futures-sink-0.3.31\\src\\lib.rs", Edition2018) }
   0.699852300s  INFO prepare_target{force=false package_id=futures-sink v0.3.31 target="futures_sink"}: cargo::core::compiler::fingerprint:     err: failed to read `C:\Users\rno41\Downloads\XUE\target\debug\.fingerprint\futures-sink-c57e534f44861bdf\lib-futures_sink`

Caused by:
    The system cannot find the file specified. (os error 2)

Stack backtrace:
   0: git_midx_writer_dump
   1: git_midx_writer_dump
   2: git_midx_writer_dump
   3: git_midx_writer_dump
   4: git_filter_source_repo
   5: git_filter_source_repo
   6: git_filter_source_repo
   7: git_filter_source_repo
   8: git_filter_source_repo
   9: git_filter_source_repo
  10: git_filter_source_repo
  11: git_filter_source_repo
  12: git_filter_source_repo
  13: git_filter_source_repo
  14: git_libgit2_prerelease
  15: <unknown>
  16: <unknown>
  17: <unknown>
  18: <unknown>
  19: git_midx_writer_dump
  20: git_filter_source_repo
  21: git_midx_writer_dump
  22: BaseThreadInitThunk
  23: RtlUserThreadStart
   0.700504700s  INFO prepare_target{force=false package_id=uuid v1.19.0 target="uuid"}: cargo::core::compiler::fingerprint: fingerprint error for uuid v1.19.0/Check { test: false }/TargetInner { ..: lib_target("uuid", ["lib"], "C:\\Users\\rno41\\.cargo\\registry\\src\\index.crates.io-1949cf8c6b5b557f\\uuid-1.19.0\\src\\lib.rs", Edition2021) }
   0.700526700s  INFO prepare_target{force=false package_id=uuid v1.19.0 target="uuid"}: cargo::core::compiler::fingerprint:     err: failed to read `C:\Users\rno41\Downloads\XUE\target\debug\.fingerprint\uuid-d1a3430d07e03ac6\lib-uuid`

Caused by:
    The system cannot find the file specified. (os error 2)

Stack backtrace:
   0: git_midx_writer_dump
   1: git_midx_writer_dump
   2: git_midx_writer_dump
   3: git_midx_writer_dump
   4: git_filter_source_repo
   5: git_filter_source_repo
   6: git_filter_source_repo
   7: git_filter_source_repo
   8: git_filter_source_repo
   9: git_filter_source_repo
  10: git_filter_source_repo
  11: git_filter_source_repo
  12: git_filter_source_repo
  13: git_libgit2_prerelease
  14: <unknown>
  15: <unknown>
  16: <unknown>
  17: <unknown>
  18: git_midx_writer_dump
  19: git_filter_source_repo
  20: git_midx_writer_dump
  21: BaseThreadInitThunk
  22: RtlUserThreadStart
   0.701143000s  INFO prepare_target{force=false package_id=getrandom v0.3.4 target="getrandom"}: cargo::core::compiler::fingerprint: fingerprint error for getrandom v0.3.4/Check { test: false }/TargetInner { ..: lib_target("getrandom", ["lib"], "C:\\Users\\rno41\\.cargo\\registry\\src\\index.crates.io-1949cf8c6b5b557f\\getrandom-0.3.4\\src\\lib.rs", Edition2021) }
   0.701173000s  INFO prepare_target{force=false package_id=getrandom v0.3.4 target="getrandom"}: cargo::core::compiler::fingerprint:     err: failed to read `C:\Users\rno41\Downloads\XUE\target\debug\.fingerprint\getrandom-6b358047e3c9c75d\lib-getrandom`

Caused by:
    The system cannot find the file specified. (os error 2)

Stack backtrace:
   0: git_midx_writer_dump
   1: git_midx_writer_dump
   2: git_midx_writer_dump
   3: git_midx_writer_dump
   4: git_filter_source_repo
   5: git_filter_source_repo
   6: git_filter_source_repo
   7: git_filter_source_repo
   8: git_filter_source_repo
   9: git_filter_source_repo
  10: git_filter_source_repo
  11: git_filter_source_repo
  12: git_filter_source_repo
  13: git_filter_source_repo
  14: git_libgit2_prerelease
  15: <unknown>
  16: <unknown>
  17: <unknown>
  18: <unknown>
  19: git_midx_writer_dump
  20: git_filter_source_repo
  21: git_midx_writer_dump
  22: BaseThreadInitThunk
  23: RtlUserThreadStart
   0.702115200s  INFO prepare_target{force=false package_id=tracing-subscriber v0.3.22 target="tracing_subscriber"}: cargo::core::compiler::fingerprint: fingerprint error for tracing-subscriber v0.3.22/Check { test: false }/TargetInner { ..: lib_target("tracing_subscriber", ["lib"], "C:\\Users\\rno41\\.cargo\\registry\\src\\index.crates.io-1949cf8c6b5b557f\\tracing-subscriber-0.3.22\\src\\lib.rs", Edition2018) }
   0.702146400s  INFO prepare_target{force=false package_id=tracing-subscriber v0.3.22 target="tracing_subscriber"}: cargo::core::compiler::fingerprint:     err: failed to read `C:\Users\rno41\Downloads\XUE\target\debug\.fingerprint\tracing-subscriber-2c2377df5deaa30c\lib-tracing_subscriber`

Caused by:
    The system cannot find the file specified. (os error 2)

Stack backtrace:
   0: git_midx_writer_dump
   1: git_midx_writer_dump
   2: git_midx_writer_dump
   3: git_midx_writer_dump
   4: git_filter_source_repo
   5: git_filter_source_repo
   6: git_filter_source_repo
   7: git_filter_source_repo
   8: git_filter_source_repo
   9: git_filter_source_repo
  10: git_filter_source_repo
  11: git_filter_source_repo
  12: git_libgit2_prerelease
  13: <unknown>
  14: <unknown>
  15: <unknown>
  16: <unknown>
  17: git_midx_writer_dump
  18: git_filter_source_repo
  19: git_midx_writer_dump
  20: BaseThreadInitThunk
  21: RtlUserThreadStart
   0.702950100s  INFO prepare_target{force=false package_id=nu-ansi-term v0.50.3 target="nu_ansi_term"}: cargo::core::compiler::fingerprint: fingerprint error for nu-ansi-term v0.50.3/Check { test: false }/TargetInner { ..: lib_target("nu_ansi_term", ["lib"], "C:\\Users\\rno41\\.cargo\\registry\\src\\index.crates.io-1949cf8c6b5b557f\\nu-ansi-term-0.50.3\\src\\lib.rs", Edition2021) }
   0.702977500s  INFO prepare_target{force=false package_id=nu-ansi-term v0.50.3 target="nu_ansi_term"}: cargo::core::compiler::fingerprint:     err: failed to read `C:\Users\rno41\Downloads\XUE\target\debug\.fingerprint\nu-ansi-term-15324e6362a3d4b8\lib-nu_ansi_term`

Caused by:
    The system cannot find the file specified. (os error 2)

Stack backtrace:
   0: git_midx_writer_dump
   1: git_midx_writer_dump
   2: git_midx_writer_dump
   3: git_midx_writer_dump
   4: git_filter_source_repo
   5: git_filter_source_repo
   6: git_filter_source_repo
   7: git_filter_source_repo
   8: git_filter_source_repo
   9: git_filter_source_repo
  10: git_filter_source_repo
  11: git_filter_source_repo
  12: git_filter_source_repo
  13: git_libgit2_prerelease
  14: <unknown>
  15: <unknown>
  16: <unknown>
  17: <unknown>
  18: git_midx_writer_dump
  19: git_filter_source_repo
  20: git_midx_writer_dump
  21: BaseThreadInitThunk
  22: RtlUserThreadStart
   0.703817800s  INFO prepare_target{force=false package_id=sharded-slab v0.1.7 target="sharded_slab"}: cargo::core::compiler::fingerprint: fingerprint error for sharded-slab v0.1.7/Check { test: false }/TargetInner { name_inferred: true, ..: lib_target("sharded_slab", ["lib"], "C:\\Users\\rno41\\.cargo\\registry\\src\\index.crates.io-1949cf8c6b5b557f\\sharded-slab-0.1.7\\src\\lib.rs", Edition2018) }
   0.703848600s  INFO prepare_target{force=false package_id=sharded-slab v0.1.7 target="sharded_slab"}: cargo::core::compiler::fingerprint:     err: failed to read `C:\Users\rno41\Downloads\XUE\target\debug\.fingerprint\sharded-slab-fd5f38a614e18517\lib-sharded_slab`

Caused by:
    The system cannot find the file specified. (os error 2)

Stack backtrace:
   0: git_midx_writer_dump
   1: git_midx_writer_dump
   2: git_midx_writer_dump
   3: git_midx_writer_dump
   4: git_filter_source_repo
   5: git_filter_source_repo
   6: git_filter_source_repo
   7: git_filter_source_repo
   8: git_filter_source_repo
   9: git_filter_source_repo
  10: git_filter_source_repo
  11: git_filter_source_repo
  12: git_filter_source_repo
  13: git_libgit2_prerelease
  14: <unknown>
  15: <unknown>
  16: <unknown>
  17: <unknown>
  18: git_midx_writer_dump
  19: git_filter_source_repo
  20: git_midx_writer_dump
  21: BaseThreadInitThunk
  22: RtlUserThreadStart
   0.704597900s  INFO prepare_target{force=false package_id=lazy_static v1.5.0 target="lazy_static"}: cargo::core::compiler::fingerprint: fingerprint error for lazy_static v1.5.0/Check { test: false }/TargetInner { name_inferred: true, ..: lib_target("lazy_static", ["lib"], "C:\\Users\\rno41\\.cargo\\registry\\src\\index.crates.io-1949cf8c6b5b557f\\lazy_static-1.5.0\\src\\lib.rs", Edition2015) }
   0.704626400s  INFO prepare_target{force=false package_id=lazy_static v1.5.0 target="lazy_static"}: cargo::core::compiler::fingerprint:     err: failed to read `C:\Users\rno41\Downloads\XUE\target\debug\.fingerprint\lazy_static-db317b0120fd6d92\lib-lazy_static`

Caused by:
    The system cannot find the file specified. (os error 2)

Stack backtrace:
   0: git_midx_writer_dump
   1: git_midx_writer_dump
   2: git_midx_writer_dump
   3: git_midx_writer_dump
   4: git_filter_source_repo
   5: git_filter_source_repo
   6: git_filter_source_repo
   7: git_filter_source_repo
   8: git_filter_source_repo
   9: git_filter_source_repo
  10: git_filter_source_repo
  11: git_filter_source_repo
  12: git_filter_source_repo
  13: git_filter_source_repo
  14: git_libgit2_prerelease
  15: <unknown>
  16: <unknown>
  17: <unknown>
  18: <unknown>
  19: git_midx_writer_dump
  20: git_filter_source_repo
  21: git_midx_writer_dump
  22: BaseThreadInitThunk
  23: RtlUserThreadStart
   0.705588100s  INFO prepare_target{force=false package_id=thread_local v1.1.9 target="thread_local"}: cargo::core::compiler::fingerprint: fingerprint error for thread_local v1.1.9/Check { test: false }/TargetInner { ..: lib_target("thread_local", ["lib"], "C:\\Users\\rno41\\.cargo\\registry\\src\\index.crates.io-1949cf8c6b5b557f\\thread_local-1.1.9\\src\\lib.rs", Edition2021) }
   0.705616100s  INFO prepare_target{force=false package_id=thread_local v1.1.9 target="thread_local"}: cargo::core::compiler::fingerprint:     err: failed to read `C:\Users\rno41\Downloads\XUE\target\debug\.fingerprint\thread_local-e8d13b4bb41d2da1\lib-thread_local`

Caused by:
    The system cannot find the file specified. (os error 2)

Stack backtrace:
   0: git_midx_writer_dump
   1: git_midx_writer_dump
   2: git_midx_writer_dump
   3: git_midx_writer_dump
   4: git_filter_source_repo
   5: git_filter_source_repo
   6: git_filter_source_repo
   7: git_filter_source_repo
   8: git_filter_source_repo
   9: git_filter_source_repo
  10: git_filter_source_repo
  11: git_filter_source_repo
  12: git_filter_source_repo
  13: git_libgit2_prerelease
  14: <unknown>
  15: <unknown>
  16: <unknown>
  17: <unknown>
  18: git_midx_writer_dump
  19: git_filter_source_repo
  20: git_midx_writer_dump
  21: BaseThreadInitThunk
  22: RtlUserThreadStart
   0.706372700s  INFO prepare_target{force=false package_id=tracing-log v0.2.0 target="tracing_log"}: cargo::core::compiler::fingerprint: fingerprint error for tracing-log v0.2.0/Check { test: false }/TargetInner { name_inferred: true, ..: lib_target("tracing_log", ["lib"], "C:\\Users\\rno41\\.cargo\\registry\\src\\index.crates.io-1949cf8c6b5b557f\\tracing-log-0.2.0\\src\\lib.rs", Edition2018) }
   0.706397300s  INFO prepare_target{force=false package_id=tracing-log v0.2.0 target="tracing_log"}: cargo::core::compiler::fingerprint:     err: failed to read `C:\Users\rno41\Downloads\XUE\target\debug\.fingerprint\tracing-log-7958fa08baf2f5b8\lib-tracing_log`

Caused by:
    The system cannot find the file specified. (os error 2)

Stack backtrace:
   0: git_midx_writer_dump
   1: git_midx_writer_dump
   2: git_midx_writer_dump
   3: git_midx_writer_dump
   4: git_filter_source_repo
   5: git_filter_source_repo
   6: git_filter_source_repo
   7: git_filter_source_repo
   8: git_filter_source_repo
   9: git_filter_source_repo
  10: git_filter_source_repo
  11: git_filter_source_repo
  12: git_filter_source_repo
  13: git_libgit2_prerelease
  14: <unknown>
  15: <unknown>
  16: <unknown>
  17: <unknown>
  18: git_midx_writer_dump
  19: git_filter_source_repo
  20: git_midx_writer_dump
  21: BaseThreadInitThunk
  22: RtlUserThreadStart
   0.707179600s  INFO prepare_target{force=false package_id=server v0.1.0 (C:\Users\rno41\Downloads\XUE\ap\server) target="server"}: cargo::core::compiler::fingerprint: fingerprint error for server v0.1.0 (C:\Users\rno41\Downloads\XUE\ap\server)/Check { test: true }/TargetInner { name_inferred: true, ..: lib_target("server", ["lib"], "C:\\Users\\rno41\\Downloads\\XUE\\ap\\server\\src\\lib.rs", Edition2024) }
   0.707204200s  INFO prepare_target{force=false package_id=server v0.1.0 (C:\Users\rno41\Downloads\XUE\ap\server) target="server"}: cargo::core::compiler::fingerprint:     err: failed to read `C:\Users\rno41\Downloads\XUE\target\debug\.fingerprint\server-d29b3cbfd2eea4a8\test-lib-server`

Caused by:
    The system cannot find the file specified. (os error 2)

Stack backtrace:
   0: git_midx_writer_dump
   1: git_midx_writer_dump
   2: git_midx_writer_dump
   3: git_midx_writer_dump
   4: git_filter_source_repo
   5: git_filter_source_repo
   6: git_filter_source_repo
   7: git_filter_source_repo
   8: git_filter_source_repo
   9: git_filter_source_repo
  10: git_filter_source_repo
  11: git_libgit2_prerelease
  12: <unknown>
  13: <unknown>
  14: <unknown>
  15: <unknown>
  16: git_midx_writer_dump
  17: git_filter_source_repo
  18: git_midx_writer_dump
  19: BaseThreadInitThunk
  20: RtlUserThreadStart
   0.708952900s  INFO prepare_target{force=false package_id=server v0.1.0 (C:\Users\rno41\Downloads\XUE\ap\server) target="server"}: cargo::core::compiler::fingerprint: fingerprint error for server v0.1.0 (C:\Users\rno41\Downloads\XUE\ap\server)/Check { test: false }/TargetInner { name: "server", doc: true, ..: with_path("C:\\Users\\rno41\\Downloads\\XUE\\ap\\server\\src\\main.rs", Edition2024) }
   0.708982700s  INFO prepare_target{force=false package_id=server v0.1.0 (C:\Users\rno41\Downloads\XUE\ap\server) target="server"}: cargo::core::compiler::fingerprint:     err: failed to read `C:\Users\rno41\Downloads\XUE\target\debug\.fingerprint\server-a8e9adf3157e8fc3\bin-server`

Caused by:
    The system cannot find the file specified. (os error 2)

Stack backtrace:
   0: git_midx_writer_dump
   1: git_midx_writer_dump
   2: git_midx_writer_dump
   3: git_midx_writer_dump
   4: git_filter_source_repo
   5: git_filter_source_repo
   6: git_filter_source_repo
   7: git_filter_source_repo
   8: git_filter_source_repo
   9: git_filter_source_repo
  10: git_filter_source_repo
  11: git_libgit2_prerelease
  12: <unknown>
  13: <unknown>
  14: <unknown>
  15: <unknown>
  16: git_midx_writer_dump
  17: git_filter_source_repo
  18: git_midx_writer_dump
  19: BaseThreadInitThunk
  20: RtlUserThreadStart
   0.710800500s  INFO prepare_target{force=false package_id=server v0.1.0 (C:\Users\rno41\Downloads\XUE\ap\server) target="server"}: cargo::core::compiler::fingerprint: fingerprint error for server v0.1.0 (C:\Users\rno41\Downloads\XUE\ap\server)/Check { test: true }/TargetInner { name: "server", doc: true, ..: with_path("C:\\Users\\rno41\\Downloads\\XUE\\ap\\server\\src\\main.rs", Edition2024) }
   0.710830800s  INFO prepare_target{force=false package_id=server v0.1.0 (C:\Users\rno41\Downloads\XUE\ap\server) target="server"}: cargo::core::compiler::fingerprint:     err: failed to read `C:\Users\rno41\Downloads\XUE\target\debug\.fingerprint\server-bc4e1fbafd311a10\test-bin-server`

Caused by:
    The system cannot find the file specified. (os error 2)

Stack backtrace:
   0: git_midx_writer_dump
   1: git_midx_writer_dump
   2: git_midx_writer_dump
   3: git_midx_writer_dump
   4: git_filter_source_repo
   5: git_filter_source_repo
   6: git_filter_source_repo
   7: git_filter_source_repo
   8: git_filter_source_repo
   9: git_filter_source_repo
  10: git_filter_source_repo
  11: git_libgit2_prerelease
  12: <unknown>
  13: <unknown>
  14: <unknown>
  15: <unknown>
  16: git_midx_writer_dump
  17: git_filter_source_repo
  18: git_midx_writer_dump
  19: BaseThreadInitThunk
  20: RtlUserThreadStart
    Checking log v0.4.29
    Checking tracing-core v0.1.36
    Checking serde_core v1.0.228
    Checking typenum v1.19.0
    Checking futures-task v0.3.31
    Checking slab v0.4.11
    Checking subtle v2.6.1
    Checking tokio v1.49.0
    Checking alloc-no-stdlib v2.0.4
    Checking num-traits v0.2.19
    Checking powerfmt v0.2.0
    Checking zstd-sys v2.0.16+zstd.1.5.7
    Checking base64 v0.22.1
    Checking num-conv v0.1.0
    Checking time-core v0.1.7
    Checking simd-adler32 v0.3.8
    Checking adler2 v2.0.1
    Checking alloc-stdlib v0.2.2
    Checking zstd-safe v7.2.4
   Compiling aws-lc-sys v0.36.0
    Checking deranged v0.5.5
    Checking crc32fast v1.5.0
    Checking cpufeatures v0.2.17
    Checking getrandom v0.2.17
    Checking predicates-core v1.0.9
    Checking futures-util v0.3.31
    Checking compression-core v0.4.31
    Checking miniz_oxide v0.8.9
    Checking tracing v0.1.44
    Checking brotli-decompressor v5.0.0
    Checking thiserror v2.0.18
    Checking generic-array v0.14.7
    Checking num-integer v0.1.46
    Checking libc v0.2.180
    Checking scheduled-thread-pool v0.2.7
    Checking zstd v0.13.3
    Checking headers-core v0.3.0
    Checking rand_core v0.6.4
    Checking getrandom v0.3.4
    Checking flate2 v1.1.8
    Checking anstyle v1.0.13
    Checking futures-sink v0.3.31
    Checking axum-core v0.5.6
    Checking lazy_static v1.5.0
    Checking untrusted v0.7.1
    Checking num-bigint v0.4.6
    Checking matchit v0.8.4
    Checking block-buffer v0.10.4
    Checking crypto-common v0.1.7
    Checking zeroize v1.8.2
    Checking termtree v0.5.1
    Checking unicase v2.9.0
    Checking base64ct v1.8.3
    Checking bitflags v2.10.0
    Checking brotli v8.0.2
    Checking predicates v3.1.3
    Checking digest v0.10.7
    Checking predicates-tree v1.0.12
    Checking mime_guess v2.0.5
    Checking sharded-slab v0.1.7
    Checking time v0.3.45
    Checking uuid v1.19.0
    Checking r2d2 v0.8.10
    Checking pq-sys v0.7.5
    Checking sha1 v0.10.6
    Checking password-hash v0.5.0
    Checking blake2 v0.10.6
    Checking tracing-log v0.2.0
    Checking pem v3.0.6
    Checking nu-ansi-term v0.50.3
    Checking thread_local v1.1.9
    Checking headers v0.4.1
    Checking downcast-rs v2.0.2
    Checking serde v1.0.228
    Checking serde_json v1.0.149
    Checking serde_path_to_error v0.1.20
    Checking byteorder v1.5.0
    Checking http-range-header v0.4.2
    Checking downcast v0.11.0
    Checking iri-string v0.7.10
    Checking fragile v2.0.1
    Checking signature v2.2.0
    Checking tracing-subscriber v0.3.22
    Checking argon2 v0.5.3
    Checking anyhow v1.0.100
    Checking dotenvy v0.15.7
    Checking axum-core v0.4.5
    Checking serde_urlencoded v0.7.1
    Checking chrono v0.4.43
    Checking mockall v0.14.0
    Checking cookie v0.18.1
    Checking simple_asn1 v0.6.3
warning: aws-lc-sys@0.36.0: Environment Variable found 'CARGO_ENCODED_RUSTFLAGS': ''
warning: aws-lc-sys@0.36.0: Emitting configuration: cargo:rustc-cfg=universal
warning: aws-lc-sys@0.36.0: Building with: CC
warning: aws-lc-sys@0.36.0: Symbol Prefix: Some("aws_lc_0_36_0")
warning: aws-lc-sys@0.36.0: Target platform: 'x86_64-pc-windows-msvc'
warning: aws-lc-sys@0.36.0: Compilation of 'c11.c' failed - Err(Error { kind: ToolExecError, message: "command did not execute successfully (status code exit code: 2): \"C:\\\\Program Files\\\\Microsoft Visual Studio\\\\18\\\\Community\\\\VC\\\\Tools\\\\MSVC\\\\14.50.35717\\\\bin\\\\HostX64\\\\x64\\\\cl.exe\" \"-nologo\" \"-MD\" \"-Z7\" \"-Brepro\" \"-WX\" \"-W4\" \"-FoC:\\\\Users\\\\rno41\\\\Downloads\\\\XUE\\\\target\\\\debug\\\\build\\\\aws-lc-sys-5aba3d23aaf06c46\\\\out\\\\out-c11\\\\e1bacabfea35bee3-c11.o\" \"-c\" \"C:\\\\Users\\\\rno41\\\\.cargo\\\\registry\\\\src\\\\index.crates.io-1949cf8c6b5b557f\\\\aws-lc-sys-0.36.0\\\\aws-lc\\\\tests\\\\compiler_features_tests\\\\c11.c\"" }).
warning: aws-lc-sys@0.36.0: Compilation of 'stdalign_check.c' failed - Err(Error { kind: ToolExecError, message: "command did not execute successfully (status code exit code: 2): \"C:\\\\Program Files\\\\Microsoft Visual Studio\\\\18\\\\Community\\\\VC\\\\Tools\\\\MSVC\\\\14.50.35717\\\\bin\\\\HostX64\\\\x64\\\\cl.exe\" \"-nologo\" \"-MD\" \"-Z7\" \"-Brepro\" \"-WX\" \"-W4\" \"-FoC:\\\\Users\\\\rno41\\\\Downloads\\\\XUE\\\\target\\\\debug\\\\build\\\\aws-lc-sys-5aba3d23aaf06c46\\\\out\\\\out-stdalign_check\\\\e1bacabfea35bee3-stdalign_check.o\" \"-c\" \"C:\\\\Users\\\\rno41\\\\.cargo\\\\registry\\\\src\\\\index.crates.io-1949cf8c6b5b557f\\\\aws-lc-sys-0.36.0\\\\aws-lc\\\\tests\\\\compiler_features_tests\\\\stdalign_check.c\"" }).
warning: aws-lc-sys@0.36.0: Compilation of 'builtin_swap_check.c' failed - Err(Error { kind: ToolExecError, message: "command did not execute successfully (status code exit code: 2): \"C:\\\\Program Files\\\\Microsoft Visual Studio\\\\18\\\\Community\\\\VC\\\\Tools\\\\MSVC\\\\14.50.35717\\\\bin\\\\HostX64\\\\x64\\\\cl.exe\" \"-nologo\" \"-MD\" \"-Z7\" \"-Brepro\" \"-WX\" \"-W4\" \"-FoC:\\\\Users\\\\rno41\\\\Downloads\\\\XUE\\\\target\\\\debug\\\\build\\\\aws-lc-sys-5aba3d23aaf06c46\\\\out\\\\out-builtin_swap_check\\\\e1bacabfea35bee3-builtin_swap_check.o\" \"-c\" \"C:\\\\Users\\\\rno41\\\\.cargo\\\\registry\\\\src\\\\index.crates.io-1949cf8c6b5b557f\\\\aws-lc-sys-0.36.0\\\\aws-lc\\\\tests\\\\compiler_features_tests\\\\builtin_swap_check.c\"" }).
warning: aws-lc-sys@0.36.0: NASM command not found or failed to execute.
warning: aws-lc-sys@0.36.0: NASM command not found or failed to execute.
error: failed to run custom build command for `aws-lc-sys v0.36.0`
note: To improve backtraces for build dependencies, set the CARGO_PROFILE_DEV_BUILD_OVERRIDE_DEBUG=true environment variable to enable debug information generation.

Caused by:
  process didn't exit successfully: `C:\Users\rno41\Downloads\XUE\target\debug\build\aws-lc-sys-d6bd57a29211f5dd\build-script-main` (exit code: 101)
  --- stdout
  cargo:rerun-if-env-changed=AWS_LC_SYS_NO_PREFIX_x86_64_pc_windows_msvc
  cargo:rerun-if-env-changed=AWS_LC_SYS_NO_PREFIX
  cargo:rerun-if-env-changed=AWS_LC_SYS_PREGENERATING_BINDINGS_x86_64_pc_windows_msvc
  cargo:rerun-if-env-changed=AWS_LC_SYS_PREGENERATING_BINDINGS
  cargo:rerun-if-env-changed=AWS_LC_SYS_EXTERNAL_BINDGEN_x86_64_pc_windows_msvc
  cargo:rerun-if-env-changed=AWS_LC_SYS_EXTERNAL_BINDGEN
  cargo:rerun-if-env-changed=AWS_LC_SYS_NO_ASM_x86_64_pc_windows_msvc
  cargo:rerun-if-env-changed=AWS_LC_SYS_NO_ASM
  cargo:rerun-if-env-changed=AWS_LC_SYS_CFLAGS_x86_64_pc_windows_msvc
  cargo:rerun-if-env-changed=AWS_LC_SYS_CFLAGS
  cargo:rerun-if-env-changed=CFLAGS_x86_64_pc_windows_msvc
  cargo:rerun-if-env-changed=CFLAGS
  cargo:rerun-if-env-changed=AWS_LC_SYS_PREBUILT_NASM_x86_64_pc_windows_msvc
  cargo:rerun-if-env-changed=AWS_LC_SYS_PREBUILT_NASM
  cargo:rerun-if-env-changed=AWS_LC_SYS_C_STD_x86_64_pc_windows_msvc
  cargo:rerun-if-env-changed=AWS_LC_SYS_C_STD
  cargo:rerun-if-env-changed=AWS_LC_SYS_CMAKE_BUILDER_x86_64_pc_windows_msvc
  cargo:rerun-if-env-changed=AWS_LC_SYS_CMAKE_BUILDER
  cargo:rerun-if-env-changed=AWS_LC_SYS_NO_PREGENERATED_SRC_x86_64_pc_windows_msvc
  cargo:rerun-if-env-changed=AWS_LC_SYS_NO_PREGENERATED_SRC
  cargo:rerun-if-env-changed=AWS_LC_SYS_EFFECTIVE_TARGET_x86_64_pc_windows_msvc
  cargo:rerun-if-env-changed=AWS_LC_SYS_EFFECTIVE_TARGET
  cargo:rerun-if-env-changed=AWS_LC_SYS_NO_JITTER_ENTROPY_x86_64_pc_windows_msvc
  cargo:rerun-if-env-changed=AWS_LC_SYS_NO_JITTER_ENTROPY
  cargo:rerun-if-env-changed=AWS_LC_SYS_NO_U1_BINDINGS_x86_64_pc_windows_msvc
  cargo:rerun-if-env-changed=AWS_LC_SYS_NO_U1_BINDINGS
  cargo:rerun-if-env-changed=CARGO_ENCODED_RUSTFLAGS
  cargo:warning=Environment Variable found 'CARGO_ENCODED_RUSTFLAGS': ''
  cargo:warning=Emitting configuration: cargo:rustc-cfg=universal
  cargo:rustc-cfg=universal
  cargo:rerun-if-env-changed=AWS_LC_SYS_STATIC_x86_64_pc_windows_msvc
  cargo:rerun-if-env-changed=AWS_LC_SYS_STATIC
  cargo:rerun-if-env-changed=CARGO_FEATURE_SSL
  cargo:warning=Building with: CC
  cargo:warning=Symbol Prefix: Some("aws_lc_0_36_0")
  cargo:rerun-if-env-changed=CARGO_FEATURE_SSL
  cargo:warning=Target platform: 'x86_64-pc-windows-msvc'
  cargo:root=C:\Users\rno41\Downloads\XUE\target\debug\build\aws-lc-sys-5aba3d23aaf06c46\out
  OPT_LEVEL = Some(0)
  OUT_DIR = Some(C:\Users\rno41\Downloads\XUE\target\debug\build\aws-lc-sys-5aba3d23aaf06c46\out)
  TARGET = Some(x86_64-pc-windows-msvc)
  CARGO_ENCODED_RUSTFLAGS = Some()
  cargo:rerun-if-env-changed=VCINSTALLDIR
  VCINSTALLDIR = None
  cargo:rerun-if-env-changed=VSTEL_MSBuildProjectFullPath
  VSTEL_MSBuildProjectFullPath = None
  cargo:rerun-if-env-changed=VCToolsVersion
  VCToolsVersion = None
  cargo:rerun-if-env-changed=VSCMD_ARG_VCVARS_SPECTRE
  VSCMD_ARG_VCVARS_SPECTRE = None
  cargo:rerun-if-env-changed=WindowsSdkDir
  WindowsSdkDir = None
  cargo:rerun-if-env-changed=WindowsSDKVersion
  WindowsSDKVersion = None
  cargo:rerun-if-env-changed=LIB
  LIB = None
  PATH = Some(C:\Users\rno41\Downloads\XUE\target\debug\deps;C:\Users\rno41\Downloads\XUE\target\debug;C:\Users\rno41\.rustup\toolchains\stable-x86_64-pc-windows-msvc\lib\rustlib\x86_64-pc-windows-msvc\lib;C:\Python314\Scripts\;C:\Python314\;C:\Program Files (x86)\Razer Chroma SDK\bin;C:\Program Files\Razer Chroma SDK\bin;C:\Windows\system32;C:\Windows;C:\Windows\System32\Wbem;C:\Windows\System32\WindowsPowerShell\v1.0\;C:\Windows\System32\OpenSSH\;C:\Program Files (x86)\NVIDIA Corporation\PhysX\Common;C:\WINDOWS\system32;C:\WINDOWS;C:\WINDOWS\System32\Wbem;C:\WINDOWS\System32\WindowsPowerShell\v1.0\;C:\WINDOWS\System32\OpenSSH\;C:\Program Files\dotnet\;C:\Program Files\NVIDIA Corporation\NVIDIA App\NvDLISR;C:\WINDOWS\system32\config\systemprofile\AppData\Local\Microsoft\WindowsApps;C:\Program Files (x86)\Razer\ChromaBroadcast\bin;C:\Program Files\Razer\ChromaBroadcast\bin;C:\Users\rno41\AppData\Local\Microsoft\WindowsApps;C:\Users\rno41\AppData\Local\Programs\Microsoft VS Code\bin;C:\Users\rno41\.bun\bin;C:\Program Files\Git\cmd;C:\Program Files\Go\bin;C:\Program Files\Microsoft SQL Server\170\Tools\Binn\;C:\Program Files\nodejs\;C:\Program Files (x86)\Windows Kits\10\Windows Performance Toolkit\;C:\ProgramData\chocolatey\bin;C:\Program Files\RedHat\Podman\;C:\Users\rno41\.cargo\bin;C:\Users\rno41\AppData\Local\Programs\Windsurf\bin;C:\Users\rno41\AppData\Local\GitHubDesktop\bin;C:\Users\rno41\go\bin;C:\Users\rno41\AppData\Local\Programs\Antigravity\bin;C:\Users\rno41\AppData\Roaming\npm;C:\Users\rno41\.rustup\toolchains\stable-x86_64-pc-windows-msvc\bin)
  cargo:rerun-if-env-changed=INCLUDE
  INCLUDE = None
  HOST = Some(x86_64-pc-windows-msvc)
  cargo:rerun-if-env-changed=CC_x86_64-pc-windows-msvc
  CC_x86_64-pc-windows-msvc = None
  cargo:rerun-if-env-changed=CC_x86_64_pc_windows_msvc
  CC_x86_64_pc_windows_msvc = None
  cargo:rerun-if-env-changed=HOST_CC
  HOST_CC = None
  cargo:rerun-if-env-changed=CC
  CC = None
  cargo:rerun-if-env-changed=CRATE_CC_NO_DEFAULTS
  CRATE_CC_NO_DEFAULTS = None
  CARGO_CFG_TARGET_FEATURE = Some(cmpxchg16b,fxsr,sse,sse2,sse3)
  DEBUG = Some(true)
  cargo:rerun-if-env-changed=CFLAGS
  CFLAGS = None
  cargo:rerun-if-env-changed=HOST_CFLAGS
  HOST_CFLAGS = None
  cargo:rerun-if-env-changed=CFLAGS_x86_64_pc_windows_msvc
  CFLAGS_x86_64_pc_windows_msvc = None
  cargo:rerun-if-env-changed=CFLAGS_x86_64-pc-windows-msvc
  CFLAGS_x86_64-pc-windows-msvc = None
  OPT_LEVEL = Some(0)
  TARGET = Some(x86_64-pc-windows-msvc)
  CARGO_ENCODED_RUSTFLAGS = Some()
  cargo:rerun-if-env-changed=VCINSTALLDIR
  VCINSTALLDIR = None
  cargo:rerun-if-env-changed=VSTEL_MSBuildProjectFullPath
  VSTEL_MSBuildProjectFullPath = None
  cargo:rerun-if-env-changed=VCToolsVersion
  VCToolsVersion = None
  cargo:rerun-if-env-changed=VSCMD_ARG_VCVARS_SPECTRE
  VSCMD_ARG_VCVARS_SPECTRE = None
  cargo:rerun-if-env-changed=WindowsSdkDir
  WindowsSdkDir = None
  cargo:rerun-if-env-changed=WindowsSDKVersion
  WindowsSDKVersion = None
  cargo:rerun-if-env-changed=LIB
  LIB = None
  PATH = Some(C:\Users\rno41\Downloads\XUE\target\debug\deps;C:\Users\rno41\Downloads\XUE\target\debug;C:\Users\rno41\.rustup\toolchains\stable-x86_64-pc-windows-msvc\lib\rustlib\x86_64-pc-windows-msvc\lib;C:\Python314\Scripts\;C:\Python314\;C:\Program Files (x86)\Razer Chroma SDK\bin;C:\Program Files\Razer Chroma SDK\bin;C:\Windows\system32;C:\Windows;C:\Windows\System32\Wbem;C:\Windows\System32\WindowsPowerShell\v1.0\;C:\Windows\System32\OpenSSH\;C:\Program Files (x86)\NVIDIA Corporation\PhysX\Common;C:\WINDOWS\system32;C:\WINDOWS;C:\WINDOWS\System32\Wbem;C:\WINDOWS\System32\WindowsPowerShell\v1.0\;C:\WINDOWS\System32\OpenSSH\;C:\Program Files\dotnet\;C:\Program Files\NVIDIA Corporation\NVIDIA App\NvDLISR;C:\WINDOWS\system32\config\systemprofile\AppData\Local\Microsoft\WindowsApps;C:\Program Files (x86)\Razer\ChromaBroadcast\bin;C:\Program Files\Razer\ChromaBroadcast\bin;C:\Users\rno41\AppData\Local\Microsoft\WindowsApps;C:\Users\rno41\AppData\Local\Programs\Microsoft VS Code\bin;C:\Users\rno41\.bun\bin;C:\Program Files\Git\cmd;C:\Program Files\Go\bin;C:\Program Files\Microsoft SQL Server\170\Tools\Binn\;C:\Program Files\nodejs\;C:\Program Files (x86)\Windows Kits\10\Windows Performance Toolkit\;C:\ProgramData\chocolatey\bin;C:\Program Files\RedHat\Podman\;C:\Users\rno41\.cargo\bin;C:\Users\rno41\AppData\Local\Programs\Windsurf\bin;C:\Users\rno41\AppData\Local\GitHubDesktop\bin;C:\Users\rno41\go\bin;C:\Users\rno41\AppData\Local\Programs\Antigravity\bin;C:\Users\rno41\AppData\Roaming\npm;C:\Users\rno41\.rustup\toolchains\stable-x86_64-pc-windows-msvc\bin)
  cargo:rerun-if-env-changed=INCLUDE
  INCLUDE = None
  HOST = Some(x86_64-pc-windows-msvc)
  cargo:rerun-if-env-changed=CC_x86_64-pc-windows-msvc
  CC_x86_64-pc-windows-msvc = None
  cargo:rerun-if-env-changed=CC_x86_64_pc_windows_msvc
  CC_x86_64_pc_windows_msvc = None
  cargo:rerun-if-env-changed=HOST_CC
  HOST_CC = None
  cargo:rerun-if-env-changed=CC
  CC = None
  cargo:rerun-if-env-changed=CRATE_CC_NO_DEFAULTS
  CRATE_CC_NO_DEFAULTS = None
  CARGO_CFG_TARGET_FEATURE = Some(cmpxchg16b,fxsr,sse,sse2,sse3)
  DEBUG = Some(true)
  cargo:rerun-if-env-changed=CFLAGS
  CFLAGS = None
  cargo:rerun-if-env-changed=HOST_CFLAGS
  HOST_CFLAGS = None
  cargo:rerun-if-env-changed=CFLAGS_x86_64_pc_windows_msvc
  CFLAGS_x86_64_pc_windows_msvc = None
  cargo:rerun-if-env-changed=CFLAGS_x86_64-pc-windows-msvc
  CFLAGS_x86_64-pc-windows-msvc = None
  cargo:rerun-if-env-changed=CC_ENABLE_DEBUG_OUTPUT
  c11.c
  C:\Program Files\Microsoft Visual Studio\18\Community\VC\Tools\MSVC\14.50.35717\include\vcruntime_c11_stdatomic.h(16): fatal error C1189: #error:  "C atomics require C11 or later"
  cargo:warning=Compilation of 'c11.c' failed - Err(Error { kind: ToolExecError, message: "command did not execute successfully (status code exit code: 2): \"C:\\\\Program Files\\\\Microsoft Visual Studio\\\\18\\\\Community\\\\VC\\\\Tools\\\\MSVC\\\\14.50.35717\\\\bin\\\\HostX64\\\\x64\\\\cl.exe\" \"-nologo\" \"-MD\" \"-Z7\" \"-Brepro\" \"-WX\" \"-W4\" \"-FoC:\\\\Users\\\\rno41\\\\Downloads\\\\XUE\\\\target\\\\debug\\\\build\\\\aws-lc-sys-5aba3d23aaf06c46\\\\out\\\\out-c11\\\\e1bacabfea35bee3-c11.o\" \"-c\" \"C:\\\\Users\\\\rno41\\\\.cargo\\\\registry\\\\src\\\\index.crates.io-1949cf8c6b5b557f\\\\aws-lc-sys-0.36.0\\\\aws-lc\\\\tests\\\\compiler_features_tests\\\\c11.c\"" }).
  cargo:rerun-if-env-changed=AWS_LC_SYS_CC_x86_64_pc_windows_msvc
  cargo:rerun-if-env-changed=AWS_LC_SYS_CC
  cargo:rerun-if-env-changed=CC_x86_64_pc_windows_msvc
  cargo:rerun-if-env-changed=CC
  cargo:rerun-if-env-changed=AWS_LC_SYS_CXX_x86_64_pc_windows_msvc
  cargo:rerun-if-env-changed=AWS_LC_SYS_CXX
  cargo:rerun-if-env-changed=CXX_x86_64_pc_windows_msvc
  cargo:rerun-if-env-changed=CXX
  OPT_LEVEL = Some(0)
  TARGET = Some(x86_64-pc-windows-msvc)
  CARGO_ENCODED_RUSTFLAGS = Some()
  cargo:rerun-if-env-changed=VCINSTALLDIR
  VCINSTALLDIR = None
  cargo:rerun-if-env-changed=VSTEL_MSBuildProjectFullPath
  VSTEL_MSBuildProjectFullPath = None
  cargo:rerun-if-env-changed=VCToolsVersion
  VCToolsVersion = None
  cargo:rerun-if-env-changed=VSCMD_ARG_VCVARS_SPECTRE
  VSCMD_ARG_VCVARS_SPECTRE = None
  cargo:rerun-if-env-changed=WindowsSdkDir
  WindowsSdkDir = None
  cargo:rerun-if-env-changed=WindowsSDKVersion
  WindowsSDKVersion = None
  cargo:rerun-if-env-changed=LIB
  LIB = None
  PATH = Some(C:\Users\rno41\Downloads\XUE\target\debug\deps;C:\Users\rno41\Downloads\XUE\target\debug;C:\Users\rno41\.rustup\toolchains\stable-x86_64-pc-windows-msvc\lib\rustlib\x86_64-pc-windows-msvc\lib;C:\Python314\Scripts\;C:\Python314\;C:\Program Files (x86)\Razer Chroma SDK\bin;C:\Program Files\Razer Chroma SDK\bin;C:\Windows\system32;C:\Windows;C:\Windows\System32\Wbem;C:\Windows\System32\WindowsPowerShell\v1.0\;C:\Windows\System32\OpenSSH\;C:\Program Files (x86)\NVIDIA Corporation\PhysX\Common;C:\WINDOWS\system32;C:\WINDOWS;C:\WINDOWS\System32\Wbem;C:\WINDOWS\System32\WindowsPowerShell\v1.0\;C:\WINDOWS\System32\OpenSSH\;C:\Program Files\dotnet\;C:\Program Files\NVIDIA Corporation\NVIDIA App\NvDLISR;C:\WINDOWS\system32\config\systemprofile\AppData\Local\Microsoft\WindowsApps;C:\Program Files (x86)\Razer\ChromaBroadcast\bin;C:\Program Files\Razer\ChromaBroadcast\bin;C:\Users\rno41\AppData\Local\Microsoft\WindowsApps;C:\Users\rno41\AppData\Local\Programs\Microsoft VS Code\bin;C:\Users\rno41\.bun\bin;C:\Program Files\Git\cmd;C:\Program Files\Go\bin;C:\Program Files\Microsoft SQL Server\170\Tools\Binn\;C:\Program Files\nodejs\;C:\Program Files (x86)\Windows Kits\10\Windows Performance Toolkit\;C:\ProgramData\chocolatey\bin;C:\Program Files\RedHat\Podman\;C:\Users\rno41\.cargo\bin;C:\Users\rno41\AppData\Local\Programs\Windsurf\bin;C:\Users\rno41\AppData\Local\GitHubDesktop\bin;C:\Users\rno41\go\bin;C:\Users\rno41\AppData\Local\Programs\Antigravity\bin;C:\Users\rno41\AppData\Roaming\npm;C:\Users\rno41\.rustup\toolchains\stable-x86_64-pc-windows-msvc\bin)
  cargo:rerun-if-env-changed=INCLUDE
  INCLUDE = None
  HOST = Some(x86_64-pc-windows-msvc)
  cargo:rerun-if-env-changed=CC_x86_64-pc-windows-msvc
  CC_x86_64-pc-windows-msvc = None
  cargo:rerun-if-env-changed=CC_x86_64_pc_windows_msvc
  CC_x86_64_pc_windows_msvc = None
  cargo:rerun-if-env-changed=HOST_CC
  HOST_CC = None
  cargo:rerun-if-env-changed=CC
  CC = None
  cargo:rerun-if-env-changed=CRATE_CC_NO_DEFAULTS
  CRATE_CC_NO_DEFAULTS = None
  CARGO_CFG_TARGET_FEATURE = Some(cmpxchg16b,fxsr,sse,sse2,sse3)
  DEBUG = Some(true)
  cargo:rerun-if-env-changed=CFLAGS
  CFLAGS = None
  cargo:rerun-if-env-changed=HOST_CFLAGS
  HOST_CFLAGS = None
  cargo:rerun-if-env-changed=CFLAGS_x86_64_pc_windows_msvc
  CFLAGS_x86_64_pc_windows_msvc = None
  cargo:rerun-if-env-changed=CFLAGS_x86_64-pc-windows-msvc
  CFLAGS_x86_64-pc-windows-msvc = None
  cargo:rerun-if-env-changed=CC_ENABLE_DEBUG_OUTPUT
  stdalign_check.c
  C:\Users\rno41\.cargo\registry\src\index.crates.io-1949cf8c6b5b557f\aws-lc-sys-0.36.0\aws-lc\tests\compiler_features_tests\stdalign_check.c(13): error C2220: the following warning is treated as an error
  C:\Users\rno41\.cargo\registry\src\index.crates.io-1949cf8c6b5b557f\aws-lc-sys-0.36.0\aws-lc\tests\compiler_features_tests\stdalign_check.c(13): warning C4013: 'alignas' undefined; assuming extern returning int
  C:\Users\rno41\.cargo\registry\src\index.crates.io-1949cf8c6b5b557f\aws-lc-sys-0.36.0\aws-lc\tests\compiler_features_tests\stdalign_check.c(13): error C2146: syntax error: missing ';' before identifier 'uint8_t'
  C:\Users\rno41\.cargo\registry\src\index.crates.io-1949cf8c6b5b557f\aws-lc-sys-0.36.0\aws-lc\tests\compiler_features_tests\stdalign_check.c(13): error C2275: 'uint8_t': expected an expression instead of a type
  C:\Users\rno41\.cargo\registry\src\index.crates.io-1949cf8c6b5b557f\aws-lc-sys-0.36.0\aws-lc\tests\compiler_features_tests\stdalign_check.c(13): error C2146: syntax error: missing ';' before identifier 'test'
  C:\Users\rno41\.cargo\registry\src\index.crates.io-1949cf8c6b5b557f\aws-lc-sys-0.36.0\aws-lc\tests\compiler_features_tests\stdalign_check.c(13): error C2065: 'test': undeclared identifier
  C:\Users\rno41\.cargo\registry\src\index.crates.io-1949cf8c6b5b557f\aws-lc-sys-0.36.0\aws-lc\tests\compiler_features_tests\stdalign_check.c(13): error C2109: subscript requires array or pointer type
  C:\Users\rno41\.cargo\registry\src\index.crates.io-1949cf8c6b5b557f\aws-lc-sys-0.36.0\aws-lc\tests\compiler_features_tests\stdalign_check.c(14): warning C4013: 'alignof' undefined; assuming extern returning int
  C:\Users\rno41\.cargo\registry\src\index.crates.io-1949cf8c6b5b557f\aws-lc-sys-0.36.0\aws-lc\tests\compiler_features_tests\stdalign_check.c(14): error C2275: 'uint8_t': expected an expression instead of a type
  C:\Users\rno41\.cargo\registry\src\index.crates.io-1949cf8c6b5b557f\aws-lc-sys-0.36.0\aws-lc\tests\compiler_features_tests\stdalign_check.c(16): error C2065: 'test': undeclared identifier
  C:\Users\rno41\.cargo\registry\src\index.crates.io-1949cf8c6b5b557f\aws-lc-sys-0.36.0\aws-lc\tests\compiler_features_tests\stdalign_check.c(16): error C2109: subscript requires array or pointer type
  C:\Users\rno41\.cargo\registry\src\index.crates.io-1949cf8c6b5b557f\aws-lc-sys-0.36.0\aws-lc\tests\compiler_features_tests\stdalign_check.c(19): error C2065: 'test': undeclared identifier
  C:\Users\rno41\.cargo\registry\src\index.crates.io-1949cf8c6b5b557f\aws-lc-sys-0.36.0\aws-lc\tests\compiler_features_tests\stdalign_check.c(19): error C2109: subscript requires array or pointer type
  cargo:warning=Compilation of 'stdalign_check.c' failed - Err(Error { kind: ToolExecError, message: "command did not execute successfully (status code exit code: 2): \"C:\\\\Program Files\\\\Microsoft Visual Studio\\\\18\\\\Community\\\\VC\\\\Tools\\\\MSVC\\\\14.50.35717\\\\bin\\\\HostX64\\\\x64\\\\cl.exe\" \"-nologo\" \"-MD\" \"-Z7\" \"-Brepro\" \"-WX\" \"-W4\" \"-FoC:\\\\Users\\\\rno41\\\\Downloads\\\\XUE\\\\target\\\\debug\\\\build\\\\aws-lc-sys-5aba3d23aaf06c46\\\\out\\\\out-stdalign_check\\\\e1bacabfea35bee3-stdalign_check.o\" \"-c\" \"C:\\\\Users\\\\rno41\\\\.cargo\\\\registry\\\\src\\\\index.crates.io-1949cf8c6b5b557f\\\\aws-lc-sys-0.36.0\\\\aws-lc\\\\tests\\\\compiler_features_tests\\\\stdalign_check.c\"" }).
  OPT_LEVEL = Some(0)
  TARGET = Some(x86_64-pc-windows-msvc)
  CARGO_ENCODED_RUSTFLAGS = Some()
  cargo:rerun-if-env-changed=VCINSTALLDIR
  VCINSTALLDIR = None
  cargo:rerun-if-env-changed=VSTEL_MSBuildProjectFullPath
  VSTEL_MSBuildProjectFullPath = None
  cargo:rerun-if-env-changed=VCToolsVersion
  VCToolsVersion = None
  cargo:rerun-if-env-changed=VSCMD_ARG_VCVARS_SPECTRE
  VSCMD_ARG_VCVARS_SPECTRE = None
  cargo:rerun-if-env-changed=WindowsSdkDir
  WindowsSdkDir = None
  cargo:rerun-if-env-changed=WindowsSDKVersion
  WindowsSDKVersion = None
  cargo:rerun-if-env-changed=LIB
  LIB = None
  PATH = Some(C:\Users\rno41\Downloads\XUE\target\debug\deps;C:\Users\rno41\Downloads\XUE\target\debug;C:\Users\rno41\.rustup\toolchains\stable-x86_64-pc-windows-msvc\lib\rustlib\x86_64-pc-windows-msvc\lib;C:\Python314\Scripts\;C:\Python314\;C:\Program Files (x86)\Razer Chroma SDK\bin;C:\Program Files\Razer Chroma SDK\bin;C:\Windows\system32;C:\Windows;C:\Windows\System32\Wbem;C:\Windows\System32\WindowsPowerShell\v1.0\;C:\Windows\System32\OpenSSH\;C:\Program Files (x86)\NVIDIA Corporation\PhysX\Common;C:\WINDOWS\system32;C:\WINDOWS;C:\WINDOWS\System32\Wbem;C:\WINDOWS\System32\WindowsPowerShell\v1.0\;C:\WINDOWS\System32\OpenSSH\;C:\Program Files\dotnet\;C:\Program Files\NVIDIA Corporation\NVIDIA App\NvDLISR;C:\WINDOWS\system32\config\systemprofile\AppData\Local\Microsoft\WindowsApps;C:\Program Files (x86)\Razer\ChromaBroadcast\bin;C:\Program Files\Razer\ChromaBroadcast\bin;C:\Users\rno41\AppData\Local\Microsoft\WindowsApps;C:\Users\rno41\AppData\Local\Programs\Microsoft VS Code\bin;C:\Users\rno41\.bun\bin;C:\Program Files\Git\cmd;C:\Program Files\Go\bin;C:\Program Files\Microsoft SQL Server\170\Tools\Binn\;C:\Program Files\nodejs\;C:\Program Files (x86)\Windows Kits\10\Windows Performance Toolkit\;C:\ProgramData\chocolatey\bin;C:\Program Files\RedHat\Podman\;C:\Users\rno41\.cargo\bin;C:\Users\rno41\AppData\Local\Programs\Windsurf\bin;C:\Users\rno41\AppData\Local\GitHubDesktop\bin;C:\Users\rno41\go\bin;C:\Users\rno41\AppData\Local\Programs\Antigravity\bin;C:\Users\rno41\AppData\Roaming\npm;C:\Users\rno41\.rustup\toolchains\stable-x86_64-pc-windows-msvc\bin)
  cargo:rerun-if-env-changed=INCLUDE
  INCLUDE = None
  HOST = Some(x86_64-pc-windows-msvc)
  cargo:rerun-if-env-changed=CC_x86_64-pc-windows-msvc
  CC_x86_64-pc-windows-msvc = None
  cargo:rerun-if-env-changed=CC_x86_64_pc_windows_msvc
  CC_x86_64_pc_windows_msvc = None
  cargo:rerun-if-env-changed=HOST_CC
  HOST_CC = None
  cargo:rerun-if-env-changed=CC
  CC = None
  cargo:rerun-if-env-changed=CRATE_CC_NO_DEFAULTS
  CRATE_CC_NO_DEFAULTS = None
  CARGO_CFG_TARGET_FEATURE = Some(cmpxchg16b,fxsr,sse,sse2,sse3)
  DEBUG = Some(true)
  cargo:rerun-if-env-changed=CFLAGS
  CFLAGS = None
  cargo:rerun-if-env-changed=HOST_CFLAGS
  HOST_CFLAGS = None
  cargo:rerun-if-env-changed=CFLAGS_x86_64_pc_windows_msvc
  CFLAGS_x86_64_pc_windows_msvc = None
  cargo:rerun-if-env-changed=CFLAGS_x86_64-pc-windows-msvc
  CFLAGS_x86_64-pc-windows-msvc = None
  cargo:rerun-if-env-changed=CC_ENABLE_DEBUG_OUTPUT
  builtin_swap_check.c
  C:\Users\rno41\.cargo\registry\src\index.crates.io-1949cf8c6b5b557f\aws-lc-sys-0.36.0\aws-lc\tests\compiler_features_tests\builtin_swap_check.c(13): error C2220: the following warning is treated as an error
  C:\Users\rno41\.cargo\registry\src\index.crates.io-1949cf8c6b5b557f\aws-lc-sys-0.36.0\aws-lc\tests\compiler_features_tests\builtin_swap_check.c(13): warning C4013: '__builtin_bswap16' undefined; assuming extern returning int
  C:\Users\rno41\.cargo\registry\src\index.crates.io-1949cf8c6b5b557f\aws-lc-sys-0.36.0\aws-lc\tests\compiler_features_tests\builtin_swap_check.c(13): warning C4244: '=': conversion from 'int' to 'uint16_t', possible loss of data
  C:\Users\rno41\.cargo\registry\src\index.crates.io-1949cf8c6b5b557f\aws-lc-sys-0.36.0\aws-lc\tests\compiler_features_tests\builtin_swap_check.c(16): warning C4013: '__builtin_bswap32' undefined; assuming extern returning int
  C:\Users\rno41\.cargo\registry\src\index.crates.io-1949cf8c6b5b557f\aws-lc-sys-0.36.0\aws-lc\tests\compiler_features_tests\builtin_swap_check.c(19): warning C4013: '__builtin_bswap64' undefined; assuming extern returning int
  C:\Users\rno41\.cargo\registry\src\index.crates.io-1949cf8c6b5b557f\aws-lc-sys-0.36.0\aws-lc\tests\compiler_features_tests\builtin_swap_check.c(11): warning C4100: 'argv': unreferenced parameter
  C:\Users\rno41\.cargo\registry\src\index.crates.io-1949cf8c6b5b557f\aws-lc-sys-0.36.0\aws-lc\tests\compiler_features_tests\builtin_swap_check.c(11): warning C4100: 'argc': unreferenced parameter
  cargo:warning=Compilation of 'builtin_swap_check.c' failed - Err(Error { kind: ToolExecError, message: "command did not execute successfully (status code exit code: 2): \"C:\\\\Program Files\\\\Microsoft Visual Studio\\\\18\\\\Community\\\\VC\\\\Tools\\\\MSVC\\\\14.50.35717\\\\bin\\\\HostX64\\\\x64\\\\cl.exe\" \"-nologo\" \"-MD\" \"-Z7\" \"-Brepro\" \"-WX\" \"-W4\" \"-FoC:\\\\Users\\\\rno41\\\\Downloads\\\\XUE\\\\target\\\\debug\\\\build\\\\aws-lc-sys-5aba3d23aaf06c46\\\\out\\\\out-builtin_swap_check\\\\e1bacabfea35bee3-builtin_swap_check.o\" \"-c\" \"C:\\\\Users\\\\rno41\\\\.cargo\\\\registry\\\\src\\\\index.crates.io-1949cf8c6b5b557f\\\\aws-lc-sys-0.36.0\\\\aws-lc\\\\tests\\\\compiler_features_tests\\\\builtin_swap_check.c\"" }).
  OPT_LEVEL = Some(0)
  OUT_DIR = Some(C:\Users\rno41\Downloads\XUE\target\debug\build\aws-lc-sys-5aba3d23aaf06c46\out)
  TARGET = Some(x86_64-pc-windows-msvc)
  CARGO_ENCODED_RUSTFLAGS = Some()
  cargo:rerun-if-env-changed=VCINSTALLDIR
  VCINSTALLDIR = None
  cargo:rerun-if-env-changed=VSTEL_MSBuildProjectFullPath
  VSTEL_MSBuildProjectFullPath = None
  cargo:rerun-if-env-changed=VCToolsVersion
  VCToolsVersion = None
  cargo:rerun-if-env-changed=VSCMD_ARG_VCVARS_SPECTRE
  VSCMD_ARG_VCVARS_SPECTRE = None
  cargo:rerun-if-env-changed=WindowsSdkDir
  WindowsSdkDir = None
  cargo:rerun-if-env-changed=WindowsSDKVersion
  WindowsSDKVersion = None
  cargo:rerun-if-env-changed=LIB
  LIB = None
  PATH = Some(C:\Users\rno41\Downloads\XUE\target\debug\deps;C:\Users\rno41\Downloads\XUE\target\debug;C:\Users\rno41\.rustup\toolchains\stable-x86_64-pc-windows-msvc\lib\rustlib\x86_64-pc-windows-msvc\lib;C:\Python314\Scripts\;C:\Python314\;C:\Program Files (x86)\Razer Chroma SDK\bin;C:\Program Files\Razer Chroma SDK\bin;C:\Windows\system32;C:\Windows;C:\Windows\System32\Wbem;C:\Windows\System32\WindowsPowerShell\v1.0\;C:\Windows\System32\OpenSSH\;C:\Program Files (x86)\NVIDIA Corporation\PhysX\Common;C:\WINDOWS\system32;C:\WINDOWS;C:\WINDOWS\System32\Wbem;C:\WINDOWS\System32\WindowsPowerShell\v1.0\;C:\WINDOWS\System32\OpenSSH\;C:\Program Files\dotnet\;C:\Program Files\NVIDIA Corporation\NVIDIA App\NvDLISR;C:\WINDOWS\system32\config\systemprofile\AppData\Local\Microsoft\WindowsApps;C:\Program Files (x86)\Razer\ChromaBroadcast\bin;C:\Program Files\Razer\ChromaBroadcast\bin;C:\Users\rno41\AppData\Local\Microsoft\WindowsApps;C:\Users\rno41\AppData\Local\Programs\Microsoft VS Code\bin;C:\Users\rno41\.bun\bin;C:\Program Files\Git\cmd;C:\Program Files\Go\bin;C:\Program Files\Microsoft SQL Server\170\Tools\Binn\;C:\Program Files\nodejs\;C:\Program Files (x86)\Windows Kits\10\Windows Performance Toolkit\;C:\ProgramData\chocolatey\bin;C:\Program Files\RedHat\Podman\;C:\Users\rno41\.cargo\bin;C:\Users\rno41\AppData\Local\Programs\Windsurf\bin;C:\Users\rno41\AppData\Local\GitHubDesktop\bin;C:\Users\rno41\go\bin;C:\Users\rno41\AppData\Local\Programs\Antigravity\bin;C:\Users\rno41\AppData\Roaming\npm;C:\Users\rno41\.rustup\toolchains\stable-x86_64-pc-windows-msvc\bin)
  cargo:rerun-if-env-changed=INCLUDE
  INCLUDE = None
  HOST = Some(x86_64-pc-windows-msvc)
  cargo:rerun-if-env-changed=CC_x86_64-pc-windows-msvc
  CC_x86_64-pc-windows-msvc = None
  cargo:rerun-if-env-changed=CC_x86_64_pc_windows_msvc
  CC_x86_64_pc_windows_msvc = None
  cargo:rerun-if-env-changed=HOST_CC
  HOST_CC = None
  cargo:rerun-if-env-changed=CC
  CC = None
  cargo:rerun-if-env-changed=CRATE_CC_NO_DEFAULTS
  CRATE_CC_NO_DEFAULTS = None
  CARGO_CFG_TARGET_FEATURE = Some(cmpxchg16b,fxsr,sse,sse2,sse3)
  DEBUG = Some(true)
  cargo:rerun-if-env-changed=CFLAGS
  CFLAGS = None
  cargo:rerun-if-env-changed=HOST_CFLAGS
  HOST_CFLAGS = None
  cargo:rerun-if-env-changed=CFLAGS_x86_64_pc_windows_msvc
  CFLAGS_x86_64_pc_windows_msvc = None
  cargo:rerun-if-env-changed=CFLAGS_x86_64-pc-windows-msvc
  CFLAGS_x86_64-pc-windows-msvc = None
  cargo:rerun-if-env-changed=CFLAGS_x86_64_pc_windows_msvc
  cargo:rerun-if-env-changed=CFLAGS
  OUT_DIR = Some(C:\Users\rno41\Downloads\XUE\target\debug\build\aws-lc-sys-5aba3d23aaf06c46\out)
  OPT_LEVEL = Some(0)
  TARGET = Some(x86_64-pc-windows-msvc)
  CARGO_ENCODED_RUSTFLAGS = Some()
  cargo:rerun-if-env-changed=VCINSTALLDIR
  VCINSTALLDIR = None
  cargo:rerun-if-env-changed=VSTEL_MSBuildProjectFullPath
  VSTEL_MSBuildProjectFullPath = None
  cargo:rerun-if-env-changed=VCToolsVersion
  VCToolsVersion = None
  cargo:rerun-if-env-changed=VSCMD_ARG_VCVARS_SPECTRE
  VSCMD_ARG_VCVARS_SPECTRE = None
  cargo:rerun-if-env-changed=WindowsSdkDir
  WindowsSdkDir = None
  cargo:rerun-if-env-changed=WindowsSDKVersion
  WindowsSDKVersion = None
  cargo:rerun-if-env-changed=LIB
  LIB = None
  PATH = Some(C:\Users\rno41\Downloads\XUE\target\debug\deps;C:\Users\rno41\Downloads\XUE\target\debug;C:\Users\rno41\.rustup\toolchains\stable-x86_64-pc-windows-msvc\lib\rustlib\x86_64-pc-windows-msvc\lib;C:\Python314\Scripts\;C:\Python314\;C:\Program Files (x86)\Razer Chroma SDK\bin;C:\Program Files\Razer Chroma SDK\bin;C:\Windows\system32;C:\Windows;C:\Windows\System32\Wbem;C:\Windows\System32\WindowsPowerShell\v1.0\;C:\Windows\System32\OpenSSH\;C:\Program Files (x86)\NVIDIA Corporation\PhysX\Common;C:\WINDOWS\system32;C:\WINDOWS;C:\WINDOWS\System32\Wbem;C:\WINDOWS\System32\WindowsPowerShell\v1.0\;C:\WINDOWS\System32\OpenSSH\;C:\Program Files\dotnet\;C:\Program Files\NVIDIA Corporation\NVIDIA App\NvDLISR;C:\WINDOWS\system32\config\systemprofile\AppData\Local\Microsoft\WindowsApps;C:\Program Files (x86)\Razer\ChromaBroadcast\bin;C:\Program Files\Razer\ChromaBroadcast\bin;C:\Users\rno41\AppData\Local\Microsoft\WindowsApps;C:\Users\rno41\AppData\Local\Programs\Microsoft VS Code\bin;C:\Users\rno41\.bun\bin;C:\Program Files\Git\cmd;C:\Program Files\Go\bin;C:\Program Files\Microsoft SQL Server\170\Tools\Binn\;C:\Program Files\nodejs\;C:\Program Files (x86)\Windows Kits\10\Windows Performance Toolkit\;C:\ProgramData\chocolatey\bin;C:\Program Files\RedHat\Podman\;C:\Users\rno41\.cargo\bin;C:\Users\rno41\AppData\Local\Programs\Windsurf\bin;C:\Users\rno41\AppData\Local\GitHubDesktop\bin;C:\Users\rno41\go\bin;C:\Users\rno41\AppData\Local\Programs\Antigravity\bin;C:\Users\rno41\AppData\Roaming\npm;C:\Users\rno41\.rustup\toolchains\stable-x86_64-pc-windows-msvc\bin)
  cargo:rerun-if-env-changed=INCLUDE
  INCLUDE = None
  HOST = Some(x86_64-pc-windows-msvc)
  cargo:rerun-if-env-changed=CC_x86_64-pc-windows-msvc
  CC_x86_64-pc-windows-msvc = None
  cargo:rerun-if-env-changed=CC_x86_64_pc_windows_msvc
  CC_x86_64_pc_windows_msvc = None
  cargo:rerun-if-env-changed=HOST_CC
  HOST_CC = None
  cargo:rerun-if-env-changed=CC
  CC = None
  cargo:rerun-if-env-changed=CRATE_CC_NO_DEFAULTS
  CRATE_CC_NO_DEFAULTS = None
  CARGO_CFG_TARGET_FEATURE = Some(cmpxchg16b,fxsr,sse,sse2,sse3)
  DEBUG = Some(true)
  cargo:rerun-if-env-changed=CFLAGS
  CFLAGS = None
  cargo:rerun-if-env-changed=HOST_CFLAGS
  HOST_CFLAGS = None
  cargo:rerun-if-env-changed=CFLAGS_x86_64_pc_windows_msvc
  CFLAGS_x86_64_pc_windows_msvc = None
  cargo:rerun-if-env-changed=CFLAGS_x86_64-pc-windows-msvc
  CFLAGS_x86_64-pc-windows-msvc = None
  cargo:rerun-if-env-changed=CC_ENABLE_DEBUG_OUTPUT
  jitterentropy-base.c
  jitterentropy-gcd.c
  jitterentropy-health.c
  jitterentropy-noise.c
  jitterentropy-sha3.c
  jitterentropy-timer.c
  exit code: 0
  exit code: 0
  exit code: 0
  exit code: 0
  exit code: 0
  exit code: 0
  cargo:warning=NASM command not found or failed to execute.
  cargo:warning=NASM command not found or failed to execute.

  --- stderr

  thread 'main' (25624) panicked at C:\Users\rno41\.cargo\registry\src\index.crates.io-1949cf8c6b5b557f\aws-lc-sys-0.36.0\builder\nasm_builder.rs:138:13:
  NASM command not found! Build cannot continue.
  stack backtrace:
     0: std::panicking::panic_handler
               at /rustc/ed61e7d7e242494fb7057f2657300d9e77bb4fcb/library\std\src\panicking.rs:698
     1: core::panicking::panic_fmt
               at /rustc/ed61e7d7e242494fb7057f2657300d9e77bb4fcb/library\core\src\panicking.rs:75
     2: build_script_main::nasm_builder::NasmBuilder::compile_intermediates
     3: build_script_main::cc_builder::BuildOption::apply_cmake
     4: build_script_main::cc_builder::BuildOption::apply_cmake
     5: <build_script_main::cc_builder::CcBuilder as build_script_main::Builder>::build
     6: build_script_main::main
     7: core::ops::function::FnOnce::call_once
  note: Some details are omitted, run with `RUST_BACKTRACE=full` for a verbose backtrace.
warning: build failed, waiting for other jobs to finish...
    Checking compression-codecs v0.4.36
    Checking diesel v2.3.5
    Checking tower v0.5.3
    Checking hyper v1.8.1
    Checking async-compression v0.4.37
    Checking tokio-util v0.7.18
    Checking tower-http v0.6.8
    Checking hyper-util v0.1.19
    Checking axum v0.8.8
    Checking axum v0.7.9
    Checking axum-extra v0.12.5
    Checking Xuee v0.1.0 (C:\Users\rno41\Downloads\XUE\ap)
